2019-03-14 15:39:00.951 [main] INFO  com.sk.zl.ZlApplication - Starting ZlApplication on DESKTOP-BITI73K with PID 12444 (E:\ZL\ZLOnlineAnalysisSystem\target\classes started by admin in E:\ZL\ZLOnlineAnalysisSystem)
2019-03-14 15:39:00.954 [main] INFO  com.sk.zl.ZlApplication - The following profiles are active: dev
2019-03-14 15:39:01.571 [main] INFO  o.s.d.r.config.RepositoryConfigurationDelegate - Bootstrapping Spring Data repositories in DEFAULT mode.
2019-03-14 15:39:01.630 [main] INFO  o.s.d.r.config.RepositoryConfigurationDelegate - Finished Spring Data repository scanning in 54ms. Found 8 repository interfaces.
2019-03-14 15:39:01.630 [main] INFO  o.s.d.r.config.RepositoryConfigurationDelegate - Bootstrapping Spring Data repositories in DEFAULT mode.
2019-03-14 15:39:01.632 [main] INFO  o.s.d.r.config.RepositoryConfigurationDelegate - Finished Spring Data repository scanning in 1ms. Found 0 repository interfaces.
2019-03-14 15:39:01.935 [main] INFO  o.s.c.s.PostProcessorRegistrationDelegate$BeanPostProcessorChecker - Bean 'asyncTaskConfig' of type [com.sk.zl.config.base.AsyncTaskConfig$$EnhancerBySpringCGLIB$$fb55df10] is not eligible for getting processed by all BeanPostProcessors (for example: not eligible for auto-proxying)
2019-03-14 15:39:02.004 [main] INFO  o.s.c.s.PostProcessorRegistrationDelegate$BeanPostProcessorChecker - Bean 'org.springframework.transaction.annotation.ProxyTransactionManagementConfiguration' of type [org.springframework.transaction.annotation.ProxyTransactionManagementConfiguration$$EnhancerBySpringCGLIB$$dbe357ac] is not eligible for getting processed by all BeanPostProcessors (for example: not eligible for auto-proxying)
2019-03-14 15:39:02.303 [main] INFO  o.s.boot.web.embedded.tomcat.TomcatWebServer - Tomcat initialized with port(s): 9251 (http)
2019-03-14 15:39:02.314 [main] INFO  org.apache.coyote.http11.Http11NioProtocol - Initializing ProtocolHandler ["http-nio-9251"]
2019-03-14 15:39:02.321 [main] INFO  org.apache.catalina.core.StandardService - Starting service [Tomcat]
2019-03-14 15:39:02.322 [main] INFO  org.apache.catalina.core.StandardEngine - Starting Servlet engine: [Apache Tomcat/9.0.14]
2019-03-14 15:39:02.327 [main] INFO  org.apache.catalina.core.AprLifecycleListener - The APR based Apache Tomcat Native library which allows optimal performance in production environments was not found on the java.library.path: [C:\Program Files\Java\jdk1.8.0_161\bin;C:\WINDOWS\Sun\Java\bin;C:\WINDOWS\system32;C:\WINDOWS;C:\Program Files (x86)\Tirank\Janeos Client;C:\ProgramData\Oracle\Java\javapath;C:\Windows\system32;C:\Windows;C:\Windows\System32\Wbem;C:\Windows\System32\WindowsPowerShell\v1.0\;C:\Program Files\Git\cmd;C:\Program Files (x86)\scala\bin;C:\Program Files (x86)\scala\jre\bin;C:\Thrift;C:\apache-ant-1.10.1\bin;C:\Users\admin\.dnx\bin;C:\Program Files\Microsoft DNX\Dnvm\;C:\Program Files\Microsoft SQL Server\130\Tools\Binn\;C:\sbt\bin;C:\Program Files (x86)\NVIDIA Corporation\PhysX\Common;C:\Program Files (x86)\Windows Kits\8.1\Windows Performance Toolkit\;C:\Program Files (x86)\Windows Kits\10\Windows Performance Toolkit\;C:\Program Files (x86)\Windows Kits\10\bin\10.0.17134.0\x86\;C:\Program Files (x86)\Windows Kits\10\bin\10.0.17134.0\x64\;C:\WINDOWS\system32;C:\WINDOWS;C:\WINDOWS\System32\Wbem;C:\WINDOWS\System32\WindowsPowerShell\v1.0\;C:\WINDOWS\System32\OpenSSH\;C:\apache-maven-3.5.4-bin\bin;C:\Qt\Qt5.10.1\5.10.1\mingw53_32\bin;C:\mysql-5.7.24-winx64\bin;;C:\Program Files\Microsoft VS Code\bin;C:\Users\admin\AppData\Local\Programs\Python\Python37\Scripts\;C:\Users\admin\AppData\Local\Programs\Python\Python37\;C:\Program Files\Java\jdk1.8.0_161\bin;C:\Program Files\Java\jdk1.8.0_161\jre\bin;C:\apache-ant-1.10.1\bin;C:\sbt\bin;C:\Program Files\Bandizip\;C:\Program Files\Microsoft VS Code\bin;C:\Users\admin\AppData\Local\Microsoft\WindowsApps;;.]
2019-03-14 15:39:02.416 [main] INFO  o.a.c.core.ContainerBase.[Tomcat].[localhost].[/] - Initializing Spring embedded WebApplicationContext
2019-03-14 15:39:02.417 [main] INFO  org.springframework.web.context.ContextLoader - Root WebApplicationContext: initialization completed in 1430 ms
2019-03-14 15:39:02.421 [main] INFO  com.sk.zl.config.datasource.DruidConfig - 开始Druid Servlet初始化配置...
2019-03-14 15:39:52.973 [main] INFO  com.alibaba.druid.pool.DruidDataSource - {dataSource-1} inited
2019-03-14 15:39:53.868 [main] INFO  o.s.orm.jpa.LocalContainerEntityManagerFactoryBean - Initialized JPA EntityManagerFactory for persistence unit 'zlPersistenceUnit'
2019-03-14 15:39:54.004 [main] INFO  com.alibaba.druid.pool.DruidDataSource - {dataSource-2} inited
2019-03-14 15:39:54.024 [main] INFO  o.s.orm.jpa.LocalContainerEntityManagerFactoryBean - Initialized JPA EntityManagerFactory for persistence unit 'alarmPersistenceUnit'
2019-03-14 15:39:55.295 [main] INFO  s.d.s.w.PropertySourcedRequestMappingHandlerMapping - Mapped URL path [/v2/api-docs] onto method [public org.springframework.http.ResponseEntity<springfox.documentation.spring.web.json.Json> springfox.documentation.swagger2.web.Swagger2Controller.getDocumentation(java.lang.String,javax.servlet.http.HttpServletRequest)]
2019-03-14 15:39:55.385 [main] INFO  o.s.scheduling.concurrent.ThreadPoolTaskExecutor - Initializing ExecutorService 'applicationTaskExecutor'
2019-03-14 15:39:55.554 [main] INFO  s.d.s.web.plugins.DocumentationPluginsBootstrapper - Context refreshed
2019-03-14 15:39:55.567 [main] INFO  s.d.s.web.plugins.DocumentationPluginsBootstrapper - Found 1 custom documentation plugin(s)
2019-03-14 15:39:55.588 [main] INFO  s.d.spring.web.scanners.ApiListingReferenceScanner - Scanning for api listing references
2019-03-14 15:39:55.855 [main] INFO  org.apache.coyote.http11.Http11NioProtocol - Starting ProtocolHandler ["http-nio-9251"]
2019-03-14 15:39:55.878 [main] INFO  o.s.boot.web.embedded.tomcat.TomcatWebServer - Tomcat started on port(s): 9251 (http) with context path ''
2019-03-14 15:39:55.880 [main] INFO  com.sk.zl.ZlApplication - Started ZlApplication in 55.552 seconds (JVM running for 56.286)
2019-03-14 15:40:29.394 [http-nio-9251-exec-1] INFO  o.a.c.core.ContainerBase.[Tomcat].[localhost].[/] - Initializing Spring DispatcherServlet 'dispatcherServlet'
2019-03-14 15:40:29.395 [http-nio-9251-exec-1] INFO  org.springframework.web.servlet.DispatcherServlet - Initializing Servlet 'dispatcherServlet'
2019-03-14 15:40:29.403 [http-nio-9251-exec-1] INFO  org.springframework.web.servlet.DispatcherServlet - Completed initialization in 8 ms
2019-03-14 15:44:23.487 [main] INFO  com.sk.zl.ZlApplication - Starting ZlApplication on DESKTOP-BITI73K with PID 448 (E:\ZL\ZLOnlineAnalysisSystem\target\classes started by admin in E:\ZL\ZLOnlineAnalysisSystem)
2019-03-14 15:44:23.490 [main] INFO  com.sk.zl.ZlApplication - The following profiles are active: dev
2019-03-14 15:44:24.135 [main] INFO  o.s.d.r.config.RepositoryConfigurationDelegate - Bootstrapping Spring Data repositories in DEFAULT mode.
2019-03-14 15:44:24.214 [main] INFO  o.s.d.r.config.RepositoryConfigurationDelegate - Finished Spring Data repository scanning in 70ms. Found 8 repository interfaces.
2019-03-14 15:44:24.214 [main] INFO  o.s.d.r.config.RepositoryConfigurationDelegate - Bootstrapping Spring Data repositories in DEFAULT mode.
2019-03-14 15:44:24.215 [main] INFO  o.s.d.r.config.RepositoryConfigurationDelegate - Finished Spring Data repository scanning in 1ms. Found 0 repository interfaces.
2019-03-14 15:44:24.595 [main] INFO  o.s.c.s.PostProcessorRegistrationDelegate$BeanPostProcessorChecker - Bean 'asyncTaskConfig' of type [com.sk.zl.config.base.AsyncTaskConfig$$EnhancerBySpringCGLIB$$6cf80990] is not eligible for getting processed by all BeanPostProcessors (for example: not eligible for auto-proxying)
2019-03-14 15:44:24.684 [main] INFO  o.s.c.s.PostProcessorRegistrationDelegate$BeanPostProcessorChecker - Bean 'org.springframework.transaction.annotation.ProxyTransactionManagementConfiguration' of type [org.springframework.transaction.annotation.ProxyTransactionManagementConfiguration$$EnhancerBySpringCGLIB$$4d85822c] is not eligible for getting processed by all BeanPostProcessors (for example: not eligible for auto-proxying)
2019-03-14 15:44:25.007 [main] INFO  o.s.boot.web.embedded.tomcat.TomcatWebServer - Tomcat initialized with port(s): 9251 (http)
2019-03-14 15:44:25.020 [main] INFO  org.apache.coyote.http11.Http11NioProtocol - Initializing ProtocolHandler ["http-nio-9251"]
2019-03-14 15:44:25.029 [main] INFO  org.apache.catalina.core.StandardService - Starting service [Tomcat]
2019-03-14 15:44:25.029 [main] INFO  org.apache.catalina.core.StandardEngine - Starting Servlet engine: [Apache Tomcat/9.0.14]
2019-03-14 15:44:25.035 [main] INFO  org.apache.catalina.core.AprLifecycleListener - The APR based Apache Tomcat Native library which allows optimal performance in production environments was not found on the java.library.path: [C:\Program Files\Java\jdk1.8.0_161\bin;C:\WINDOWS\Sun\Java\bin;C:\WINDOWS\system32;C:\WINDOWS;C:\Program Files (x86)\Tirank\Janeos Client;C:\ProgramData\Oracle\Java\javapath;C:\Windows\system32;C:\Windows;C:\Windows\System32\Wbem;C:\Windows\System32\WindowsPowerShell\v1.0\;C:\Program Files\Git\cmd;C:\Program Files (x86)\scala\bin;C:\Program Files (x86)\scala\jre\bin;C:\Thrift;C:\apache-ant-1.10.1\bin;C:\Users\admin\.dnx\bin;C:\Program Files\Microsoft DNX\Dnvm\;C:\Program Files\Microsoft SQL Server\130\Tools\Binn\;C:\sbt\bin;C:\Program Files (x86)\NVIDIA Corporation\PhysX\Common;C:\Program Files (x86)\Windows Kits\8.1\Windows Performance Toolkit\;C:\Program Files (x86)\Windows Kits\10\Windows Performance Toolkit\;C:\Program Files (x86)\Windows Kits\10\bin\10.0.17134.0\x86\;C:\Program Files (x86)\Windows Kits\10\bin\10.0.17134.0\x64\;C:\WINDOWS\system32;C:\WINDOWS;C:\WINDOWS\System32\Wbem;C:\WINDOWS\System32\WindowsPowerShell\v1.0\;C:\WINDOWS\System32\OpenSSH\;C:\apache-maven-3.5.4-bin\bin;C:\Qt\Qt5.10.1\5.10.1\mingw53_32\bin;C:\mysql-5.7.24-winx64\bin;;C:\Program Files\Microsoft VS Code\bin;C:\Users\admin\AppData\Local\Programs\Python\Python37\Scripts\;C:\Users\admin\AppData\Local\Programs\Python\Python37\;C:\Program Files\Java\jdk1.8.0_161\bin;C:\Program Files\Java\jdk1.8.0_161\jre\bin;C:\apache-ant-1.10.1\bin;C:\sbt\bin;C:\Program Files\Bandizip\;C:\Program Files\Microsoft VS Code\bin;C:\Users\admin\AppData\Local\Microsoft\WindowsApps;;.]
2019-03-14 15:44:25.146 [main] INFO  o.a.c.core.ContainerBase.[Tomcat].[localhost].[/] - Initializing Spring embedded WebApplicationContext
2019-03-14 15:44:25.147 [main] INFO  org.springframework.web.context.ContextLoader - Root WebApplicationContext: initialization completed in 1619 ms
2019-03-14 15:44:25.152 [main] INFO  com.sk.zl.config.datasource.DruidConfig - 开始Druid Servlet初始化配置...
2019-03-14 15:44:25.686 [main] INFO  com.alibaba.druid.pool.DruidDataSource - {dataSource-1} inited
2019-03-14 15:44:26.833 [main] INFO  o.s.orm.jpa.LocalContainerEntityManagerFactoryBean - Initialized JPA EntityManagerFactory for persistence unit 'zlPersistenceUnit'
2019-03-14 15:44:26.965 [main] INFO  com.alibaba.druid.pool.DruidDataSource - {dataSource-2} inited
2019-03-14 15:44:26.988 [main] INFO  o.s.orm.jpa.LocalContainerEntityManagerFactoryBean - Initialized JPA EntityManagerFactory for persistence unit 'alarmPersistenceUnit'
2019-03-14 15:44:28.705 [main] INFO  s.d.s.w.PropertySourcedRequestMappingHandlerMapping - Mapped URL path [/v2/api-docs] onto method [public org.springframework.http.ResponseEntity<springfox.documentation.spring.web.json.Json> springfox.documentation.swagger2.web.Swagger2Controller.getDocumentation(java.lang.String,javax.servlet.http.HttpServletRequest)]
2019-03-14 15:44:28.829 [main] INFO  o.s.scheduling.concurrent.ThreadPoolTaskExecutor - Initializing ExecutorService 'applicationTaskExecutor'
2019-03-14 15:44:29.016 [main] INFO  s.d.s.web.plugins.DocumentationPluginsBootstrapper - Context refreshed
2019-03-14 15:44:29.035 [main] INFO  s.d.s.web.plugins.DocumentationPluginsBootstrapper - Found 1 custom documentation plugin(s)
2019-03-14 15:44:29.062 [main] INFO  s.d.spring.web.scanners.ApiListingReferenceScanner - Scanning for api listing references
2019-03-14 15:44:29.354 [main] INFO  org.apache.coyote.http11.Http11NioProtocol - Starting ProtocolHandler ["http-nio-9251"]
2019-03-14 15:44:29.380 [main] INFO  o.s.boot.web.embedded.tomcat.TomcatWebServer - Tomcat started on port(s): 9251 (http) with context path ''
2019-03-14 15:44:29.382 [main] INFO  com.sk.zl.ZlApplication - Started ZlApplication in 6.674 seconds (JVM running for 8.124)
2019-03-14 15:45:32.074 [http-nio-9251-exec-1] INFO  o.a.c.core.ContainerBase.[Tomcat].[localhost].[/] - Initializing Spring DispatcherServlet 'dispatcherServlet'
2019-03-14 15:45:32.074 [http-nio-9251-exec-1] INFO  org.springframework.web.servlet.DispatcherServlet - Initializing Servlet 'dispatcherServlet'
2019-03-14 15:45:32.084 [http-nio-9251-exec-1] INFO  org.springframework.web.servlet.DispatcherServlet - Completed initialization in 10 ms
2019-03-14 15:53:01.924 [main] INFO  com.sk.zl.ZlApplication - Starting ZlApplication on DESKTOP-BITI73K with PID 6568 (E:\ZL\ZLOnlineAnalysisSystem\target\classes started by admin in E:\ZL\ZLOnlineAnalysisSystem)
2019-03-14 15:53:01.930 [main] INFO  com.sk.zl.ZlApplication - The following profiles are active: dev
2019-03-14 15:53:02.607 [main] INFO  o.s.d.r.config.RepositoryConfigurationDelegate - Bootstrapping Spring Data repositories in DEFAULT mode.
2019-03-14 15:53:02.664 [main] INFO  o.s.d.r.config.RepositoryConfigurationDelegate - Finished Spring Data repository scanning in 52ms. Found 8 repository interfaces.
2019-03-14 15:53:02.664 [main] INFO  o.s.d.r.config.RepositoryConfigurationDelegate - Bootstrapping Spring Data repositories in DEFAULT mode.
2019-03-14 15:53:02.665 [main] INFO  o.s.d.r.config.RepositoryConfigurationDelegate - Finished Spring Data repository scanning in 1ms. Found 0 repository interfaces.
2019-03-14 15:53:02.977 [main] INFO  o.s.c.s.PostProcessorRegistrationDelegate$BeanPostProcessorChecker - Bean 'asyncTaskConfig' of type [com.sk.zl.config.base.AsyncTaskConfig$$EnhancerBySpringCGLIB$$dabe028b] is not eligible for getting processed by all BeanPostProcessors (for example: not eligible for auto-proxying)
2019-03-14 15:53:03.049 [main] INFO  o.s.c.s.PostProcessorRegistrationDelegate$BeanPostProcessorChecker - Bean 'org.springframework.transaction.annotation.ProxyTransactionManagementConfiguration' of type [org.springframework.transaction.annotation.ProxyTransactionManagementConfiguration$$EnhancerBySpringCGLIB$$bb4b7b27] is not eligible for getting processed by all BeanPostProcessors (for example: not eligible for auto-proxying)
2019-03-14 15:53:03.307 [main] INFO  o.s.boot.web.embedded.tomcat.TomcatWebServer - Tomcat initialized with port(s): 9251 (http)
2019-03-14 15:53:03.317 [main] INFO  org.apache.coyote.http11.Http11NioProtocol - Initializing ProtocolHandler ["http-nio-9251"]
2019-03-14 15:53:03.324 [main] INFO  org.apache.catalina.core.StandardService - Starting service [Tomcat]
2019-03-14 15:53:03.325 [main] INFO  org.apache.catalina.core.StandardEngine - Starting Servlet engine: [Apache Tomcat/9.0.14]
2019-03-14 15:53:03.330 [main] INFO  org.apache.catalina.core.AprLifecycleListener - The APR based Apache Tomcat Native library which allows optimal performance in production environments was not found on the java.library.path: [C:\Program Files\Java\jdk1.8.0_161\bin;C:\WINDOWS\Sun\Java\bin;C:\WINDOWS\system32;C:\WINDOWS;C:\Program Files (x86)\Tirank\Janeos Client;C:\ProgramData\Oracle\Java\javapath;C:\Windows\system32;C:\Windows;C:\Windows\System32\Wbem;C:\Windows\System32\WindowsPowerShell\v1.0\;C:\Program Files\Git\cmd;C:\Program Files (x86)\scala\bin;C:\Program Files (x86)\scala\jre\bin;C:\Thrift;C:\apache-ant-1.10.1\bin;C:\Users\admin\.dnx\bin;C:\Program Files\Microsoft DNX\Dnvm\;C:\Program Files\Microsoft SQL Server\130\Tools\Binn\;C:\sbt\bin;C:\Program Files (x86)\NVIDIA Corporation\PhysX\Common;C:\Program Files (x86)\Windows Kits\8.1\Windows Performance Toolkit\;C:\Program Files (x86)\Windows Kits\10\Windows Performance Toolkit\;C:\Program Files (x86)\Windows Kits\10\bin\10.0.17134.0\x86\;C:\Program Files (x86)\Windows Kits\10\bin\10.0.17134.0\x64\;C:\WINDOWS\system32;C:\WINDOWS;C:\WINDOWS\System32\Wbem;C:\WINDOWS\System32\WindowsPowerShell\v1.0\;C:\WINDOWS\System32\OpenSSH\;C:\apache-maven-3.5.4-bin\bin;C:\Qt\Qt5.10.1\5.10.1\mingw53_32\bin;C:\mysql-5.7.24-winx64\bin;;C:\Program Files\Microsoft VS Code\bin;C:\Users\admin\AppData\Local\Programs\Python\Python37\Scripts\;C:\Users\admin\AppData\Local\Programs\Python\Python37\;C:\Program Files\Java\jdk1.8.0_161\bin;C:\Program Files\Java\jdk1.8.0_161\jre\bin;C:\apache-ant-1.10.1\bin;C:\sbt\bin;C:\Program Files\Bandizip\;C:\Program Files\Microsoft VS Code\bin;C:\Users\admin\AppData\Local\Microsoft\WindowsApps;;.]
2019-03-14 15:53:03.431 [main] INFO  o.a.c.core.ContainerBase.[Tomcat].[localhost].[/] - Initializing Spring embedded WebApplicationContext
2019-03-14 15:53:03.431 [main] INFO  org.springframework.web.context.ContextLoader - Root WebApplicationContext: initialization completed in 1445 ms
2019-03-14 15:53:03.435 [main] INFO  com.sk.zl.config.datasource.DruidConfig - 开始Druid Servlet初始化配置...
2019-03-14 15:53:03.963 [main] INFO  com.alibaba.druid.pool.DruidDataSource - {dataSource-1} inited
2019-03-14 15:53:04.868 [main] INFO  o.s.orm.jpa.LocalContainerEntityManagerFactoryBean - Initialized JPA EntityManagerFactory for persistence unit 'zlPersistenceUnit'
2019-03-14 15:53:05.000 [main] INFO  com.alibaba.druid.pool.DruidDataSource - {dataSource-2} inited
2019-03-14 15:53:05.019 [main] INFO  o.s.orm.jpa.LocalContainerEntityManagerFactoryBean - Initialized JPA EntityManagerFactory for persistence unit 'alarmPersistenceUnit'
2019-03-14 15:53:06.319 [main] INFO  s.d.s.w.PropertySourcedRequestMappingHandlerMapping - Mapped URL path [/v2/api-docs] onto method [public org.springframework.http.ResponseEntity<springfox.documentation.spring.web.json.Json> springfox.documentation.swagger2.web.Swagger2Controller.getDocumentation(java.lang.String,javax.servlet.http.HttpServletRequest)]
2019-03-14 15:53:06.406 [main] INFO  o.s.scheduling.concurrent.ThreadPoolTaskExecutor - Initializing ExecutorService 'applicationTaskExecutor'
2019-03-14 15:53:06.561 [main] INFO  s.d.s.web.plugins.DocumentationPluginsBootstrapper - Context refreshed
2019-03-14 15:53:06.573 [main] INFO  s.d.s.web.plugins.DocumentationPluginsBootstrapper - Found 1 custom documentation plugin(s)
2019-03-14 15:53:06.593 [main] INFO  s.d.spring.web.scanners.ApiListingReferenceScanner - Scanning for api listing references
2019-03-14 15:53:06.835 [main] INFO  org.apache.coyote.http11.Http11NioProtocol - Starting ProtocolHandler ["http-nio-9251"]
2019-03-14 15:53:06.856 [main] INFO  o.s.boot.web.embedded.tomcat.TomcatWebServer - Tomcat started on port(s): 9251 (http) with context path ''
2019-03-14 15:53:06.857 [main] INFO  com.sk.zl.ZlApplication - Started ZlApplication in 5.559 seconds (JVM running for 6.312)
2019-03-14 15:53:16.069 [http-nio-9251-exec-1] INFO  o.a.c.core.ContainerBase.[Tomcat].[localhost].[/] - Initializing Spring DispatcherServlet 'dispatcherServlet'
2019-03-14 15:53:16.069 [http-nio-9251-exec-1] INFO  org.springframework.web.servlet.DispatcherServlet - Initializing Servlet 'dispatcherServlet'
2019-03-14 15:53:16.079 [http-nio-9251-exec-1] INFO  org.springframework.web.servlet.DispatcherServlet - Completed initialization in 10 ms
2019-03-14 17:29:20.225 [main] INFO  com.sk.zl.ZlApplication - Starting ZlApplication on DESKTOP-BITI73K with PID 12744 (E:\ZL\ZLOnlineAnalysisSystem\target\classes started by admin in E:\ZL\ZLOnlineAnalysisSystem)
2019-03-14 17:29:20.227 [main] INFO  com.sk.zl.ZlApplication - The following profiles are active: dev
2019-03-14 17:29:21.434 [main] INFO  o.s.d.r.config.RepositoryConfigurationDelegate - Bootstrapping Spring Data repositories in DEFAULT mode.
2019-03-14 17:29:21.502 [main] INFO  o.s.d.r.config.RepositoryConfigurationDelegate - Finished Spring Data repository scanning in 62ms. Found 8 repository interfaces.
2019-03-14 17:29:21.503 [main] INFO  o.s.d.r.config.RepositoryConfigurationDelegate - Bootstrapping Spring Data repositories in DEFAULT mode.
2019-03-14 17:29:21.512 [main] INFO  o.s.d.r.config.RepositoryConfigurationDelegate - Finished Spring Data repository scanning in 9ms. Found 4 repository interfaces.
2019-03-14 17:29:21.848 [main] INFO  o.s.c.s.PostProcessorRegistrationDelegate$BeanPostProcessorChecker - Bean 'asyncTaskConfig' of type [com.sk.zl.config.base.AsyncTaskConfig$$EnhancerBySpringCGLIB$$69e80fe1] is not eligible for getting processed by all BeanPostProcessors (for example: not eligible for auto-proxying)
2019-03-14 17:29:21.920 [main] INFO  o.s.c.s.PostProcessorRegistrationDelegate$BeanPostProcessorChecker - Bean 'org.springframework.transaction.annotation.ProxyTransactionManagementConfiguration' of type [org.springframework.transaction.annotation.ProxyTransactionManagementConfiguration$$EnhancerBySpringCGLIB$$4a75887d] is not eligible for getting processed by all BeanPostProcessors (for example: not eligible for auto-proxying)
2019-03-14 17:29:22.308 [main] INFO  o.s.boot.web.embedded.tomcat.TomcatWebServer - Tomcat initialized with port(s): 9251 (http)
2019-03-14 17:29:22.320 [main] INFO  org.apache.coyote.http11.Http11NioProtocol - Initializing ProtocolHandler ["http-nio-9251"]
2019-03-14 17:29:22.328 [main] INFO  org.apache.catalina.core.StandardService - Starting service [Tomcat]
2019-03-14 17:29:22.328 [main] INFO  org.apache.catalina.core.StandardEngine - Starting Servlet engine: [Apache Tomcat/9.0.14]
2019-03-14 17:29:22.333 [main] INFO  org.apache.catalina.core.AprLifecycleListener - The APR based Apache Tomcat Native library which allows optimal performance in production environments was not found on the java.library.path: [C:\Program Files\Java\jdk1.8.0_161\bin;C:\WINDOWS\Sun\Java\bin;C:\WINDOWS\system32;C:\WINDOWS;C:\Program Files (x86)\Tirank\Janeos Client;C:\ProgramData\Oracle\Java\javapath;C:\Windows\system32;C:\Windows;C:\Windows\System32\Wbem;C:\Windows\System32\WindowsPowerShell\v1.0\;C:\Program Files\Git\cmd;C:\Program Files (x86)\scala\bin;C:\Program Files (x86)\scala\jre\bin;C:\Thrift;C:\apache-ant-1.10.1\bin;C:\Users\admin\.dnx\bin;C:\Program Files\Microsoft DNX\Dnvm\;C:\Program Files\Microsoft SQL Server\130\Tools\Binn\;C:\sbt\bin;C:\Program Files (x86)\NVIDIA Corporation\PhysX\Common;C:\Program Files (x86)\Windows Kits\8.1\Windows Performance Toolkit\;C:\Program Files (x86)\Windows Kits\10\Windows Performance Toolkit\;C:\Program Files (x86)\Windows Kits\10\bin\10.0.17134.0\x86\;C:\Program Files (x86)\Windows Kits\10\bin\10.0.17134.0\x64\;C:\WINDOWS\system32;C:\WINDOWS;C:\WINDOWS\System32\Wbem;C:\WINDOWS\System32\WindowsPowerShell\v1.0\;C:\WINDOWS\System32\OpenSSH\;C:\apache-maven-3.5.4-bin\bin;C:\Qt\Qt5.10.1\5.10.1\mingw53_32\bin;C:\mysql-5.7.24-winx64\bin;;C:\Program Files\Microsoft VS Code\bin;C:\Users\admin\AppData\Local\Programs\Python\Python37\Scripts\;C:\Users\admin\AppData\Local\Programs\Python\Python37\;C:\Program Files\Java\jdk1.8.0_161\bin;C:\Program Files\Java\jdk1.8.0_161\jre\bin;C:\apache-ant-1.10.1\bin;C:\sbt\bin;C:\Program Files\Bandizip\;C:\Program Files\Microsoft VS Code\bin;C:\Users\admin\AppData\Local\Microsoft\WindowsApps;;.]
2019-03-14 17:29:22.472 [main] INFO  o.a.c.core.ContainerBase.[Tomcat].[localhost].[/] - Initializing Spring embedded WebApplicationContext
2019-03-14 17:29:22.472 [main] INFO  org.springframework.web.context.ContextLoader - Root WebApplicationContext: initialization completed in 2143 ms
2019-03-14 17:29:22.476 [main] INFO  com.sk.zl.config.datasource.DruidConfig - 开始Druid Servlet初始化配置...
2019-03-14 17:29:23.056 [main] INFO  com.alibaba.druid.pool.DruidDataSource - {dataSource-1} inited
2019-03-14 17:29:24.533 [main] INFO  o.s.orm.jpa.LocalContainerEntityManagerFactoryBean - Initialized JPA EntityManagerFactory for persistence unit 'zlPersistenceUnit'
2019-03-14 17:29:24.657 [main] INFO  com.alibaba.druid.pool.DruidDataSource - {dataSource-2} inited
2019-03-14 17:29:24.668 [main] INFO  o.s.orm.jpa.LocalContainerEntityManagerFactoryBean - Initialized JPA EntityManagerFactory for persistence unit 'alarmPersistenceUnit'
2019-03-14 17:29:26.122 [main] INFO  o.s.orm.jpa.LocalContainerEntityManagerFactoryBean - Closing JPA EntityManagerFactory for persistence unit 'alarmPersistenceUnit'
2019-03-14 17:29:26.124 [main] INFO  com.alibaba.druid.pool.DruidDataSource - {dataSource-2} closed
2019-03-14 17:29:26.124 [main] INFO  o.s.orm.jpa.LocalContainerEntityManagerFactoryBean - Closing JPA EntityManagerFactory for persistence unit 'zlPersistenceUnit'
2019-03-14 17:29:26.125 [main] INFO  com.alibaba.druid.pool.DruidDataSource - {dataSource-1} closed
2019-03-14 17:29:26.126 [main] INFO  org.apache.catalina.core.StandardService - Stopping service [Tomcat]
2019-03-14 17:29:26.135 [main] INFO  o.s.b.a.l.ConditionEvaluationReportLoggingListener - 

Error starting ApplicationContext. To display the conditions report re-run your application with 'debug' enabled.
2019-03-14 17:31:50.638 [main] INFO  com.sk.zl.ZlApplication - Starting ZlApplication on DESKTOP-BITI73K with PID 11964 (E:\ZL\ZLOnlineAnalysisSystem\target\classes started by admin in E:\ZL\ZLOnlineAnalysisSystem)
2019-03-14 17:31:50.640 [main] INFO  com.sk.zl.ZlApplication - The following profiles are active: dev
2019-03-14 17:31:51.372 [main] INFO  o.s.d.r.config.RepositoryConfigurationDelegate - Bootstrapping Spring Data repositories in DEFAULT mode.
2019-03-14 17:31:51.434 [main] INFO  o.s.d.r.config.RepositoryConfigurationDelegate - Finished Spring Data repository scanning in 57ms. Found 8 repository interfaces.
2019-03-14 17:31:51.434 [main] INFO  o.s.d.r.config.RepositoryConfigurationDelegate - Bootstrapping Spring Data repositories in DEFAULT mode.
2019-03-14 17:31:51.443 [main] INFO  o.s.d.r.config.RepositoryConfigurationDelegate - Finished Spring Data repository scanning in 8ms. Found 4 repository interfaces.
2019-03-14 17:31:51.754 [main] INFO  o.s.c.s.PostProcessorRegistrationDelegate$BeanPostProcessorChecker - Bean 'asyncTaskConfig' of type [com.sk.zl.config.base.AsyncTaskConfig$$EnhancerBySpringCGLIB$$69e80fe1] is not eligible for getting processed by all BeanPostProcessors (for example: not eligible for auto-proxying)
2019-03-14 17:31:51.827 [main] INFO  o.s.c.s.PostProcessorRegistrationDelegate$BeanPostProcessorChecker - Bean 'org.springframework.transaction.annotation.ProxyTransactionManagementConfiguration' of type [org.springframework.transaction.annotation.ProxyTransactionManagementConfiguration$$EnhancerBySpringCGLIB$$4a75887d] is not eligible for getting processed by all BeanPostProcessors (for example: not eligible for auto-proxying)
2019-03-14 17:31:52.095 [main] INFO  o.s.boot.web.embedded.tomcat.TomcatWebServer - Tomcat initialized with port(s): 9251 (http)
2019-03-14 17:31:52.106 [main] INFO  org.apache.coyote.http11.Http11NioProtocol - Initializing ProtocolHandler ["http-nio-9251"]
2019-03-14 17:31:52.112 [main] INFO  org.apache.catalina.core.StandardService - Starting service [Tomcat]
2019-03-14 17:31:52.113 [main] INFO  org.apache.catalina.core.StandardEngine - Starting Servlet engine: [Apache Tomcat/9.0.14]
2019-03-14 17:31:52.117 [main] INFO  org.apache.catalina.core.AprLifecycleListener - The APR based Apache Tomcat Native library which allows optimal performance in production environments was not found on the java.library.path: [C:\Program Files\Java\jdk1.8.0_161\bin;C:\WINDOWS\Sun\Java\bin;C:\WINDOWS\system32;C:\WINDOWS;C:\Program Files (x86)\Tirank\Janeos Client;C:\ProgramData\Oracle\Java\javapath;C:\Windows\system32;C:\Windows;C:\Windows\System32\Wbem;C:\Windows\System32\WindowsPowerShell\v1.0\;C:\Program Files\Git\cmd;C:\Program Files (x86)\scala\bin;C:\Program Files (x86)\scala\jre\bin;C:\Thrift;C:\apache-ant-1.10.1\bin;C:\Users\admin\.dnx\bin;C:\Program Files\Microsoft DNX\Dnvm\;C:\Program Files\Microsoft SQL Server\130\Tools\Binn\;C:\sbt\bin;C:\Program Files (x86)\NVIDIA Corporation\PhysX\Common;C:\Program Files (x86)\Windows Kits\8.1\Windows Performance Toolkit\;C:\Program Files (x86)\Windows Kits\10\Windows Performance Toolkit\;C:\Program Files (x86)\Windows Kits\10\bin\10.0.17134.0\x86\;C:\Program Files (x86)\Windows Kits\10\bin\10.0.17134.0\x64\;C:\WINDOWS\system32;C:\WINDOWS;C:\WINDOWS\System32\Wbem;C:\WINDOWS\System32\WindowsPowerShell\v1.0\;C:\WINDOWS\System32\OpenSSH\;C:\apache-maven-3.5.4-bin\bin;C:\Qt\Qt5.10.1\5.10.1\mingw53_32\bin;C:\mysql-5.7.24-winx64\bin;;C:\Program Files\Microsoft VS Code\bin;C:\Users\admin\AppData\Local\Programs\Python\Python37\Scripts\;C:\Users\admin\AppData\Local\Programs\Python\Python37\;C:\Program Files\Java\jdk1.8.0_161\bin;C:\Program Files\Java\jdk1.8.0_161\jre\bin;C:\apache-ant-1.10.1\bin;C:\sbt\bin;C:\Program Files\Bandizip\;C:\Program Files\Microsoft VS Code\bin;C:\Users\admin\AppData\Local\Microsoft\WindowsApps;;.]
2019-03-14 17:31:52.225 [main] INFO  o.a.c.core.ContainerBase.[Tomcat].[localhost].[/] - Initializing Spring embedded WebApplicationContext
2019-03-14 17:31:52.226 [main] INFO  org.springframework.web.context.ContextLoader - Root WebApplicationContext: initialization completed in 1491 ms
2019-03-14 17:31:52.230 [main] INFO  com.sk.zl.config.datasource.DruidConfig - 开始Druid Servlet初始化配置...
2019-03-14 17:31:52.701 [main] INFO  com.alibaba.druid.pool.DruidDataSource - {dataSource-1} inited
2019-03-14 17:31:53.590 [main] INFO  o.s.orm.jpa.LocalContainerEntityManagerFactoryBean - Initialized JPA EntityManagerFactory for persistence unit 'zlPersistenceUnit'
2019-03-14 17:31:53.709 [main] INFO  com.alibaba.druid.pool.DruidDataSource - {dataSource-2} inited
2019-03-14 17:31:53.720 [main] INFO  o.s.orm.jpa.LocalContainerEntityManagerFactoryBean - Initialized JPA EntityManagerFactory for persistence unit 'alarmPersistenceUnit'
2019-03-14 17:31:54.613 [main] INFO  o.s.orm.jpa.LocalContainerEntityManagerFactoryBean - Closing JPA EntityManagerFactory for persistence unit 'alarmPersistenceUnit'
2019-03-14 17:31:54.615 [main] INFO  com.alibaba.druid.pool.DruidDataSource - {dataSource-2} closed
2019-03-14 17:31:54.615 [main] INFO  o.s.orm.jpa.LocalContainerEntityManagerFactoryBean - Closing JPA EntityManagerFactory for persistence unit 'zlPersistenceUnit'
2019-03-14 17:31:54.616 [main] INFO  com.alibaba.druid.pool.DruidDataSource - {dataSource-1} closed
2019-03-14 17:31:54.617 [main] INFO  org.apache.catalina.core.StandardService - Stopping service [Tomcat]
2019-03-14 17:31:54.625 [main] INFO  o.s.b.a.l.ConditionEvaluationReportLoggingListener - 

Error starting ApplicationContext. To display the conditions report re-run your application with 'debug' enabled.
2019-03-14 17:33:13.364 [main] INFO  com.sk.zl.ZlApplication - Starting ZlApplication on DESKTOP-BITI73K with PID 9600 (E:\ZL\ZLOnlineAnalysisSystem\target\classes started by admin in E:\ZL\ZLOnlineAnalysisSystem)
2019-03-14 17:33:13.366 [main] INFO  com.sk.zl.ZlApplication - The following profiles are active: dev
2019-03-14 17:33:13.971 [main] INFO  o.s.d.r.config.RepositoryConfigurationDelegate - Bootstrapping Spring Data repositories in DEFAULT mode.
2019-03-14 17:33:14.030 [main] INFO  o.s.d.r.config.RepositoryConfigurationDelegate - Finished Spring Data repository scanning in 53ms. Found 8 repository interfaces.
2019-03-14 17:33:14.030 [main] INFO  o.s.d.r.config.RepositoryConfigurationDelegate - Bootstrapping Spring Data repositories in DEFAULT mode.
2019-03-14 17:33:14.040 [main] INFO  o.s.d.r.config.RepositoryConfigurationDelegate - Finished Spring Data repository scanning in 10ms. Found 4 repository interfaces.
2019-03-14 17:33:14.344 [main] INFO  o.s.c.s.PostProcessorRegistrationDelegate$BeanPostProcessorChecker - Bean 'asyncTaskConfig' of type [com.sk.zl.config.base.AsyncTaskConfig$$EnhancerBySpringCGLIB$$172d4094] is not eligible for getting processed by all BeanPostProcessors (for example: not eligible for auto-proxying)
2019-03-14 17:33:14.411 [main] INFO  o.s.c.s.PostProcessorRegistrationDelegate$BeanPostProcessorChecker - Bean 'org.springframework.transaction.annotation.ProxyTransactionManagementConfiguration' of type [org.springframework.transaction.annotation.ProxyTransactionManagementConfiguration$$EnhancerBySpringCGLIB$$f7bab930] is not eligible for getting processed by all BeanPostProcessors (for example: not eligible for auto-proxying)
2019-03-14 17:33:14.680 [main] INFO  o.s.boot.web.embedded.tomcat.TomcatWebServer - Tomcat initialized with port(s): 9251 (http)
2019-03-14 17:33:14.690 [main] INFO  org.apache.coyote.http11.Http11NioProtocol - Initializing ProtocolHandler ["http-nio-9251"]
2019-03-14 17:33:14.697 [main] INFO  org.apache.catalina.core.StandardService - Starting service [Tomcat]
2019-03-14 17:33:14.698 [main] INFO  org.apache.catalina.core.StandardEngine - Starting Servlet engine: [Apache Tomcat/9.0.14]
2019-03-14 17:33:14.703 [main] INFO  org.apache.catalina.core.AprLifecycleListener - The APR based Apache Tomcat Native library which allows optimal performance in production environments was not found on the java.library.path: [C:\Program Files\Java\jdk1.8.0_161\bin;C:\WINDOWS\Sun\Java\bin;C:\WINDOWS\system32;C:\WINDOWS;C:\Program Files (x86)\Tirank\Janeos Client;C:\ProgramData\Oracle\Java\javapath;C:\Windows\system32;C:\Windows;C:\Windows\System32\Wbem;C:\Windows\System32\WindowsPowerShell\v1.0\;C:\Program Files\Git\cmd;C:\Program Files (x86)\scala\bin;C:\Program Files (x86)\scala\jre\bin;C:\Thrift;C:\apache-ant-1.10.1\bin;C:\Users\admin\.dnx\bin;C:\Program Files\Microsoft DNX\Dnvm\;C:\Program Files\Microsoft SQL Server\130\Tools\Binn\;C:\sbt\bin;C:\Program Files (x86)\NVIDIA Corporation\PhysX\Common;C:\Program Files (x86)\Windows Kits\8.1\Windows Performance Toolkit\;C:\Program Files (x86)\Windows Kits\10\Windows Performance Toolkit\;C:\Program Files (x86)\Windows Kits\10\bin\10.0.17134.0\x86\;C:\Program Files (x86)\Windows Kits\10\bin\10.0.17134.0\x64\;C:\WINDOWS\system32;C:\WINDOWS;C:\WINDOWS\System32\Wbem;C:\WINDOWS\System32\WindowsPowerShell\v1.0\;C:\WINDOWS\System32\OpenSSH\;C:\apache-maven-3.5.4-bin\bin;C:\Qt\Qt5.10.1\5.10.1\mingw53_32\bin;C:\mysql-5.7.24-winx64\bin;;C:\Program Files\Microsoft VS Code\bin;C:\Users\admin\AppData\Local\Programs\Python\Python37\Scripts\;C:\Users\admin\AppData\Local\Programs\Python\Python37\;C:\Program Files\Java\jdk1.8.0_161\bin;C:\Program Files\Java\jdk1.8.0_161\jre\bin;C:\apache-ant-1.10.1\bin;C:\sbt\bin;C:\Program Files\Bandizip\;C:\Program Files\Microsoft VS Code\bin;C:\Users\admin\AppData\Local\Microsoft\WindowsApps;;.]
2019-03-14 17:33:14.791 [main] INFO  o.a.c.core.ContainerBase.[Tomcat].[localhost].[/] - Initializing Spring embedded WebApplicationContext
2019-03-14 17:33:14.791 [main] INFO  org.springframework.web.context.ContextLoader - Root WebApplicationContext: initialization completed in 1394 ms
2019-03-14 17:33:14.795 [main] INFO  com.sk.zl.config.datasource.DruidConfig - 开始Druid Servlet初始化配置...
2019-03-14 17:33:15.281 [main] INFO  com.alibaba.druid.pool.DruidDataSource - {dataSource-1} inited
2019-03-14 17:33:16.161 [main] INFO  o.s.orm.jpa.LocalContainerEntityManagerFactoryBean - Initialized JPA EntityManagerFactory for persistence unit 'zlPersistenceUnit'
2019-03-14 17:33:16.278 [main] INFO  com.alibaba.druid.pool.DruidDataSource - {dataSource-2} inited
2019-03-14 17:33:16.289 [main] INFO  o.s.orm.jpa.LocalContainerEntityManagerFactoryBean - Initialized JPA EntityManagerFactory for persistence unit 'alarmPersistenceUnit'
2019-03-14 17:33:17.149 [main] INFO  o.s.orm.jpa.LocalContainerEntityManagerFactoryBean - Closing JPA EntityManagerFactory for persistence unit 'alarmPersistenceUnit'
2019-03-14 17:33:17.151 [main] INFO  com.alibaba.druid.pool.DruidDataSource - {dataSource-2} closed
2019-03-14 17:33:17.151 [main] INFO  o.s.orm.jpa.LocalContainerEntityManagerFactoryBean - Closing JPA EntityManagerFactory for persistence unit 'zlPersistenceUnit'
2019-03-14 17:33:17.155 [main] INFO  com.alibaba.druid.pool.DruidDataSource - {dataSource-1} closed
2019-03-14 17:33:17.156 [main] INFO  org.apache.catalina.core.StandardService - Stopping service [Tomcat]
2019-03-14 17:33:17.165 [main] INFO  o.s.b.a.l.ConditionEvaluationReportLoggingListener - 

Error starting ApplicationContext. To display the conditions report re-run your application with 'debug' enabled.
2019-03-14 17:35:54.608 [main] INFO  com.sk.zl.ZlApplication - Starting ZlApplication on DESKTOP-BITI73K with PID 9988 (E:\ZL\ZLOnlineAnalysisSystem\target\classes started by admin in E:\ZL\ZLOnlineAnalysisSystem)
2019-03-14 17:35:54.610 [main] INFO  com.sk.zl.ZlApplication - The following profiles are active: dev
2019-03-14 17:35:55.330 [main] INFO  o.s.d.r.config.RepositoryConfigurationDelegate - Bootstrapping Spring Data repositories in DEFAULT mode.
2019-03-14 17:35:55.390 [main] INFO  o.s.d.r.config.RepositoryConfigurationDelegate - Finished Spring Data repository scanning in 55ms. Found 8 repository interfaces.
2019-03-14 17:35:55.390 [main] INFO  o.s.d.r.config.RepositoryConfigurationDelegate - Bootstrapping Spring Data repositories in DEFAULT mode.
2019-03-14 17:35:55.399 [main] INFO  o.s.d.r.config.RepositoryConfigurationDelegate - Finished Spring Data repository scanning in 9ms. Found 4 repository interfaces.
2019-03-14 17:35:55.711 [main] INFO  o.s.c.s.PostProcessorRegistrationDelegate$BeanPostProcessorChecker - Bean 'asyncTaskConfig' of type [com.sk.zl.config.base.AsyncTaskConfig$$EnhancerBySpringCGLIB$$a25f8378] is not eligible for getting processed by all BeanPostProcessors (for example: not eligible for auto-proxying)
2019-03-14 17:35:55.779 [main] INFO  o.s.c.s.PostProcessorRegistrationDelegate$BeanPostProcessorChecker - Bean 'org.springframework.transaction.annotation.ProxyTransactionManagementConfiguration' of type [org.springframework.transaction.annotation.ProxyTransactionManagementConfiguration$$EnhancerBySpringCGLIB$$82ecfc14] is not eligible for getting processed by all BeanPostProcessors (for example: not eligible for auto-proxying)
2019-03-14 17:35:56.054 [main] INFO  o.s.boot.web.embedded.tomcat.TomcatWebServer - Tomcat initialized with port(s): 9251 (http)
2019-03-14 17:35:56.066 [main] INFO  org.apache.coyote.http11.Http11NioProtocol - Initializing ProtocolHandler ["http-nio-9251"]
2019-03-14 17:35:56.074 [main] INFO  org.apache.catalina.core.StandardService - Starting service [Tomcat]
2019-03-14 17:35:56.074 [main] INFO  org.apache.catalina.core.StandardEngine - Starting Servlet engine: [Apache Tomcat/9.0.14]
2019-03-14 17:35:56.080 [main] INFO  org.apache.catalina.core.AprLifecycleListener - The APR based Apache Tomcat Native library which allows optimal performance in production environments was not found on the java.library.path: [C:\Program Files\Java\jdk1.8.0_161\bin;C:\WINDOWS\Sun\Java\bin;C:\WINDOWS\system32;C:\WINDOWS;C:\Program Files (x86)\Tirank\Janeos Client;C:\ProgramData\Oracle\Java\javapath;C:\Windows\system32;C:\Windows;C:\Windows\System32\Wbem;C:\Windows\System32\WindowsPowerShell\v1.0\;C:\Program Files\Git\cmd;C:\Program Files (x86)\scala\bin;C:\Program Files (x86)\scala\jre\bin;C:\Thrift;C:\apache-ant-1.10.1\bin;C:\Users\admin\.dnx\bin;C:\Program Files\Microsoft DNX\Dnvm\;C:\Program Files\Microsoft SQL Server\130\Tools\Binn\;C:\sbt\bin;C:\Program Files (x86)\NVIDIA Corporation\PhysX\Common;C:\Program Files (x86)\Windows Kits\8.1\Windows Performance Toolkit\;C:\Program Files (x86)\Windows Kits\10\Windows Performance Toolkit\;C:\Program Files (x86)\Windows Kits\10\bin\10.0.17134.0\x86\;C:\Program Files (x86)\Windows Kits\10\bin\10.0.17134.0\x64\;C:\WINDOWS\system32;C:\WINDOWS;C:\WINDOWS\System32\Wbem;C:\WINDOWS\System32\WindowsPowerShell\v1.0\;C:\WINDOWS\System32\OpenSSH\;C:\apache-maven-3.5.4-bin\bin;C:\Qt\Qt5.10.1\5.10.1\mingw53_32\bin;C:\mysql-5.7.24-winx64\bin;;C:\Program Files\Microsoft VS Code\bin;C:\Users\admin\AppData\Local\Programs\Python\Python37\Scripts\;C:\Users\admin\AppData\Local\Programs\Python\Python37\;C:\Program Files\Java\jdk1.8.0_161\bin;C:\Program Files\Java\jdk1.8.0_161\jre\bin;C:\apache-ant-1.10.1\bin;C:\sbt\bin;C:\Program Files\Bandizip\;C:\Program Files\Microsoft VS Code\bin;C:\Users\admin\AppData\Local\Microsoft\WindowsApps;;.]
2019-03-14 17:35:56.178 [main] INFO  o.a.c.core.ContainerBase.[Tomcat].[localhost].[/] - Initializing Spring embedded WebApplicationContext
2019-03-14 17:35:56.178 [main] INFO  org.springframework.web.context.ContextLoader - Root WebApplicationContext: initialization completed in 1471 ms
2019-03-14 17:35:56.184 [main] INFO  com.sk.zl.config.datasource.DruidConfig - 开始Druid Servlet初始化配置...
2019-03-14 17:35:56.683 [main] INFO  com.alibaba.druid.pool.DruidDataSource - {dataSource-1} inited
2019-03-14 17:35:57.612 [main] INFO  o.s.orm.jpa.LocalContainerEntityManagerFactoryBean - Initialized JPA EntityManagerFactory for persistence unit 'zlPersistenceUnit'
2019-03-14 17:35:57.731 [main] INFO  com.alibaba.druid.pool.DruidDataSource - {dataSource-2} inited
2019-03-14 17:35:57.742 [main] INFO  o.s.orm.jpa.LocalContainerEntityManagerFactoryBean - Initialized JPA EntityManagerFactory for persistence unit 'alarmPersistenceUnit'
2019-03-14 17:35:59.106 [main] INFO  o.s.orm.jpa.LocalContainerEntityManagerFactoryBean - Closing JPA EntityManagerFactory for persistence unit 'alarmPersistenceUnit'
2019-03-14 17:35:59.108 [main] INFO  com.alibaba.druid.pool.DruidDataSource - {dataSource-2} closed
2019-03-14 17:35:59.108 [main] INFO  o.s.orm.jpa.LocalContainerEntityManagerFactoryBean - Closing JPA EntityManagerFactory for persistence unit 'zlPersistenceUnit'
2019-03-14 17:35:59.109 [main] INFO  com.alibaba.druid.pool.DruidDataSource - {dataSource-1} closed
2019-03-14 17:35:59.110 [main] INFO  org.apache.catalina.core.StandardService - Stopping service [Tomcat]
2019-03-14 17:35:59.117 [main] INFO  o.s.b.a.l.ConditionEvaluationReportLoggingListener - 

Error starting ApplicationContext. To display the conditions report re-run your application with 'debug' enabled.
2019-03-14 17:37:19.827 [main] INFO  com.sk.zl.ZlApplication - Starting ZlApplication on DESKTOP-BITI73K with PID 9340 (E:\ZL\ZLOnlineAnalysisSystem\target\classes started by admin in E:\ZL\ZLOnlineAnalysisSystem)
2019-03-14 17:37:19.829 [main] INFO  com.sk.zl.ZlApplication - The following profiles are active: dev
2019-03-14 17:37:20.414 [main] INFO  o.s.d.r.config.RepositoryConfigurationDelegate - Bootstrapping Spring Data repositories in DEFAULT mode.
2019-03-14 17:37:20.473 [main] INFO  o.s.d.r.config.RepositoryConfigurationDelegate - Finished Spring Data repository scanning in 54ms. Found 8 repository interfaces.
2019-03-14 17:37:20.473 [main] INFO  o.s.d.r.config.RepositoryConfigurationDelegate - Bootstrapping Spring Data repositories in DEFAULT mode.
2019-03-14 17:37:20.480 [main] INFO  o.s.d.r.config.RepositoryConfigurationDelegate - Finished Spring Data repository scanning in 7ms. Found 3 repository interfaces.
2019-03-14 17:37:20.807 [main] INFO  o.s.c.s.PostProcessorRegistrationDelegate$BeanPostProcessorChecker - Bean 'asyncTaskConfig' of type [com.sk.zl.config.base.AsyncTaskConfig$$EnhancerBySpringCGLIB$$d65e1e83] is not eligible for getting processed by all BeanPostProcessors (for example: not eligible for auto-proxying)
2019-03-14 17:37:20.874 [main] INFO  o.s.c.s.PostProcessorRegistrationDelegate$BeanPostProcessorChecker - Bean 'org.springframework.transaction.annotation.ProxyTransactionManagementConfiguration' of type [org.springframework.transaction.annotation.ProxyTransactionManagementConfiguration$$EnhancerBySpringCGLIB$$b6eb971f] is not eligible for getting processed by all BeanPostProcessors (for example: not eligible for auto-proxying)
2019-03-14 17:37:21.146 [main] INFO  o.s.boot.web.embedded.tomcat.TomcatWebServer - Tomcat initialized with port(s): 9251 (http)
2019-03-14 17:37:21.156 [main] INFO  org.apache.coyote.http11.Http11NioProtocol - Initializing ProtocolHandler ["http-nio-9251"]
2019-03-14 17:37:21.162 [main] INFO  org.apache.catalina.core.StandardService - Starting service [Tomcat]
2019-03-14 17:37:21.163 [main] INFO  org.apache.catalina.core.StandardEngine - Starting Servlet engine: [Apache Tomcat/9.0.14]
2019-03-14 17:37:21.168 [main] INFO  org.apache.catalina.core.AprLifecycleListener - The APR based Apache Tomcat Native library which allows optimal performance in production environments was not found on the java.library.path: [C:\Program Files\Java\jdk1.8.0_161\bin;C:\WINDOWS\Sun\Java\bin;C:\WINDOWS\system32;C:\WINDOWS;C:\Program Files (x86)\Tirank\Janeos Client;C:\ProgramData\Oracle\Java\javapath;C:\Windows\system32;C:\Windows;C:\Windows\System32\Wbem;C:\Windows\System32\WindowsPowerShell\v1.0\;C:\Program Files\Git\cmd;C:\Program Files (x86)\scala\bin;C:\Program Files (x86)\scala\jre\bin;C:\Thrift;C:\apache-ant-1.10.1\bin;C:\Users\admin\.dnx\bin;C:\Program Files\Microsoft DNX\Dnvm\;C:\Program Files\Microsoft SQL Server\130\Tools\Binn\;C:\sbt\bin;C:\Program Files (x86)\NVIDIA Corporation\PhysX\Common;C:\Program Files (x86)\Windows Kits\8.1\Windows Performance Toolkit\;C:\Program Files (x86)\Windows Kits\10\Windows Performance Toolkit\;C:\Program Files (x86)\Windows Kits\10\bin\10.0.17134.0\x86\;C:\Program Files (x86)\Windows Kits\10\bin\10.0.17134.0\x64\;C:\WINDOWS\system32;C:\WINDOWS;C:\WINDOWS\System32\Wbem;C:\WINDOWS\System32\WindowsPowerShell\v1.0\;C:\WINDOWS\System32\OpenSSH\;C:\apache-maven-3.5.4-bin\bin;C:\Qt\Qt5.10.1\5.10.1\mingw53_32\bin;C:\mysql-5.7.24-winx64\bin;;C:\Program Files\Microsoft VS Code\bin;C:\Users\admin\AppData\Local\Programs\Python\Python37\Scripts\;C:\Users\admin\AppData\Local\Programs\Python\Python37\;C:\Program Files\Java\jdk1.8.0_161\bin;C:\Program Files\Java\jdk1.8.0_161\jre\bin;C:\apache-ant-1.10.1\bin;C:\sbt\bin;C:\Program Files\Bandizip\;C:\Program Files\Microsoft VS Code\bin;C:\Users\admin\AppData\Local\Microsoft\WindowsApps;;.]
2019-03-14 17:37:21.256 [main] INFO  o.a.c.core.ContainerBase.[Tomcat].[localhost].[/] - Initializing Spring embedded WebApplicationContext
2019-03-14 17:37:21.256 [main] INFO  org.springframework.web.context.ContextLoader - Root WebApplicationContext: initialization completed in 1380 ms
2019-03-14 17:37:21.261 [main] INFO  com.sk.zl.config.datasource.DruidConfig - 开始Druid Servlet初始化配置...
2019-03-14 17:37:21.771 [main] INFO  com.alibaba.druid.pool.DruidDataSource - {dataSource-1} inited
2019-03-14 17:37:22.682 [main] INFO  o.s.orm.jpa.LocalContainerEntityManagerFactoryBean - Initialized JPA EntityManagerFactory for persistence unit 'zlPersistenceUnit'
2019-03-14 17:37:22.803 [main] INFO  com.alibaba.druid.pool.DruidDataSource - {dataSource-2} inited
2019-03-14 17:37:22.814 [main] INFO  o.s.orm.jpa.LocalContainerEntityManagerFactoryBean - Initialized JPA EntityManagerFactory for persistence unit 'alarmPersistenceUnit'
2019-03-14 17:37:24.051 [main] INFO  o.s.orm.jpa.LocalContainerEntityManagerFactoryBean - Closing JPA EntityManagerFactory for persistence unit 'alarmPersistenceUnit'
2019-03-14 17:37:24.054 [main] INFO  com.alibaba.druid.pool.DruidDataSource - {dataSource-2} closed
2019-03-14 17:37:24.054 [main] INFO  o.s.orm.jpa.LocalContainerEntityManagerFactoryBean - Closing JPA EntityManagerFactory for persistence unit 'zlPersistenceUnit'
2019-03-14 17:37:24.055 [main] INFO  com.alibaba.druid.pool.DruidDataSource - {dataSource-1} closed
2019-03-14 17:37:24.056 [main] INFO  org.apache.catalina.core.StandardService - Stopping service [Tomcat]
2019-03-14 17:37:24.064 [main] INFO  o.s.b.a.l.ConditionEvaluationReportLoggingListener - 

Error starting ApplicationContext. To display the conditions report re-run your application with 'debug' enabled.
2019-03-14 17:37:37.334 [main] INFO  com.sk.zl.ZlApplication - Starting ZlApplication on DESKTOP-BITI73K with PID 9560 (E:\ZL\ZLOnlineAnalysisSystem\target\classes started by admin in E:\ZL\ZLOnlineAnalysisSystem)
2019-03-14 17:37:37.336 [main] INFO  com.sk.zl.ZlApplication - The following profiles are active: dev
2019-03-14 17:37:38.005 [main] INFO  o.s.d.r.config.RepositoryConfigurationDelegate - Bootstrapping Spring Data repositories in DEFAULT mode.
2019-03-14 17:37:38.067 [main] INFO  o.s.d.r.config.RepositoryConfigurationDelegate - Finished Spring Data repository scanning in 56ms. Found 8 repository interfaces.
2019-03-14 17:37:38.067 [main] INFO  o.s.d.r.config.RepositoryConfigurationDelegate - Bootstrapping Spring Data repositories in DEFAULT mode.
2019-03-14 17:37:38.074 [main] INFO  o.s.d.r.config.RepositoryConfigurationDelegate - Finished Spring Data repository scanning in 7ms. Found 2 repository interfaces.
2019-03-14 17:37:38.381 [main] INFO  o.s.c.s.PostProcessorRegistrationDelegate$BeanPostProcessorChecker - Bean 'asyncTaskConfig' of type [com.sk.zl.config.base.AsyncTaskConfig$$EnhancerBySpringCGLIB$$3dac74fd] is not eligible for getting processed by all BeanPostProcessors (for example: not eligible for auto-proxying)
2019-03-14 17:37:38.448 [main] INFO  o.s.c.s.PostProcessorRegistrationDelegate$BeanPostProcessorChecker - Bean 'org.springframework.transaction.annotation.ProxyTransactionManagementConfiguration' of type [org.springframework.transaction.annotation.ProxyTransactionManagementConfiguration$$EnhancerBySpringCGLIB$$1e39ed99] is not eligible for getting processed by all BeanPostProcessors (for example: not eligible for auto-proxying)
2019-03-14 17:37:38.728 [main] INFO  o.s.boot.web.embedded.tomcat.TomcatWebServer - Tomcat initialized with port(s): 9251 (http)
2019-03-14 17:37:38.738 [main] INFO  org.apache.coyote.http11.Http11NioProtocol - Initializing ProtocolHandler ["http-nio-9251"]
2019-03-14 17:37:38.744 [main] INFO  org.apache.catalina.core.StandardService - Starting service [Tomcat]
2019-03-14 17:37:38.745 [main] INFO  org.apache.catalina.core.StandardEngine - Starting Servlet engine: [Apache Tomcat/9.0.14]
2019-03-14 17:37:38.750 [main] INFO  org.apache.catalina.core.AprLifecycleListener - The APR based Apache Tomcat Native library which allows optimal performance in production environments was not found on the java.library.path: [C:\Program Files\Java\jdk1.8.0_161\bin;C:\WINDOWS\Sun\Java\bin;C:\WINDOWS\system32;C:\WINDOWS;C:\Program Files (x86)\Tirank\Janeos Client;C:\ProgramData\Oracle\Java\javapath;C:\Windows\system32;C:\Windows;C:\Windows\System32\Wbem;C:\Windows\System32\WindowsPowerShell\v1.0\;C:\Program Files\Git\cmd;C:\Program Files (x86)\scala\bin;C:\Program Files (x86)\scala\jre\bin;C:\Thrift;C:\apache-ant-1.10.1\bin;C:\Users\admin\.dnx\bin;C:\Program Files\Microsoft DNX\Dnvm\;C:\Program Files\Microsoft SQL Server\130\Tools\Binn\;C:\sbt\bin;C:\Program Files (x86)\NVIDIA Corporation\PhysX\Common;C:\Program Files (x86)\Windows Kits\8.1\Windows Performance Toolkit\;C:\Program Files (x86)\Windows Kits\10\Windows Performance Toolkit\;C:\Program Files (x86)\Windows Kits\10\bin\10.0.17134.0\x86\;C:\Program Files (x86)\Windows Kits\10\bin\10.0.17134.0\x64\;C:\WINDOWS\system32;C:\WINDOWS;C:\WINDOWS\System32\Wbem;C:\WINDOWS\System32\WindowsPowerShell\v1.0\;C:\WINDOWS\System32\OpenSSH\;C:\apache-maven-3.5.4-bin\bin;C:\Qt\Qt5.10.1\5.10.1\mingw53_32\bin;C:\mysql-5.7.24-winx64\bin;;C:\Program Files\Microsoft VS Code\bin;C:\Users\admin\AppData\Local\Programs\Python\Python37\Scripts\;C:\Users\admin\AppData\Local\Programs\Python\Python37\;C:\Program Files\Java\jdk1.8.0_161\bin;C:\Program Files\Java\jdk1.8.0_161\jre\bin;C:\apache-ant-1.10.1\bin;C:\sbt\bin;C:\Program Files\Bandizip\;C:\Program Files\Microsoft VS Code\bin;C:\Users\admin\AppData\Local\Microsoft\WindowsApps;;.]
2019-03-14 17:37:38.842 [main] INFO  o.a.c.core.ContainerBase.[Tomcat].[localhost].[/] - Initializing Spring embedded WebApplicationContext
2019-03-14 17:37:38.842 [main] INFO  org.springframework.web.context.ContextLoader - Root WebApplicationContext: initialization completed in 1442 ms
2019-03-14 17:37:38.847 [main] INFO  com.sk.zl.config.datasource.DruidConfig - 开始Druid Servlet初始化配置...
2019-03-14 17:37:39.390 [main] INFO  com.alibaba.druid.pool.DruidDataSource - {dataSource-1} inited
2019-03-14 17:37:40.273 [main] INFO  o.s.orm.jpa.LocalContainerEntityManagerFactoryBean - Initialized JPA EntityManagerFactory for persistence unit 'zlPersistenceUnit'
2019-03-14 17:37:40.394 [main] INFO  com.alibaba.druid.pool.DruidDataSource - {dataSource-2} inited
2019-03-14 17:37:40.405 [main] INFO  o.s.orm.jpa.LocalContainerEntityManagerFactoryBean - Initialized JPA EntityManagerFactory for persistence unit 'alarmPersistenceUnit'
2019-03-14 17:37:41.580 [main] INFO  o.s.orm.jpa.LocalContainerEntityManagerFactoryBean - Closing JPA EntityManagerFactory for persistence unit 'alarmPersistenceUnit'
2019-03-14 17:37:41.582 [main] INFO  com.alibaba.druid.pool.DruidDataSource - {dataSource-2} closed
2019-03-14 17:37:41.583 [main] INFO  o.s.orm.jpa.LocalContainerEntityManagerFactoryBean - Closing JPA EntityManagerFactory for persistence unit 'zlPersistenceUnit'
2019-03-14 17:37:41.584 [main] INFO  com.alibaba.druid.pool.DruidDataSource - {dataSource-1} closed
2019-03-14 17:37:41.585 [main] INFO  org.apache.catalina.core.StandardService - Stopping service [Tomcat]
2019-03-14 17:37:41.593 [main] INFO  o.s.b.a.l.ConditionEvaluationReportLoggingListener - 

Error starting ApplicationContext. To display the conditions report re-run your application with 'debug' enabled.
2019-03-14 17:37:49.381 [main] INFO  com.sk.zl.ZlApplication - Starting ZlApplication on DESKTOP-BITI73K with PID 12504 (E:\ZL\ZLOnlineAnalysisSystem\target\classes started by admin in E:\ZL\ZLOnlineAnalysisSystem)
2019-03-14 17:37:49.384 [main] INFO  com.sk.zl.ZlApplication - The following profiles are active: dev
2019-03-14 17:37:50.083 [main] INFO  o.s.d.r.config.RepositoryConfigurationDelegate - Bootstrapping Spring Data repositories in DEFAULT mode.
2019-03-14 17:37:50.145 [main] INFO  o.s.d.r.config.RepositoryConfigurationDelegate - Finished Spring Data repository scanning in 57ms. Found 8 repository interfaces.
2019-03-14 17:37:50.145 [main] INFO  o.s.d.r.config.RepositoryConfigurationDelegate - Bootstrapping Spring Data repositories in DEFAULT mode.
2019-03-14 17:37:50.149 [main] INFO  o.s.d.r.config.RepositoryConfigurationDelegate - Finished Spring Data repository scanning in 4ms. Found 1 repository interfaces.
2019-03-14 17:37:50.452 [main] INFO  o.s.c.s.PostProcessorRegistrationDelegate$BeanPostProcessorChecker - Bean 'asyncTaskConfig' of type [com.sk.zl.config.base.AsyncTaskConfig$$EnhancerBySpringCGLIB$$b58bd5f6] is not eligible for getting processed by all BeanPostProcessors (for example: not eligible for auto-proxying)
2019-03-14 17:37:50.520 [main] INFO  o.s.c.s.PostProcessorRegistrationDelegate$BeanPostProcessorChecker - Bean 'org.springframework.transaction.annotation.ProxyTransactionManagementConfiguration' of type [org.springframework.transaction.annotation.ProxyTransactionManagementConfiguration$$EnhancerBySpringCGLIB$$96194e92] is not eligible for getting processed by all BeanPostProcessors (for example: not eligible for auto-proxying)
2019-03-14 17:37:50.782 [main] INFO  o.s.boot.web.embedded.tomcat.TomcatWebServer - Tomcat initialized with port(s): 9251 (http)
2019-03-14 17:37:50.792 [main] INFO  org.apache.coyote.http11.Http11NioProtocol - Initializing ProtocolHandler ["http-nio-9251"]
2019-03-14 17:37:50.798 [main] INFO  org.apache.catalina.core.StandardService - Starting service [Tomcat]
2019-03-14 17:37:50.799 [main] INFO  org.apache.catalina.core.StandardEngine - Starting Servlet engine: [Apache Tomcat/9.0.14]
2019-03-14 17:37:50.804 [main] INFO  org.apache.catalina.core.AprLifecycleListener - The APR based Apache Tomcat Native library which allows optimal performance in production environments was not found on the java.library.path: [C:\Program Files\Java\jdk1.8.0_161\bin;C:\WINDOWS\Sun\Java\bin;C:\WINDOWS\system32;C:\WINDOWS;C:\Program Files (x86)\Tirank\Janeos Client;C:\ProgramData\Oracle\Java\javapath;C:\Windows\system32;C:\Windows;C:\Windows\System32\Wbem;C:\Windows\System32\WindowsPowerShell\v1.0\;C:\Program Files\Git\cmd;C:\Program Files (x86)\scala\bin;C:\Program Files (x86)\scala\jre\bin;C:\Thrift;C:\apache-ant-1.10.1\bin;C:\Users\admin\.dnx\bin;C:\Program Files\Microsoft DNX\Dnvm\;C:\Program Files\Microsoft SQL Server\130\Tools\Binn\;C:\sbt\bin;C:\Program Files (x86)\NVIDIA Corporation\PhysX\Common;C:\Program Files (x86)\Windows Kits\8.1\Windows Performance Toolkit\;C:\Program Files (x86)\Windows Kits\10\Windows Performance Toolkit\;C:\Program Files (x86)\Windows Kits\10\bin\10.0.17134.0\x86\;C:\Program Files (x86)\Windows Kits\10\bin\10.0.17134.0\x64\;C:\WINDOWS\system32;C:\WINDOWS;C:\WINDOWS\System32\Wbem;C:\WINDOWS\System32\WindowsPowerShell\v1.0\;C:\WINDOWS\System32\OpenSSH\;C:\apache-maven-3.5.4-bin\bin;C:\Qt\Qt5.10.1\5.10.1\mingw53_32\bin;C:\mysql-5.7.24-winx64\bin;;C:\Program Files\Microsoft VS Code\bin;C:\Users\admin\AppData\Local\Programs\Python\Python37\Scripts\;C:\Users\admin\AppData\Local\Programs\Python\Python37\;C:\Program Files\Java\jdk1.8.0_161\bin;C:\Program Files\Java\jdk1.8.0_161\jre\bin;C:\apache-ant-1.10.1\bin;C:\sbt\bin;C:\Program Files\Bandizip\;C:\Program Files\Microsoft VS Code\bin;C:\Users\admin\AppData\Local\Microsoft\WindowsApps;;.]
2019-03-14 17:37:50.893 [main] INFO  o.a.c.core.ContainerBase.[Tomcat].[localhost].[/] - Initializing Spring embedded WebApplicationContext
2019-03-14 17:37:50.893 [main] INFO  org.springframework.web.context.ContextLoader - Root WebApplicationContext: initialization completed in 1415 ms
2019-03-14 17:37:50.897 [main] INFO  com.sk.zl.config.datasource.DruidConfig - 开始Druid Servlet初始化配置...
2019-03-14 17:37:51.395 [main] INFO  com.alibaba.druid.pool.DruidDataSource - {dataSource-1} inited
2019-03-14 17:37:52.298 [main] INFO  o.s.orm.jpa.LocalContainerEntityManagerFactoryBean - Initialized JPA EntityManagerFactory for persistence unit 'zlPersistenceUnit'
2019-03-14 17:37:52.424 [main] INFO  com.alibaba.druid.pool.DruidDataSource - {dataSource-2} inited
2019-03-14 17:37:52.435 [main] INFO  o.s.orm.jpa.LocalContainerEntityManagerFactoryBean - Initialized JPA EntityManagerFactory for persistence unit 'alarmPersistenceUnit'
2019-03-14 17:37:53.698 [main] INFO  o.s.orm.jpa.LocalContainerEntityManagerFactoryBean - Closing JPA EntityManagerFactory for persistence unit 'alarmPersistenceUnit'
2019-03-14 17:37:53.700 [main] INFO  com.alibaba.druid.pool.DruidDataSource - {dataSource-2} closed
2019-03-14 17:37:53.700 [main] INFO  o.s.orm.jpa.LocalContainerEntityManagerFactoryBean - Closing JPA EntityManagerFactory for persistence unit 'zlPersistenceUnit'
2019-03-14 17:37:53.701 [main] INFO  com.alibaba.druid.pool.DruidDataSource - {dataSource-1} closed
2019-03-14 17:37:53.702 [main] INFO  org.apache.catalina.core.StandardService - Stopping service [Tomcat]
2019-03-14 17:37:53.710 [main] INFO  o.s.b.a.l.ConditionEvaluationReportLoggingListener - 

Error starting ApplicationContext. To display the conditions report re-run your application with 'debug' enabled.
2019-03-14 17:38:09.186 [main] INFO  com.sk.zl.ZlApplication - Starting ZlApplication on DESKTOP-BITI73K with PID 376 (E:\ZL\ZLOnlineAnalysisSystem\target\classes started by admin in E:\ZL\ZLOnlineAnalysisSystem)
2019-03-14 17:38:09.189 [main] INFO  com.sk.zl.ZlApplication - The following profiles are active: dev
2019-03-14 17:38:09.813 [main] INFO  o.s.d.r.config.RepositoryConfigurationDelegate - Bootstrapping Spring Data repositories in DEFAULT mode.
2019-03-14 17:38:09.872 [main] INFO  o.s.d.r.config.RepositoryConfigurationDelegate - Finished Spring Data repository scanning in 53ms. Found 8 repository interfaces.
2019-03-14 17:38:09.872 [main] INFO  o.s.d.r.config.RepositoryConfigurationDelegate - Bootstrapping Spring Data repositories in DEFAULT mode.
2019-03-14 17:38:09.873 [main] INFO  o.s.d.r.config.RepositoryConfigurationDelegate - Finished Spring Data repository scanning in 1ms. Found 0 repository interfaces.
2019-03-14 17:38:10.201 [main] INFO  o.s.c.s.PostProcessorRegistrationDelegate$BeanPostProcessorChecker - Bean 'asyncTaskConfig' of type [com.sk.zl.config.base.AsyncTaskConfig$$EnhancerBySpringCGLIB$$3923af5] is not eligible for getting processed by all BeanPostProcessors (for example: not eligible for auto-proxying)
2019-03-14 17:38:10.265 [main] INFO  o.s.c.s.PostProcessorRegistrationDelegate$BeanPostProcessorChecker - Bean 'org.springframework.transaction.annotation.ProxyTransactionManagementConfiguration' of type [org.springframework.transaction.annotation.ProxyTransactionManagementConfiguration$$EnhancerBySpringCGLIB$$e41fb391] is not eligible for getting processed by all BeanPostProcessors (for example: not eligible for auto-proxying)
2019-03-14 17:38:10.518 [main] INFO  o.s.boot.web.embedded.tomcat.TomcatWebServer - Tomcat initialized with port(s): 9251 (http)
2019-03-14 17:38:10.529 [main] INFO  org.apache.coyote.http11.Http11NioProtocol - Initializing ProtocolHandler ["http-nio-9251"]
2019-03-14 17:38:10.535 [main] INFO  org.apache.catalina.core.StandardService - Starting service [Tomcat]
2019-03-14 17:38:10.536 [main] INFO  org.apache.catalina.core.StandardEngine - Starting Servlet engine: [Apache Tomcat/9.0.14]
2019-03-14 17:38:10.541 [main] INFO  org.apache.catalina.core.AprLifecycleListener - The APR based Apache Tomcat Native library which allows optimal performance in production environments was not found on the java.library.path: [C:\Program Files\Java\jdk1.8.0_161\bin;C:\WINDOWS\Sun\Java\bin;C:\WINDOWS\system32;C:\WINDOWS;C:\Program Files (x86)\Tirank\Janeos Client;C:\ProgramData\Oracle\Java\javapath;C:\Windows\system32;C:\Windows;C:\Windows\System32\Wbem;C:\Windows\System32\WindowsPowerShell\v1.0\;C:\Program Files\Git\cmd;C:\Program Files (x86)\scala\bin;C:\Program Files (x86)\scala\jre\bin;C:\Thrift;C:\apache-ant-1.10.1\bin;C:\Users\admin\.dnx\bin;C:\Program Files\Microsoft DNX\Dnvm\;C:\Program Files\Microsoft SQL Server\130\Tools\Binn\;C:\sbt\bin;C:\Program Files (x86)\NVIDIA Corporation\PhysX\Common;C:\Program Files (x86)\Windows Kits\8.1\Windows Performance Toolkit\;C:\Program Files (x86)\Windows Kits\10\Windows Performance Toolkit\;C:\Program Files (x86)\Windows Kits\10\bin\10.0.17134.0\x86\;C:\Program Files (x86)\Windows Kits\10\bin\10.0.17134.0\x64\;C:\WINDOWS\system32;C:\WINDOWS;C:\WINDOWS\System32\Wbem;C:\WINDOWS\System32\WindowsPowerShell\v1.0\;C:\WINDOWS\System32\OpenSSH\;C:\apache-maven-3.5.4-bin\bin;C:\Qt\Qt5.10.1\5.10.1\mingw53_32\bin;C:\mysql-5.7.24-winx64\bin;;C:\Program Files\Microsoft VS Code\bin;C:\Users\admin\AppData\Local\Programs\Python\Python37\Scripts\;C:\Users\admin\AppData\Local\Programs\Python\Python37\;C:\Program Files\Java\jdk1.8.0_161\bin;C:\Program Files\Java\jdk1.8.0_161\jre\bin;C:\apache-ant-1.10.1\bin;C:\sbt\bin;C:\Program Files\Bandizip\;C:\Program Files\Microsoft VS Code\bin;C:\Users\admin\AppData\Local\Microsoft\WindowsApps;;.]
2019-03-14 17:38:10.706 [main] INFO  o.a.c.core.ContainerBase.[Tomcat].[localhost].[/] - Initializing Spring embedded WebApplicationContext
2019-03-14 17:38:10.706 [main] INFO  org.springframework.web.context.ContextLoader - Root WebApplicationContext: initialization completed in 1454 ms
2019-03-14 17:38:10.710 [main] INFO  com.sk.zl.config.datasource.DruidConfig - 开始Druid Servlet初始化配置...
2019-03-14 17:38:11.195 [main] INFO  com.alibaba.druid.pool.DruidDataSource - {dataSource-1} inited
2019-03-14 17:38:12.082 [main] INFO  o.s.orm.jpa.LocalContainerEntityManagerFactoryBean - Initialized JPA EntityManagerFactory for persistence unit 'zlPersistenceUnit'
2019-03-14 17:38:12.205 [main] INFO  com.alibaba.druid.pool.DruidDataSource - {dataSource-2} inited
2019-03-14 17:38:12.217 [main] INFO  o.s.orm.jpa.LocalContainerEntityManagerFactoryBean - Initialized JPA EntityManagerFactory for persistence unit 'alarmPersistenceUnit'
2019-03-14 17:38:13.762 [main] INFO  s.d.s.w.PropertySourcedRequestMappingHandlerMapping - Mapped URL path [/v2/api-docs] onto method [public org.springframework.http.ResponseEntity<springfox.documentation.spring.web.json.Json> springfox.documentation.swagger2.web.Swagger2Controller.getDocumentation(java.lang.String,javax.servlet.http.HttpServletRequest)]
2019-03-14 17:38:13.926 [main] INFO  o.s.scheduling.concurrent.ThreadPoolTaskExecutor - Initializing ExecutorService 'applicationTaskExecutor'
2019-03-14 17:38:14.269 [main] INFO  s.d.s.web.plugins.DocumentationPluginsBootstrapper - Context refreshed
2019-03-14 17:38:14.298 [main] INFO  s.d.s.web.plugins.DocumentationPluginsBootstrapper - Found 1 custom documentation plugin(s)
2019-03-14 17:38:14.323 [main] INFO  s.d.spring.web.scanners.ApiListingReferenceScanner - Scanning for api listing references
2019-03-14 17:38:14.623 [main] INFO  org.apache.coyote.http11.Http11NioProtocol - Starting ProtocolHandler ["http-nio-9251"]
2019-03-14 17:38:14.655 [main] INFO  o.s.boot.web.embedded.tomcat.TomcatWebServer - Tomcat started on port(s): 9251 (http) with context path ''
2019-03-14 17:38:14.656 [main] INFO  com.sk.zl.ZlApplication - Started ZlApplication in 6.082 seconds (JVM running for 6.879)
2019-03-14 17:38:36.776 [main] INFO  com.sk.zl.ZlApplication - Starting ZlApplication on DESKTOP-BITI73K with PID 6148 (E:\ZL\ZLOnlineAnalysisSystem\target\classes started by admin in E:\ZL\ZLOnlineAnalysisSystem)
2019-03-14 17:38:36.780 [main] INFO  com.sk.zl.ZlApplication - The following profiles are active: dev
2019-03-14 17:38:37.443 [main] INFO  o.s.d.r.config.RepositoryConfigurationDelegate - Bootstrapping Spring Data repositories in DEFAULT mode.
2019-03-14 17:38:37.504 [main] INFO  o.s.d.r.config.RepositoryConfigurationDelegate - Finished Spring Data repository scanning in 55ms. Found 8 repository interfaces.
2019-03-14 17:38:37.505 [main] INFO  o.s.d.r.config.RepositoryConfigurationDelegate - Bootstrapping Spring Data repositories in DEFAULT mode.
2019-03-14 17:38:37.506 [main] INFO  o.s.d.r.config.RepositoryConfigurationDelegate - Finished Spring Data repository scanning in 1ms. Found 0 repository interfaces.
2019-03-14 17:38:37.810 [main] INFO  o.s.c.s.PostProcessorRegistrationDelegate$BeanPostProcessorChecker - Bean 'asyncTaskConfig' of type [com.sk.zl.config.base.AsyncTaskConfig$$EnhancerBySpringCGLIB$$3dac74fd] is not eligible for getting processed by all BeanPostProcessors (for example: not eligible for auto-proxying)
2019-03-14 17:38:37.886 [main] INFO  o.s.c.s.PostProcessorRegistrationDelegate$BeanPostProcessorChecker - Bean 'org.springframework.transaction.annotation.ProxyTransactionManagementConfiguration' of type [org.springframework.transaction.annotation.ProxyTransactionManagementConfiguration$$EnhancerBySpringCGLIB$$1e39ed99] is not eligible for getting processed by all BeanPostProcessors (for example: not eligible for auto-proxying)
2019-03-14 17:38:38.133 [main] INFO  o.s.boot.web.embedded.tomcat.TomcatWebServer - Tomcat initialized with port(s): 9251 (http)
2019-03-14 17:38:38.143 [main] INFO  org.apache.coyote.http11.Http11NioProtocol - Initializing ProtocolHandler ["http-nio-9251"]
2019-03-14 17:38:38.150 [main] INFO  org.apache.catalina.core.StandardService - Starting service [Tomcat]
2019-03-14 17:38:38.150 [main] INFO  org.apache.catalina.core.StandardEngine - Starting Servlet engine: [Apache Tomcat/9.0.14]
2019-03-14 17:38:38.156 [main] INFO  org.apache.catalina.core.AprLifecycleListener - The APR based Apache Tomcat Native library which allows optimal performance in production environments was not found on the java.library.path: [C:\Program Files\Java\jdk1.8.0_161\bin;C:\WINDOWS\Sun\Java\bin;C:\WINDOWS\system32;C:\WINDOWS;C:\Program Files (x86)\Tirank\Janeos Client;C:\ProgramData\Oracle\Java\javapath;C:\Windows\system32;C:\Windows;C:\Windows\System32\Wbem;C:\Windows\System32\WindowsPowerShell\v1.0\;C:\Program Files\Git\cmd;C:\Program Files (x86)\scala\bin;C:\Program Files (x86)\scala\jre\bin;C:\Thrift;C:\apache-ant-1.10.1\bin;C:\Users\admin\.dnx\bin;C:\Program Files\Microsoft DNX\Dnvm\;C:\Program Files\Microsoft SQL Server\130\Tools\Binn\;C:\sbt\bin;C:\Program Files (x86)\NVIDIA Corporation\PhysX\Common;C:\Program Files (x86)\Windows Kits\8.1\Windows Performance Toolkit\;C:\Program Files (x86)\Windows Kits\10\Windows Performance Toolkit\;C:\Program Files (x86)\Windows Kits\10\bin\10.0.17134.0\x86\;C:\Program Files (x86)\Windows Kits\10\bin\10.0.17134.0\x64\;C:\WINDOWS\system32;C:\WINDOWS;C:\WINDOWS\System32\Wbem;C:\WINDOWS\System32\WindowsPowerShell\v1.0\;C:\WINDOWS\System32\OpenSSH\;C:\apache-maven-3.5.4-bin\bin;C:\Qt\Qt5.10.1\5.10.1\mingw53_32\bin;C:\mysql-5.7.24-winx64\bin;;C:\Program Files\Microsoft VS Code\bin;C:\Users\admin\AppData\Local\Programs\Python\Python37\Scripts\;C:\Users\admin\AppData\Local\Programs\Python\Python37\;C:\Program Files\Java\jdk1.8.0_161\bin;C:\Program Files\Java\jdk1.8.0_161\jre\bin;C:\apache-ant-1.10.1\bin;C:\sbt\bin;C:\Program Files\Bandizip\;C:\Program Files\Microsoft VS Code\bin;C:\Users\admin\AppData\Local\Microsoft\WindowsApps;;.]
2019-03-14 17:38:38.316 [main] INFO  o.a.c.core.ContainerBase.[Tomcat].[localhost].[/] - Initializing Spring embedded WebApplicationContext
2019-03-14 17:38:38.316 [main] INFO  org.springframework.web.context.ContextLoader - Root WebApplicationContext: initialization completed in 1462 ms
2019-03-14 17:38:38.321 [main] INFO  com.sk.zl.config.datasource.DruidConfig - 开始Druid Servlet初始化配置...
2019-03-14 17:38:38.803 [main] INFO  com.alibaba.druid.pool.DruidDataSource - {dataSource-1} inited
2019-03-14 17:38:39.688 [main] INFO  o.s.orm.jpa.LocalContainerEntityManagerFactoryBean - Initialized JPA EntityManagerFactory for persistence unit 'zlPersistenceUnit'
2019-03-14 17:38:39.803 [main] INFO  com.alibaba.druid.pool.DruidDataSource - {dataSource-2} inited
2019-03-14 17:38:39.814 [main] INFO  o.s.orm.jpa.LocalContainerEntityManagerFactoryBean - Initialized JPA EntityManagerFactory for persistence unit 'alarmPersistenceUnit'
2019-03-14 17:38:41.144 [main] INFO  s.d.s.w.PropertySourcedRequestMappingHandlerMapping - Mapped URL path [/v2/api-docs] onto method [public org.springframework.http.ResponseEntity<springfox.documentation.spring.web.json.Json> springfox.documentation.swagger2.web.Swagger2Controller.getDocumentation(java.lang.String,javax.servlet.http.HttpServletRequest)]
2019-03-14 17:38:41.232 [main] INFO  o.s.scheduling.concurrent.ThreadPoolTaskExecutor - Initializing ExecutorService 'applicationTaskExecutor'
2019-03-14 17:38:41.395 [main] INFO  s.d.s.web.plugins.DocumentationPluginsBootstrapper - Context refreshed
2019-03-14 17:38:41.412 [main] INFO  s.d.s.web.plugins.DocumentationPluginsBootstrapper - Found 1 custom documentation plugin(s)
2019-03-14 17:38:41.436 [main] INFO  s.d.spring.web.scanners.ApiListingReferenceScanner - Scanning for api listing references
2019-03-14 17:38:41.686 [main] INFO  org.apache.coyote.http11.Http11NioProtocol - Starting ProtocolHandler ["http-nio-9251"]
2019-03-14 17:38:41.707 [main] INFO  o.s.boot.web.embedded.tomcat.TomcatWebServer - Tomcat started on port(s): 9251 (http) with context path ''
2019-03-14 17:38:41.709 [main] INFO  com.sk.zl.ZlApplication - Started ZlApplication in 5.608 seconds (JVM running for 6.463)
