2019-03-04 16:36:55.056 [http-nio-9252-exec-1] DEBUG org.hibernate.SQL - select metergroup0_.id as id1_4_0_, metergroup0_.name as name2_4_0_ from tbl_metergroup metergroup0_ where metergroup0_.id=?
2019-03-04 16:36:55.088 [http-nio-9252-exec-1] DEBUG org.hibernate.SQL - select meterset0_.groupId as groupId4_2_0_, meterset0_.id as id1_2_0_, meterset0_.id as id1_2_1_, meterset0_.groupId as groupId4_2_1_, meterset0_.name as name2_2_1_, meterset0_.updateTime as updateTi3_2_1_ from tbl_meter meterset0_ where meterset0_.groupId=?
2019-03-04 16:36:55.130 [http-nio-9252-exec-1] DEBUG org.hibernate.SQL - select genpoweren0_.time as time1_0_, genpoweren0_.meterId as meterId2_0_, genpoweren0_.value as value3_0_ from tbl_genpower genpoweren0_ where (genpoweren0_.meterId in (? , ? , ? , ? , ? , ?)) and (genpoweren0_.time between ? and ?)
2019-03-04 16:36:55.141 [http-nio-9252-exec-1] DEBUG org.hibernate.SQL - select genpoweren0_.time as time1_0_, genpoweren0_.meterId as meterId2_0_, genpoweren0_.value as value3_0_ from tbl_genpower genpoweren0_ where (genpoweren0_.meterId in (? , ? , ? , ? , ? , ?)) and (genpoweren0_.time between ? and ?)
2019-03-04 16:36:55.147 [http-nio-9252-exec-1] DEBUG org.hibernate.SQL - select metergroup0_.id as id1_4_0_, metergroup0_.name as name2_4_0_ from tbl_metergroup metergroup0_ where metergroup0_.id=?
2019-03-04 16:36:55.152 [http-nio-9252-exec-1] DEBUG org.hibernate.SQL - select meterset0_.groupId as groupId4_2_0_, meterset0_.id as id1_2_0_, meterset0_.id as id1_2_1_, meterset0_.groupId as groupId4_2_1_, meterset0_.name as name2_2_1_, meterset0_.updateTime as updateTi3_2_1_ from tbl_meter meterset0_ where meterset0_.groupId=?
2019-03-04 16:36:55.158 [http-nio-9252-exec-1] DEBUG org.hibernate.SQL - select genpoweren0_.time as time1_0_, genpoweren0_.meterId as meterId2_0_, genpoweren0_.value as value3_0_ from tbl_genpower genpoweren0_ where (genpoweren0_.meterId in (? , ? , ? , ? , ? , ? , ? , ? , ? , ? , ?)) and (genpoweren0_.time between ? and ?)
2019-03-04 16:43:04.039 [main] DEBUG com.sk.zl.ZlApplication - Running with Spring Boot v2.1.2.RELEASE, Spring v5.1.4.RELEASE
2019-03-04 17:23:30.741 [http-nio-9251-exec-2] DEBUG org.hibernate.SQL - select metergroup0_.id as id1_4_0_, metergroup0_.name as name2_4_0_ from tbl_metergroup metergroup0_ where metergroup0_.id=?
2019-03-04 17:23:30.812 [http-nio-9251-exec-2] DEBUG org.hibernate.SQL - select meterset0_.groupId as groupId4_2_0_, meterset0_.id as id1_2_0_, meterset0_.id as id1_2_1_, meterset0_.groupId as groupId4_2_1_, meterset0_.name as name2_2_1_, meterset0_.updateTime as updateTi3_2_1_ from tbl_meter meterset0_ where meterset0_.groupId=?
2019-03-04 17:23:30.850 [http-nio-9251-exec-2] DEBUG org.hibernate.SQL - select genpoweren0_.time as time1_0_, genpoweren0_.meterId as meterId2_0_, genpoweren0_.value as value3_0_ from tbl_genpower genpoweren0_ where (genpoweren0_.meterId in (? , ? , ? , ? , ? , ?)) and (genpoweren0_.time between ? and ?)
2019-03-04 17:23:30.859 [http-nio-9251-exec-2] DEBUG org.hibernate.SQL - select genpoweren0_.time as time1_0_, genpoweren0_.meterId as meterId2_0_, genpoweren0_.value as value3_0_ from tbl_genpower genpoweren0_ where (genpoweren0_.meterId in (? , ? , ? , ? , ? , ?)) and (genpoweren0_.time between ? and ?)
2019-03-04 17:23:30.863 [http-nio-9251-exec-2] DEBUG org.hibernate.SQL - select metergroup0_.id as id1_4_0_, metergroup0_.name as name2_4_0_ from tbl_metergroup metergroup0_ where metergroup0_.id=?
2019-03-04 17:23:30.869 [http-nio-9251-exec-2] DEBUG org.hibernate.SQL - select meterset0_.groupId as groupId4_2_0_, meterset0_.id as id1_2_0_, meterset0_.id as id1_2_1_, meterset0_.groupId as groupId4_2_1_, meterset0_.name as name2_2_1_, meterset0_.updateTime as updateTi3_2_1_ from tbl_meter meterset0_ where meterset0_.groupId=?
2019-03-04 17:23:30.875 [http-nio-9251-exec-2] DEBUG org.hibernate.SQL - select genpoweren0_.time as time1_0_, genpoweren0_.meterId as meterId2_0_, genpoweren0_.value as value3_0_ from tbl_genpower genpoweren0_ where (genpoweren0_.meterId in (? , ? , ? , ? , ? , ? , ? , ? , ? , ? , ?)) and (genpoweren0_.time between ? and ?)
2019-03-04 17:24:07.521 [http-nio-9251-exec-1] DEBUG org.hibernate.SQL - select planpowere0_.id as id1_6_, planpowere0_.planPower as planPowe2_6_, planpowere0_.updateTime as updateTi3_6_, planpowere0_.year as year4_6_ from tbl_planpower planpowere0_ where planpowere0_.year=?
2019-03-04 17:24:07.525 [http-nio-9251-exec-1] DEBUG org.hibernate.SQL - select metergroup0_.id as id1_4_0_, metergroup0_.name as name2_4_0_ from tbl_metergroup metergroup0_ where metergroup0_.id=?
2019-03-04 17:24:07.529 [http-nio-9251-exec-1] DEBUG org.hibernate.SQL - select meterset0_.groupId as groupId4_2_0_, meterset0_.id as id1_2_0_, meterset0_.id as id1_2_1_, meterset0_.groupId as groupId4_2_1_, meterset0_.name as name2_2_1_, meterset0_.updateTime as updateTi3_2_1_ from tbl_meter meterset0_ where meterset0_.groupId=?
2019-03-04 17:24:07.533 [http-nio-9251-exec-1] DEBUG org.hibernate.SQL - select genpoweren0_.time as time1_0_, genpoweren0_.meterId as meterId2_0_, genpoweren0_.value as value3_0_ from tbl_genpower genpoweren0_ where (genpoweren0_.meterId in (? , ? , ? , ? , ? , ?)) and (genpoweren0_.time between ? and ?)
2019-03-04 17:24:07.541 [http-nio-9251-exec-1] DEBUG org.hibernate.SQL - select genpoweren0_.time as time1_0_, genpoweren0_.meterId as meterId2_0_, genpoweren0_.value as value3_0_ from tbl_genpower genpoweren0_ where (genpoweren0_.meterId in (? , ? , ? , ? , ? , ?)) and (genpoweren0_.time between ? and ?)
2019-03-04 17:27:31.376 [http-nio-9251-exec-1] DEBUG org.hibernate.SQL - select planpowere0_.id as id1_6_, planpowere0_.planPower as planPowe2_6_, planpowere0_.updateTime as updateTi3_6_, planpowere0_.year as year4_6_ from tbl_planpower planpowere0_ where planpowere0_.year=?
2019-03-04 17:27:31.414 [http-nio-9251-exec-1] DEBUG org.hibernate.SQL - select metergroup0_.id as id1_4_0_, metergroup0_.name as name2_4_0_ from tbl_metergroup metergroup0_ where metergroup0_.id=?
2019-03-04 17:27:31.427 [http-nio-9251-exec-1] DEBUG org.hibernate.SQL - select meterset0_.groupId as groupId4_2_0_, meterset0_.id as id1_2_0_, meterset0_.id as id1_2_1_, meterset0_.groupId as groupId4_2_1_, meterset0_.name as name2_2_1_, meterset0_.updateTime as updateTi3_2_1_ from tbl_meter meterset0_ where meterset0_.groupId=?
2019-03-04 17:27:31.439 [http-nio-9251-exec-1] DEBUG org.hibernate.SQL - select genpoweren0_.time as time1_0_, genpoweren0_.meterId as meterId2_0_, genpoweren0_.value as value3_0_ from tbl_genpower genpoweren0_ where (genpoweren0_.meterId in (? , ? , ? , ? , ? , ?)) and (genpoweren0_.time between ? and ?)
2019-03-04 17:27:31.447 [http-nio-9251-exec-1] DEBUG org.hibernate.SQL - select genpoweren0_.time as time1_0_, genpoweren0_.meterId as meterId2_0_, genpoweren0_.value as value3_0_ from tbl_genpower genpoweren0_ where (genpoweren0_.meterId in (? , ? , ? , ? , ? , ?)) and (genpoweren0_.time between ? and ?)
2019-03-04 17:28:27.239 [http-nio-9251-exec-1] DEBUG org.hibernate.SQL - select planpowere0_.id as id1_6_, planpowere0_.planPower as planPowe2_6_, planpowere0_.updateTime as updateTi3_6_, planpowere0_.year as year4_6_ from tbl_planpower planpowere0_ where planpowere0_.year=?
2019-03-04 17:28:27.274 [http-nio-9251-exec-1] DEBUG org.hibernate.SQL - select metergroup0_.id as id1_4_0_, metergroup0_.name as name2_4_0_ from tbl_metergroup metergroup0_ where metergroup0_.id=?
2019-03-04 17:28:27.287 [http-nio-9251-exec-1] DEBUG org.hibernate.SQL - select meterset0_.groupId as groupId4_2_0_, meterset0_.id as id1_2_0_, meterset0_.id as id1_2_1_, meterset0_.groupId as groupId4_2_1_, meterset0_.name as name2_2_1_, meterset0_.updateTime as updateTi3_2_1_ from tbl_meter meterset0_ where meterset0_.groupId=?
2019-03-04 17:28:27.300 [http-nio-9251-exec-1] DEBUG org.hibernate.SQL - select genpoweren0_.time as time1_0_, genpoweren0_.meterId as meterId2_0_, genpoweren0_.value as value3_0_ from tbl_genpower genpoweren0_ where (genpoweren0_.meterId in (? , ? , ? , ? , ? , ?)) and (genpoweren0_.time between ? and ?)
2019-03-04 17:28:27.309 [http-nio-9251-exec-1] DEBUG org.hibernate.SQL - select genpoweren0_.time as time1_0_, genpoweren0_.meterId as meterId2_0_, genpoweren0_.value as value3_0_ from tbl_genpower genpoweren0_ where (genpoweren0_.meterId in (? , ? , ? , ? , ? , ?)) and (genpoweren0_.time between ? and ?)
2019-03-04 17:29:35.033 [http-nio-9251-exec-1] DEBUG org.hibernate.SQL - select planpowere0_.id as id1_6_, planpowere0_.planPower as planPowe2_6_, planpowere0_.updateTime as updateTi3_6_, planpowere0_.year as year4_6_ from tbl_planpower planpowere0_ where planpowere0_.year=?
2019-03-04 17:29:35.069 [http-nio-9251-exec-1] DEBUG org.hibernate.SQL - select metergroup0_.id as id1_4_0_, metergroup0_.name as name2_4_0_ from tbl_metergroup metergroup0_ where metergroup0_.id=?
2019-03-04 17:29:35.080 [http-nio-9251-exec-1] DEBUG org.hibernate.SQL - select meterset0_.groupId as groupId4_2_0_, meterset0_.id as id1_2_0_, meterset0_.id as id1_2_1_, meterset0_.groupId as groupId4_2_1_, meterset0_.name as name2_2_1_, meterset0_.updateTime as updateTi3_2_1_ from tbl_meter meterset0_ where meterset0_.groupId=?
2019-03-04 17:29:35.092 [http-nio-9251-exec-1] DEBUG org.hibernate.SQL - select genpoweren0_.time as time1_0_, genpoweren0_.meterId as meterId2_0_, genpoweren0_.value as value3_0_ from tbl_genpower genpoweren0_ where (genpoweren0_.meterId in (? , ? , ? , ? , ? , ?)) and (genpoweren0_.time between ? and ?)
2019-03-04 17:29:35.100 [http-nio-9251-exec-1] DEBUG org.hibernate.SQL - select genpoweren0_.time as time1_0_, genpoweren0_.meterId as meterId2_0_, genpoweren0_.value as value3_0_ from tbl_genpower genpoweren0_ where (genpoweren0_.meterId in (? , ? , ? , ? , ? , ?)) and (genpoweren0_.time between ? and ?)
2019-03-04 17:32:16.202 [http-nio-9251-exec-2] DEBUG org.hibernate.SQL - select planpowere0_.id as id1_6_, planpowere0_.planPower as planPowe2_6_, planpowere0_.updateTime as updateTi3_6_, planpowere0_.year as year4_6_ from tbl_planpower planpowere0_ where planpowere0_.year=?
2019-03-04 17:32:16.238 [http-nio-9251-exec-2] DEBUG org.hibernate.SQL - select metergroup0_.id as id1_4_0_, metergroup0_.name as name2_4_0_ from tbl_metergroup metergroup0_ where metergroup0_.id=?
2019-03-04 17:32:16.252 [http-nio-9251-exec-2] DEBUG org.hibernate.SQL - select meterset0_.groupId as groupId4_2_0_, meterset0_.id as id1_2_0_, meterset0_.id as id1_2_1_, meterset0_.groupId as groupId4_2_1_, meterset0_.name as name2_2_1_, meterset0_.updateTime as updateTi3_2_1_ from tbl_meter meterset0_ where meterset0_.groupId=?
2019-03-04 17:32:16.264 [http-nio-9251-exec-2] DEBUG org.hibernate.SQL - select genpoweren0_.time as time1_0_, genpoweren0_.meterId as meterId2_0_, genpoweren0_.value as value3_0_ from tbl_genpower genpoweren0_ where (genpoweren0_.meterId in (? , ? , ? , ? , ? , ?)) and (genpoweren0_.time between ? and ?)
2019-03-04 17:32:16.274 [http-nio-9251-exec-2] DEBUG org.hibernate.SQL - select genpoweren0_.time as time1_0_, genpoweren0_.meterId as meterId2_0_, genpoweren0_.value as value3_0_ from tbl_genpower genpoweren0_ where (genpoweren0_.meterId in (? , ? , ? , ? , ? , ?)) and (genpoweren0_.time between ? and ?)
2019-03-04 17:32:16.281 [http-nio-9251-exec-2] DEBUG org.hibernate.SQL - select genpoweren0_.time as time1_0_, genpoweren0_.meterId as meterId2_0_, genpoweren0_.value as value3_0_ from tbl_genpower genpoweren0_ where (genpoweren0_.meterId in (? , ? , ? , ? , ? , ?)) and (genpoweren0_.time between ? and ?)
2019-03-04 17:32:16.287 [http-nio-9251-exec-2] DEBUG org.hibernate.SQL - select genpoweren0_.time as time1_0_, genpoweren0_.meterId as meterId2_0_, genpoweren0_.value as value3_0_ from tbl_genpower genpoweren0_ where (genpoweren0_.meterId in (? , ? , ? , ? , ? , ?)) and (genpoweren0_.time between ? and ?)
2019-03-04 17:32:16.292 [http-nio-9251-exec-2] DEBUG org.hibernate.SQL - select genpoweren0_.time as time1_0_, genpoweren0_.meterId as meterId2_0_, genpoweren0_.value as value3_0_ from tbl_genpower genpoweren0_ where (genpoweren0_.meterId in (? , ? , ? , ? , ? , ?)) and (genpoweren0_.time between ? and ?)
2019-03-04 17:32:16.297 [http-nio-9251-exec-2] DEBUG org.hibernate.SQL - select genpoweren0_.time as time1_0_, genpoweren0_.meterId as meterId2_0_, genpoweren0_.value as value3_0_ from tbl_genpower genpoweren0_ where (genpoweren0_.meterId in (? , ? , ? , ? , ? , ?)) and (genpoweren0_.time between ? and ?)
2019-03-04 17:32:16.302 [http-nio-9251-exec-2] DEBUG org.hibernate.SQL - select genpoweren0_.time as time1_0_, genpoweren0_.meterId as meterId2_0_, genpoweren0_.value as value3_0_ from tbl_genpower genpoweren0_ where (genpoweren0_.meterId in (? , ? , ? , ? , ? , ?)) and (genpoweren0_.time between ? and ?)
2019-03-04 17:32:16.307 [http-nio-9251-exec-2] DEBUG org.hibernate.SQL - select genpoweren0_.time as time1_0_, genpoweren0_.meterId as meterId2_0_, genpoweren0_.value as value3_0_ from tbl_genpower genpoweren0_ where (genpoweren0_.meterId in (? , ? , ? , ? , ? , ?)) and (genpoweren0_.time between ? and ?)
2019-03-04 17:32:16.311 [http-nio-9251-exec-2] DEBUG org.hibernate.SQL - select genpoweren0_.time as time1_0_, genpoweren0_.meterId as meterId2_0_, genpoweren0_.value as value3_0_ from tbl_genpower genpoweren0_ where (genpoweren0_.meterId in (? , ? , ? , ? , ? , ?)) and (genpoweren0_.time between ? and ?)
2019-03-04 17:32:16.315 [http-nio-9251-exec-2] DEBUG org.hibernate.SQL - select genpoweren0_.time as time1_0_, genpoweren0_.meterId as meterId2_0_, genpoweren0_.value as value3_0_ from tbl_genpower genpoweren0_ where (genpoweren0_.meterId in (? , ? , ? , ? , ? , ?)) and (genpoweren0_.time between ? and ?)
2019-03-04 17:32:16.319 [http-nio-9251-exec-2] DEBUG org.hibernate.SQL - select genpoweren0_.time as time1_0_, genpoweren0_.meterId as meterId2_0_, genpoweren0_.value as value3_0_ from tbl_genpower genpoweren0_ where (genpoweren0_.meterId in (? , ? , ? , ? , ? , ?)) and (genpoweren0_.time between ? and ?)
2019-03-04 17:32:16.323 [http-nio-9251-exec-2] DEBUG org.hibernate.SQL - select genpoweren0_.time as time1_0_, genpoweren0_.meterId as meterId2_0_, genpoweren0_.value as value3_0_ from tbl_genpower genpoweren0_ where (genpoweren0_.meterId in (? , ? , ? , ? , ? , ?)) and (genpoweren0_.time between ? and ?)
2019-03-04 17:32:16.327 [http-nio-9251-exec-2] DEBUG org.hibernate.SQL - select genpoweren0_.time as time1_0_, genpoweren0_.meterId as meterId2_0_, genpoweren0_.value as value3_0_ from tbl_genpower genpoweren0_ where (genpoweren0_.meterId in (? , ? , ? , ? , ? , ?)) and (genpoweren0_.time between ? and ?)
2019-03-04 17:34:30.875 [http-nio-9251-exec-1] DEBUG org.hibernate.SQL - select planpowere0_.id as id1_6_, planpowere0_.planPower as planPowe2_6_, planpowere0_.updateTime as updateTi3_6_, planpowere0_.year as year4_6_ from tbl_planpower planpowere0_ where planpowere0_.year=?
2019-03-04 17:34:30.911 [http-nio-9251-exec-1] DEBUG org.hibernate.SQL - select metergroup0_.id as id1_4_0_, metergroup0_.name as name2_4_0_ from tbl_metergroup metergroup0_ where metergroup0_.id=?
2019-03-04 17:34:30.925 [http-nio-9251-exec-1] DEBUG org.hibernate.SQL - select meterset0_.groupId as groupId4_2_0_, meterset0_.id as id1_2_0_, meterset0_.id as id1_2_1_, meterset0_.groupId as groupId4_2_1_, meterset0_.name as name2_2_1_, meterset0_.updateTime as updateTi3_2_1_ from tbl_meter meterset0_ where meterset0_.groupId=?
2019-03-04 17:34:30.937 [http-nio-9251-exec-1] DEBUG org.hibernate.SQL - select genpoweren0_.time as time1_0_, genpoweren0_.meterId as meterId2_0_, genpoweren0_.value as value3_0_ from tbl_genpower genpoweren0_ where (genpoweren0_.meterId in (? , ? , ? , ? , ? , ?)) and (genpoweren0_.time between ? and ?)
2019-03-04 17:34:30.945 [http-nio-9251-exec-1] DEBUG org.hibernate.SQL - select genpoweren0_.time as time1_0_, genpoweren0_.meterId as meterId2_0_, genpoweren0_.value as value3_0_ from tbl_genpower genpoweren0_ where (genpoweren0_.meterId in (? , ? , ? , ? , ? , ?)) and (genpoweren0_.time between ? and ?)
2019-03-04 17:34:30.953 [http-nio-9251-exec-1] DEBUG org.hibernate.SQL - select genpoweren0_.time as time1_0_, genpoweren0_.meterId as meterId2_0_, genpoweren0_.value as value3_0_ from tbl_genpower genpoweren0_ where (genpoweren0_.meterId in (? , ? , ? , ? , ? , ?)) and (genpoweren0_.time between ? and ?)
2019-03-04 17:34:30.959 [http-nio-9251-exec-1] DEBUG org.hibernate.SQL - select genpoweren0_.time as time1_0_, genpoweren0_.meterId as meterId2_0_, genpoweren0_.value as value3_0_ from tbl_genpower genpoweren0_ where (genpoweren0_.meterId in (? , ? , ? , ? , ? , ?)) and (genpoweren0_.time between ? and ?)
2019-03-04 17:34:30.963 [http-nio-9251-exec-1] DEBUG org.hibernate.SQL - select genpoweren0_.time as time1_0_, genpoweren0_.meterId as meterId2_0_, genpoweren0_.value as value3_0_ from tbl_genpower genpoweren0_ where (genpoweren0_.meterId in (? , ? , ? , ? , ? , ?)) and (genpoweren0_.time between ? and ?)
2019-03-04 17:34:30.968 [http-nio-9251-exec-1] DEBUG org.hibernate.SQL - select genpoweren0_.time as time1_0_, genpoweren0_.meterId as meterId2_0_, genpoweren0_.value as value3_0_ from tbl_genpower genpoweren0_ where (genpoweren0_.meterId in (? , ? , ? , ? , ? , ?)) and (genpoweren0_.time between ? and ?)
2019-03-04 17:34:30.972 [http-nio-9251-exec-1] DEBUG org.hibernate.SQL - select genpoweren0_.time as time1_0_, genpoweren0_.meterId as meterId2_0_, genpoweren0_.value as value3_0_ from tbl_genpower genpoweren0_ where (genpoweren0_.meterId in (? , ? , ? , ? , ? , ?)) and (genpoweren0_.time between ? and ?)
2019-03-04 17:34:30.977 [http-nio-9251-exec-1] DEBUG org.hibernate.SQL - select genpoweren0_.time as time1_0_, genpoweren0_.meterId as meterId2_0_, genpoweren0_.value as value3_0_ from tbl_genpower genpoweren0_ where (genpoweren0_.meterId in (? , ? , ? , ? , ? , ?)) and (genpoweren0_.time between ? and ?)
2019-03-04 17:34:30.981 [http-nio-9251-exec-1] DEBUG org.hibernate.SQL - select genpoweren0_.time as time1_0_, genpoweren0_.meterId as meterId2_0_, genpoweren0_.value as value3_0_ from tbl_genpower genpoweren0_ where (genpoweren0_.meterId in (? , ? , ? , ? , ? , ?)) and (genpoweren0_.time between ? and ?)
2019-03-04 17:34:30.986 [http-nio-9251-exec-1] DEBUG org.hibernate.SQL - select genpoweren0_.time as time1_0_, genpoweren0_.meterId as meterId2_0_, genpoweren0_.value as value3_0_ from tbl_genpower genpoweren0_ where (genpoweren0_.meterId in (? , ? , ? , ? , ? , ?)) and (genpoweren0_.time between ? and ?)
2019-03-04 17:34:30.990 [http-nio-9251-exec-1] DEBUG org.hibernate.SQL - select genpoweren0_.time as time1_0_, genpoweren0_.meterId as meterId2_0_, genpoweren0_.value as value3_0_ from tbl_genpower genpoweren0_ where (genpoweren0_.meterId in (? , ? , ? , ? , ? , ?)) and (genpoweren0_.time between ? and ?)
2019-03-04 17:34:30.993 [http-nio-9251-exec-1] DEBUG org.hibernate.SQL - select genpoweren0_.time as time1_0_, genpoweren0_.meterId as meterId2_0_, genpoweren0_.value as value3_0_ from tbl_genpower genpoweren0_ where (genpoweren0_.meterId in (? , ? , ? , ? , ? , ?)) and (genpoweren0_.time between ? and ?)
2019-03-04 17:34:30.997 [http-nio-9251-exec-1] DEBUG org.hibernate.SQL - select genpoweren0_.time as time1_0_, genpoweren0_.meterId as meterId2_0_, genpoweren0_.value as value3_0_ from tbl_genpower genpoweren0_ where (genpoweren0_.meterId in (? , ? , ? , ? , ? , ?)) and (genpoweren0_.time between ? and ?)
2019-03-04 17:36:49.942 [http-nio-9251-exec-1] DEBUG org.hibernate.SQL - select planpowere0_.id as id1_6_, planpowere0_.planPower as planPowe2_6_, planpowere0_.updateTime as updateTi3_6_, planpowere0_.year as year4_6_ from tbl_planpower planpowere0_ where planpowere0_.year=?
2019-03-04 17:36:49.984 [http-nio-9251-exec-1] DEBUG org.hibernate.SQL - select metergroup0_.id as id1_4_0_, metergroup0_.name as name2_4_0_ from tbl_metergroup metergroup0_ where metergroup0_.id=?
2019-03-04 17:36:49.998 [http-nio-9251-exec-1] DEBUG org.hibernate.SQL - select meterset0_.groupId as groupId4_2_0_, meterset0_.id as id1_2_0_, meterset0_.id as id1_2_1_, meterset0_.groupId as groupId4_2_1_, meterset0_.name as name2_2_1_, meterset0_.updateTime as updateTi3_2_1_ from tbl_meter meterset0_ where meterset0_.groupId=?
2019-03-04 17:36:50.010 [http-nio-9251-exec-1] DEBUG org.hibernate.SQL - select genpoweren0_.time as time1_0_, genpoweren0_.meterId as meterId2_0_, genpoweren0_.value as value3_0_ from tbl_genpower genpoweren0_ where (genpoweren0_.meterId in (? , ? , ? , ? , ? , ?)) and (genpoweren0_.time between ? and ?)
2019-03-04 17:36:50.019 [http-nio-9251-exec-1] DEBUG org.hibernate.SQL - select genpoweren0_.time as time1_0_, genpoweren0_.meterId as meterId2_0_, genpoweren0_.value as value3_0_ from tbl_genpower genpoweren0_ where (genpoweren0_.meterId in (? , ? , ? , ? , ? , ?)) and (genpoweren0_.time between ? and ?)
2019-03-04 17:36:50.025 [http-nio-9251-exec-1] DEBUG org.hibernate.SQL - select genpoweren0_.time as time1_0_, genpoweren0_.meterId as meterId2_0_, genpoweren0_.value as value3_0_ from tbl_genpower genpoweren0_ where (genpoweren0_.meterId in (? , ? , ? , ? , ? , ?)) and (genpoweren0_.time between ? and ?)
2019-03-04 17:36:50.030 [http-nio-9251-exec-1] DEBUG org.hibernate.SQL - select genpoweren0_.time as time1_0_, genpoweren0_.meterId as meterId2_0_, genpoweren0_.value as value3_0_ from tbl_genpower genpoweren0_ where (genpoweren0_.meterId in (? , ? , ? , ? , ? , ?)) and (genpoweren0_.time between ? and ?)
2019-03-04 17:36:50.035 [http-nio-9251-exec-1] DEBUG org.hibernate.SQL - select genpoweren0_.time as time1_0_, genpoweren0_.meterId as meterId2_0_, genpoweren0_.value as value3_0_ from tbl_genpower genpoweren0_ where (genpoweren0_.meterId in (? , ? , ? , ? , ? , ?)) and (genpoweren0_.time between ? and ?)
2019-03-04 17:36:50.039 [http-nio-9251-exec-1] DEBUG org.hibernate.SQL - select genpoweren0_.time as time1_0_, genpoweren0_.meterId as meterId2_0_, genpoweren0_.value as value3_0_ from tbl_genpower genpoweren0_ where (genpoweren0_.meterId in (? , ? , ? , ? , ? , ?)) and (genpoweren0_.time between ? and ?)
2019-03-04 17:36:50.044 [http-nio-9251-exec-1] DEBUG org.hibernate.SQL - select genpoweren0_.time as time1_0_, genpoweren0_.meterId as meterId2_0_, genpoweren0_.value as value3_0_ from tbl_genpower genpoweren0_ where (genpoweren0_.meterId in (? , ? , ? , ? , ? , ?)) and (genpoweren0_.time between ? and ?)
2019-03-04 17:36:50.049 [http-nio-9251-exec-1] DEBUG org.hibernate.SQL - select genpoweren0_.time as time1_0_, genpoweren0_.meterId as meterId2_0_, genpoweren0_.value as value3_0_ from tbl_genpower genpoweren0_ where (genpoweren0_.meterId in (? , ? , ? , ? , ? , ?)) and (genpoweren0_.time between ? and ?)
2019-03-04 17:36:50.054 [http-nio-9251-exec-1] DEBUG org.hibernate.SQL - select genpoweren0_.time as time1_0_, genpoweren0_.meterId as meterId2_0_, genpoweren0_.value as value3_0_ from tbl_genpower genpoweren0_ where (genpoweren0_.meterId in (? , ? , ? , ? , ? , ?)) and (genpoweren0_.time between ? and ?)
2019-03-04 17:36:50.059 [http-nio-9251-exec-1] DEBUG org.hibernate.SQL - select genpoweren0_.time as time1_0_, genpoweren0_.meterId as meterId2_0_, genpoweren0_.value as value3_0_ from tbl_genpower genpoweren0_ where (genpoweren0_.meterId in (? , ? , ? , ? , ? , ?)) and (genpoweren0_.time between ? and ?)
2019-03-04 17:36:50.063 [http-nio-9251-exec-1] DEBUG org.hibernate.SQL - select genpoweren0_.time as time1_0_, genpoweren0_.meterId as meterId2_0_, genpoweren0_.value as value3_0_ from tbl_genpower genpoweren0_ where (genpoweren0_.meterId in (? , ? , ? , ? , ? , ?)) and (genpoweren0_.time between ? and ?)
2019-03-04 17:36:50.068 [http-nio-9251-exec-1] DEBUG org.hibernate.SQL - select genpoweren0_.time as time1_0_, genpoweren0_.meterId as meterId2_0_, genpoweren0_.value as value3_0_ from tbl_genpower genpoweren0_ where (genpoweren0_.meterId in (? , ? , ? , ? , ? , ?)) and (genpoweren0_.time between ? and ?)
2019-03-04 17:36:50.073 [http-nio-9251-exec-1] DEBUG org.hibernate.SQL - select genpoweren0_.time as time1_0_, genpoweren0_.meterId as meterId2_0_, genpoweren0_.value as value3_0_ from tbl_genpower genpoweren0_ where (genpoweren0_.meterId in (? , ? , ? , ? , ? , ?)) and (genpoweren0_.time between ? and ?)
2019-03-04 17:41:02.559 [http-nio-9251-exec-2] DEBUG org.hibernate.SQL - select planpowere0_.id as id1_6_, planpowere0_.planPower as planPowe2_6_, planpowere0_.updateTime as updateTi3_6_, planpowere0_.year as year4_6_ from tbl_planpower planpowere0_ where planpowere0_.year=?
2019-03-04 17:41:02.596 [http-nio-9251-exec-2] DEBUG org.hibernate.SQL - select metergroup0_.id as id1_4_0_, metergroup0_.name as name2_4_0_ from tbl_metergroup metergroup0_ where metergroup0_.id=?
2019-03-04 17:41:02.609 [http-nio-9251-exec-2] DEBUG org.hibernate.SQL - select meterset0_.groupId as groupId4_2_0_, meterset0_.id as id1_2_0_, meterset0_.id as id1_2_1_, meterset0_.groupId as groupId4_2_1_, meterset0_.name as name2_2_1_, meterset0_.updateTime as updateTi3_2_1_ from tbl_meter meterset0_ where meterset0_.groupId=?
2019-03-04 17:41:02.622 [http-nio-9251-exec-2] DEBUG org.hibernate.SQL - select genpoweren0_.time as time1_0_, genpoweren0_.meterId as meterId2_0_, genpoweren0_.value as value3_0_ from tbl_genpower genpoweren0_ where (genpoweren0_.meterId in (? , ? , ? , ? , ? , ?)) and genpoweren0_.time>? and genpoweren0_.time<?
2019-03-04 17:41:02.629 [http-nio-9251-exec-2] DEBUG org.hibernate.SQL - select genpoweren0_.time as time1_0_, genpoweren0_.meterId as meterId2_0_, genpoweren0_.value as value3_0_ from tbl_genpower genpoweren0_ where (genpoweren0_.meterId in (? , ? , ? , ? , ? , ?)) and genpoweren0_.time>? and genpoweren0_.time<?
2019-03-04 17:41:02.636 [http-nio-9251-exec-2] DEBUG org.hibernate.SQL - select genpoweren0_.time as time1_0_, genpoweren0_.meterId as meterId2_0_, genpoweren0_.value as value3_0_ from tbl_genpower genpoweren0_ where (genpoweren0_.meterId in (? , ? , ? , ? , ? , ?)) and genpoweren0_.time>? and genpoweren0_.time<?
2019-03-04 17:41:02.642 [http-nio-9251-exec-2] DEBUG org.hibernate.SQL - select genpoweren0_.time as time1_0_, genpoweren0_.meterId as meterId2_0_, genpoweren0_.value as value3_0_ from tbl_genpower genpoweren0_ where (genpoweren0_.meterId in (? , ? , ? , ? , ? , ?)) and genpoweren0_.time>? and genpoweren0_.time<?
2019-03-04 17:41:02.647 [http-nio-9251-exec-2] DEBUG org.hibernate.SQL - select genpoweren0_.time as time1_0_, genpoweren0_.meterId as meterId2_0_, genpoweren0_.value as value3_0_ from tbl_genpower genpoweren0_ where (genpoweren0_.meterId in (? , ? , ? , ? , ? , ?)) and genpoweren0_.time>? and genpoweren0_.time<?
2019-03-04 17:41:02.652 [http-nio-9251-exec-2] DEBUG org.hibernate.SQL - select genpoweren0_.time as time1_0_, genpoweren0_.meterId as meterId2_0_, genpoweren0_.value as value3_0_ from tbl_genpower genpoweren0_ where (genpoweren0_.meterId in (? , ? , ? , ? , ? , ?)) and genpoweren0_.time>? and genpoweren0_.time<?
2019-03-04 17:41:02.657 [http-nio-9251-exec-2] DEBUG org.hibernate.SQL - select genpoweren0_.time as time1_0_, genpoweren0_.meterId as meterId2_0_, genpoweren0_.value as value3_0_ from tbl_genpower genpoweren0_ where (genpoweren0_.meterId in (? , ? , ? , ? , ? , ?)) and genpoweren0_.time>? and genpoweren0_.time<?
2019-03-04 17:41:02.661 [http-nio-9251-exec-2] DEBUG org.hibernate.SQL - select genpoweren0_.time as time1_0_, genpoweren0_.meterId as meterId2_0_, genpoweren0_.value as value3_0_ from tbl_genpower genpoweren0_ where (genpoweren0_.meterId in (? , ? , ? , ? , ? , ?)) and genpoweren0_.time>? and genpoweren0_.time<?
2019-03-04 17:41:02.667 [http-nio-9251-exec-2] DEBUG org.hibernate.SQL - select genpoweren0_.time as time1_0_, genpoweren0_.meterId as meterId2_0_, genpoweren0_.value as value3_0_ from tbl_genpower genpoweren0_ where (genpoweren0_.meterId in (? , ? , ? , ? , ? , ?)) and genpoweren0_.time>? and genpoweren0_.time<?
2019-03-04 17:41:02.671 [http-nio-9251-exec-2] DEBUG org.hibernate.SQL - select genpoweren0_.time as time1_0_, genpoweren0_.meterId as meterId2_0_, genpoweren0_.value as value3_0_ from tbl_genpower genpoweren0_ where (genpoweren0_.meterId in (? , ? , ? , ? , ? , ?)) and genpoweren0_.time>? and genpoweren0_.time<?
2019-03-04 17:41:02.676 [http-nio-9251-exec-2] DEBUG org.hibernate.SQL - select genpoweren0_.time as time1_0_, genpoweren0_.meterId as meterId2_0_, genpoweren0_.value as value3_0_ from tbl_genpower genpoweren0_ where (genpoweren0_.meterId in (? , ? , ? , ? , ? , ?)) and genpoweren0_.time>? and genpoweren0_.time<?
2019-03-04 17:41:02.680 [http-nio-9251-exec-2] DEBUG org.hibernate.SQL - select genpoweren0_.time as time1_0_, genpoweren0_.meterId as meterId2_0_, genpoweren0_.value as value3_0_ from tbl_genpower genpoweren0_ where (genpoweren0_.meterId in (? , ? , ? , ? , ? , ?)) and genpoweren0_.time>? and genpoweren0_.time<?
2019-03-04 17:41:02.685 [http-nio-9251-exec-2] DEBUG org.hibernate.SQL - select genpoweren0_.time as time1_0_, genpoweren0_.meterId as meterId2_0_, genpoweren0_.value as value3_0_ from tbl_genpower genpoweren0_ where (genpoweren0_.meterId in (? , ? , ? , ? , ? , ?)) and genpoweren0_.time>? and genpoweren0_.time<?
