2019-03-25 10:06:43.054 [main] INFO  com.sk.zl.ZlApplication - Starting ZlApplication on DESKTOP-BITI73K with PID 14324 (E:\ZL\ZLOnlineAnalysisSystem\target\classes started by admin in E:\ZL\ZLOnlineAnalysisSystem)
2019-03-25 10:06:43.068 [main] INFO  com.sk.zl.ZlApplication - The following profiles are active: pro
2019-03-25 10:06:46.104 [main] INFO  o.s.d.r.config.RepositoryConfigurationDelegate - Bootstrapping Spring Data repositories in DEFAULT mode.
2019-03-25 10:06:46.221 [main] INFO  o.s.d.r.config.RepositoryConfigurationDelegate - Finished Spring Data repository scanning in 100ms. Found 9 repository interfaces.
2019-03-25 10:06:46.221 [main] INFO  o.s.d.r.config.RepositoryConfigurationDelegate - Bootstrapping Spring Data repositories in DEFAULT mode.
2019-03-25 10:06:46.230 [main] INFO  o.s.d.r.config.RepositoryConfigurationDelegate - Finished Spring Data repository scanning in 8ms. Found 3 repository interfaces.
2019-03-25 10:06:46.909 [main] INFO  o.s.c.s.PostProcessorRegistrationDelegate$BeanPostProcessorChecker - Bean 'asyncTaskConfig' of type [com.sk.zl.config.base.AsyncTaskConfig$$EnhancerBySpringCGLIB$$8e230852] is not eligible for getting processed by all BeanPostProcessors (for example: not eligible for auto-proxying)
2019-03-25 10:06:47.007 [main] INFO  o.s.c.s.PostProcessorRegistrationDelegate$BeanPostProcessorChecker - Bean 'org.springframework.transaction.annotation.ProxyTransactionManagementConfiguration' of type [org.springframework.transaction.annotation.ProxyTransactionManagementConfiguration$$EnhancerBySpringCGLIB$$6eb080ee] is not eligible for getting processed by all BeanPostProcessors (for example: not eligible for auto-proxying)
2019-03-25 10:06:47.627 [main] INFO  o.s.boot.web.embedded.tomcat.TomcatWebServer - Tomcat initialized with port(s): 9257 (http)
2019-03-25 10:06:47.655 [main] INFO  org.apache.coyote.http11.Http11NioProtocol - Initializing ProtocolHandler ["http-nio-9257"]
2019-03-25 10:06:47.664 [main] INFO  org.apache.catalina.core.StandardService - Starting service [Tomcat]
2019-03-25 10:06:47.665 [main] INFO  org.apache.catalina.core.StandardEngine - Starting Servlet engine: [Apache Tomcat/9.0.14]
2019-03-25 10:06:47.676 [main] INFO  org.apache.catalina.core.AprLifecycleListener - The APR based Apache Tomcat Native library which allows optimal performance in production environments was not found on the java.library.path: [C:\Program Files\Java\jdk1.8.0_161\bin;C:\WINDOWS\Sun\Java\bin;C:\WINDOWS\system32;C:\WINDOWS;C:\Program Files (x86)\Tirank\Janeos Client;C:\ProgramData\Oracle\Java\javapath;C:\Windows\system32;C:\Windows;C:\Windows\System32\Wbem;C:\Windows\System32\WindowsPowerShell\v1.0\;C:\Program Files\Git\cmd;C:\Program Files (x86)\scala\bin;C:\Program Files (x86)\scala\jre\bin;C:\Thrift;C:\apache-ant-1.10.1\bin;C:\Users\admin\.dnx\bin;C:\Program Files\Microsoft DNX\Dnvm\;C:\Program Files\Microsoft SQL Server\130\Tools\Binn\;C:\sbt\bin;C:\Program Files (x86)\NVIDIA Corporation\PhysX\Common;C:\Program Files (x86)\Windows Kits\8.1\Windows Performance Toolkit\;C:\Program Files (x86)\Windows Kits\10\Windows Performance Toolkit\;C:\Program Files (x86)\Windows Kits\10\bin\10.0.17134.0\x86\;C:\Program Files (x86)\Windows Kits\10\bin\10.0.17134.0\x64\;C:\WINDOWS\system32;C:\WINDOWS;C:\WINDOWS\System32\Wbem;C:\WINDOWS\System32\WindowsPowerShell\v1.0\;C:\WINDOWS\System32\OpenSSH\;C:\apache-maven-3.5.4-bin\bin;C:\Qt\Qt5.10.1\5.10.1\mingw53_32\bin;C:\mysql-5.7.24-winx64\bin;;C:\Program Files\Microsoft VS Code\bin;C:\Users\admin\AppData\Local\Programs\Python\Python37\Scripts\;C:\Users\admin\AppData\Local\Programs\Python\Python37\;C:\Program Files\Java\jdk1.8.0_161\bin;C:\Program Files\Java\jdk1.8.0_161\jre\bin;C:\apache-ant-1.10.1\bin;C:\sbt\bin;C:\Program Files\Bandizip\;C:\Program Files\Microsoft VS Code\bin;C:\Users\admin\AppData\Local\Microsoft\WindowsApps;;.]
2019-03-25 10:06:49.701 [main] INFO  o.a.c.core.ContainerBase.[Tomcat].[localhost].[/] - Initializing Spring embedded WebApplicationContext
2019-03-25 10:06:49.702 [main] INFO  org.springframework.web.context.ContextLoader - Root WebApplicationContext: initialization completed in 6530 ms
2019-03-25 10:06:49.706 [main] INFO  com.sk.zl.config.datasource.DruidConfig - 开始Druid Servlet初始化配置...
2019-03-25 10:06:50.657 [main] INFO  com.alibaba.druid.pool.DruidDataSource - {dataSource-1} inited
2019-03-25 10:06:50.728 [main] INFO  org.hibernate.jpa.internal.util.LogHelper - HHH000204: Processing PersistenceUnitInfo [
	name: zlPersistenceUnit
	...]
2019-03-25 10:06:50.820 [main] INFO  org.hibernate.Version - HHH000412: Hibernate Core {5.3.7.Final}
2019-03-25 10:06:50.821 [main] INFO  org.hibernate.cfg.Environment - HHH000206: hibernate.properties not found
2019-03-25 10:06:51.093 [main] INFO  org.hibernate.annotations.common.Version - HCANN000001: Hibernate Commons Annotations {5.0.4.Final}
2019-03-25 10:06:51.365 [main] INFO  org.hibernate.dialect.Dialect - HHH000400: Using dialect: org.hibernate.dialect.MySQL5Dialect
2019-03-25 10:06:52.414 [main] INFO  o.s.orm.jpa.LocalContainerEntityManagerFactoryBean - Initialized JPA EntityManagerFactory for persistence unit 'zlPersistenceUnit'
2019-03-25 10:06:52.457 [main] INFO  org.hibernate.jpa.internal.util.LogHelper - HHH000204: Processing PersistenceUnitInfo [
	name: alarmPersistenceUnit
	...]
2019-03-25 10:06:52.532 [main] INFO  com.alibaba.druid.pool.DruidDataSource - {dataSource-2} inited
2019-03-25 10:06:52.533 [main] INFO  org.hibernate.dialect.Dialect - HHH000400: Using dialect: org.hibernate.dialect.MySQL5Dialect
2019-03-25 10:06:52.600 [main] INFO  o.s.orm.jpa.LocalContainerEntityManagerFactoryBean - Initialized JPA EntityManagerFactory for persistence unit 'alarmPersistenceUnit'
2019-03-25 10:06:56.856 [main] INFO  o.h.hql.internal.QueryTranslatorFactoryInitiator - HHH000397: Using ASTQueryTranslatorFactory
2019-03-25 10:06:57.851 [main] INFO  s.d.s.w.PropertySourcedRequestMappingHandlerMapping - Mapped URL path [/v2/api-docs] onto method [public org.springframework.http.ResponseEntity<springfox.documentation.spring.web.json.Json> springfox.documentation.swagger2.web.Swagger2Controller.getDocumentation(java.lang.String,javax.servlet.http.HttpServletRequest)]
2019-03-25 10:06:58.052 [main] INFO  o.s.scheduling.concurrent.ThreadPoolTaskExecutor - Initializing ExecutorService 'applicationTaskExecutor'
2019-03-25 10:06:58.349 [main] INFO  s.d.s.web.plugins.DocumentationPluginsBootstrapper - Context refreshed
2019-03-25 10:06:58.369 [main] INFO  s.d.s.web.plugins.DocumentationPluginsBootstrapper - Found 1 custom documentation plugin(s)
2019-03-25 10:06:58.392 [main] INFO  s.d.spring.web.scanners.ApiListingReferenceScanner - Scanning for api listing references
2019-03-25 10:06:58.785 [main] INFO  org.apache.coyote.http11.Http11NioProtocol - Starting ProtocolHandler ["http-nio-9257"]
2019-03-25 10:06:58.845 [main] INFO  o.s.boot.web.embedded.tomcat.TomcatWebServer - Tomcat started on port(s): 9257 (http) with context path ''
2019-03-25 10:06:58.847 [main] INFO  com.sk.zl.ZlApplication - Started ZlApplication in 17.257 seconds (JVM running for 32.834)
2019-03-25 10:07:45.788 [http-nio-9257-exec-1] INFO  o.a.c.core.ContainerBase.[Tomcat].[localhost].[/] - Initializing Spring DispatcherServlet 'dispatcherServlet'
2019-03-25 10:07:45.789 [http-nio-9257-exec-1] INFO  org.springframework.web.servlet.DispatcherServlet - Initializing Servlet 'dispatcherServlet'
2019-03-25 10:07:45.798 [http-nio-9257-exec-1] INFO  org.springframework.web.servlet.DispatcherServlet - Completed initialization in 9 ms
2019-03-25 10:07:45.952 [http-nio-9257-exec-1] INFO  com.sk.zl.dao.skdb.impl.PointInfoDaoImpl - ReDataAnalysis{id=1, startTime=Fri Dec 21 10:00:33 CST 2018, endTime=Fri Dec 21 10:03:33 CST 2018}
2019-03-25 10:12:17.019 [http-nio-9257-exec-3] INFO  com.sk.zl.dao.skdb.impl.PointInfoDaoImpl - ReDataAnalysis{id=1, startTime=Fri Dec 21 10:00:33 CST 2018, endTime=Sat Dec 22 10:10:51 CST 2018}
2019-03-25 10:15:32.711 [http-nio-9257-exec-5] INFO  com.sk.zl.dao.skdb.impl.PointInfoDaoImpl - ReDataAnalysis{id=1, startTime=Fri Dec 21 10:00:33 CST 2018, endTime=Sat Dec 22 10:10:51 CST 2018}
2019-03-25 10:17:55.691 [http-nio-9257-exec-7] INFO  com.sk.zl.dao.skdb.impl.PointInfoDaoImpl - ReDataAnalysis{id=1, startTime=Fri Dec 21 10:00:33 CST 2018, endTime=Sat Dec 22 10:10:51 CST 2018}
2019-03-25 10:19:18.486 [http-nio-9257-exec-9] INFO  com.sk.zl.dao.skdb.impl.PointInfoDaoImpl - ReDataAnalysis{id=1, startTime=Fri Dec 21 10:00:33 CST 2018, endTime=Sat Dec 22 10:10:51 CST 2018}
2019-03-25 10:20:25.700 [http-nio-9257-exec-1] INFO  com.sk.zl.dao.skdb.impl.PointInfoDaoImpl - ReDataAnalysis{id=1, startTime=Fri Dec 21 10:00:33 CST 2018, endTime=Sat Dec 22 10:10:51 CST 2018}
2019-03-25 10:30:17.801 [http-nio-9257-exec-3] INFO  com.sk.zl.dao.skdb.impl.PointInfoDaoImpl - ReDataAnalysis{id=1, startTime=Fri Dec 21 10:00:33 CST 2018, endTime=Sat Dec 22 10:10:51 CST 2018}
2019-03-25 10:33:12.883 [http-nio-9257-exec-5] INFO  com.sk.zl.dao.skdb.impl.PointInfoDaoImpl - ReDataAnalysis{id=1, startTime=Fri Dec 21 10:00:33 CST 2018, endTime=Sat Dec 22 10:10:51 CST 2018}
2019-03-25 10:33:20.647 [http-nio-9257-exec-6] INFO  com.sk.zl.dao.skdb.impl.PointInfoDaoImpl - ReDataAnalysis{id=1, startTime=Fri Dec 21 10:00:33 CST 2018, endTime=Sat Dec 22 10:10:51 CST 2018}
2019-03-25 10:41:07.138 [http-nio-9257-exec-8] INFO  com.sk.zl.dao.skdb.impl.PointInfoDaoImpl - ReDataAnalysis{id=1, startTime=Fri Dec 21 10:00:33 CST 2018, endTime=Sat Dec 22 10:10:51 CST 2018}
2019-03-25 10:42:39.084 [http-nio-9257-exec-10] INFO  com.sk.zl.dao.skdb.impl.PointInfoDaoImpl - ReDataAnalysis{id=1, startTime=Fri Dec 21 10:00:33 CST 2018, endTime=Sat Dec 22 10:10:51 CST 2018}
2019-03-25 10:43:19.146 [http-nio-9257-exec-1] INFO  com.sk.zl.dao.skdb.impl.PointInfoDaoImpl - ReDataAnalysis{id=1, startTime=Fri Dec 21 10:00:33 CST 2018, endTime=Sat Dec 22 10:10:51 CST 2018}
2019-03-25 10:44:43.474 [http-nio-9257-exec-3] INFO  com.sk.zl.dao.skdb.impl.PointInfoDaoImpl - ReDataAnalysis{id=1, startTime=Tue Dec 25 10:00:51 CST 2018, endTime=Tue Dec 25 13:40:51 CST 2018}
2019-03-25 10:46:54.145 [http-nio-9257-exec-5] INFO  com.sk.zl.dao.skdb.impl.PointInfoDaoImpl - ReDataAnalysis{id=1, startTime=Tue Dec 25 10:00:51 CST 2018, endTime=Tue Dec 25 13:40:51 CST 2018}
2019-03-25 10:47:08.822 [http-nio-9257-exec-6] INFO  com.sk.zl.dao.skdb.impl.PointInfoDaoImpl - ReDataAnalysis{id=1, startTime=Tue Dec 25 10:00:51 CST 2018, endTime=Tue Dec 25 13:40:51 CST 2018}
2019-03-25 10:48:23.651 [http-nio-9257-exec-8] INFO  com.sk.zl.dao.skdb.impl.PointInfoDaoImpl - ReDataAnalysis{id=1, startTime=Tue Dec 25 10:00:51 CST 2018, endTime=Tue Dec 25 13:40:51 CST 2018}
2019-03-25 10:52:42.220 [http-nio-9257-exec-10] INFO  com.sk.zl.dao.skdb.impl.PointInfoDaoImpl - ReDataAnalysis{id=1, startTime=Fri Dec 21 10:40:51 CST 2018, endTime=Fri Dec 21 20:40:51 CST 2018}
2019-03-25 10:55:21.374 [http-nio-9257-exec-1] INFO  com.sk.zl.dao.skdb.impl.PointInfoDaoImpl - ReDataAnalysis{id=1, startTime=Fri Dec 21 10:40:51 CST 2018, endTime=Fri Dec 21 20:40:51 CST 2018}
2019-03-25 10:57:00.550 [http-nio-9257-exec-2] INFO  com.sk.zl.dao.skdb.impl.PointInfoDaoImpl - ReDataAnalysis{id=1, startTime=Fri Dec 21 10:40:51 CST 2018, endTime=Fri Dec 21 20:40:51 CST 2018}
2019-03-25 11:04:55.394 [http-nio-9257-exec-3] INFO  com.sk.zl.dao.skdb.impl.PointInfoDaoImpl - ReDataAnalysis{id=1, startTime=Fri Dec 21 10:40:51 CST 2018, endTime=Fri Dec 21 20:40:51 CST 2018}
2019-03-25 11:06:36.194 [http-nio-9257-exec-4] INFO  com.sk.zl.dao.skdb.impl.PointInfoDaoImpl - ReDataAnalysis{id=1, startTime=Fri Dec 21 10:40:51 CST 2018, endTime=Fri Dec 21 20:40:51 CST 2018}
2019-03-25 11:11:31.616 [http-nio-9257-exec-6] INFO  com.sk.zl.dao.skdb.impl.PointInfoDaoImpl - ReDataAnalysis{id=1, startTime=Fri Dec 21 10:40:51 CST 2018, endTime=Fri Dec 21 20:40:51 CST 2018}
2019-03-25 11:13:17.197 [http-nio-9257-exec-8] INFO  com.sk.zl.dao.skdb.impl.PointInfoDaoImpl - ReDataAnalysis{id=1, startTime=Fri Dec 21 10:40:51 CST 2018, endTime=Fri Dec 21 20:40:51 CST 2018}
2019-03-25 11:14:46.223 [http-nio-9257-exec-1] INFO  com.sk.zl.dao.skdb.impl.PointInfoDaoImpl - ReDataAnalysis{id=1, startTime=Fri Dec 21 10:40:51 CST 2018, endTime=Fri Dec 21 20:40:51 CST 2018}
2019-03-25 11:16:15.043 [http-nio-9257-exec-10] INFO  com.sk.zl.dao.skdb.impl.PointInfoDaoImpl - ReDataAnalysis{id=1, startTime=Fri Dec 21 10:40:51 CST 2018, endTime=Fri Dec 21 20:40:51 CST 2018}
2019-03-25 11:19:29.852 [http-nio-9257-exec-4] INFO  com.sk.zl.dao.skdb.impl.PointInfoDaoImpl - ReDataAnalysis{id=1, startTime=Fri Dec 21 10:40:51 CST 2018, endTime=Fri Dec 21 20:40:51 CST 2018}
2019-03-25 11:21:24.239 [http-nio-9257-exec-6] INFO  com.sk.zl.dao.skdb.impl.PointInfoDaoImpl - ReDataAnalysis{id=1, startTime=Fri Dec 21 13:00:00 CST 2018, endTime=Fri Dec 21 23:00:00 CST 2018}
2019-03-25 11:22:10.264 [http-nio-9257-exec-7] INFO  com.sk.zl.dao.skdb.impl.PointInfoDaoImpl - ReDataAnalysis{id=1, startTime=Fri Dec 21 13:00:00 CST 2018, endTime=Fri Dec 21 21:00:00 CST 2018}
2019-03-25 11:22:51.142 [http-nio-9257-exec-8] INFO  com.sk.zl.dao.skdb.impl.PointInfoDaoImpl - ReDataAnalysis{id=2, startTime=Fri Dec 21 13:00:00 CST 2018, endTime=Fri Dec 21 21:00:00 CST 2018}
2019-03-25 11:22:55.424 [http-nio-9257-exec-9] INFO  com.sk.zl.dao.skdb.impl.PointInfoDaoImpl - ReDataAnalysis{id=3, startTime=Fri Dec 21 13:00:00 CST 2018, endTime=Fri Dec 21 21:00:00 CST 2018}
2019-03-25 11:22:59.226 [http-nio-9257-exec-1] INFO  com.sk.zl.dao.skdb.impl.PointInfoDaoImpl - ReDataAnalysis{id=4, startTime=Fri Dec 21 13:00:00 CST 2018, endTime=Fri Dec 21 21:00:00 CST 2018}
2019-03-25 11:23:03.038 [http-nio-9257-exec-2] INFO  com.sk.zl.dao.skdb.impl.PointInfoDaoImpl - ReDataAnalysis{id=5, startTime=Fri Dec 21 13:00:00 CST 2018, endTime=Fri Dec 21 21:00:00 CST 2018}
2019-03-25 11:23:07.993 [http-nio-9257-exec-10] INFO  com.sk.zl.dao.skdb.impl.PointInfoDaoImpl - ReDataAnalysis{id=6, startTime=Fri Dec 21 13:00:00 CST 2018, endTime=Fri Dec 21 21:00:00 CST 2018}
2019-03-25 11:58:20.886 [http-nio-9257-exec-4] INFO  com.sk.zl.dao.skdb.impl.PointInfoDaoImpl - ReDataAnalysis{id=6, startTime=Fri Dec 21 13:00:00 CST 2018, endTime=Fri Dec 21 21:00:00 CST 2018}
2019-03-25 12:46:21.986 [http-nio-9257-exec-6] INFO  com.sk.zl.dao.skdb.impl.PointInfoDaoImpl - ReDataAnalysis{id=6, startTime=Fri Dec 21 13:00:00 CST 2018, endTime=Fri Dec 21 21:00:00 CST 2018}
2019-03-25 12:47:13.237 [http-nio-9257-exec-7] INFO  com.sk.zl.dao.skdb.impl.PointInfoDaoImpl - ReDataAnalysis{id=6, startTime=Fri Dec 21 16:18:52 CST 2018, endTime=Fri Dec 21 21:00:00 CST 2018}
2019-03-25 12:48:01.081 [http-nio-9257-exec-8] INFO  com.sk.zl.dao.skdb.impl.PointInfoDaoImpl - ReDataAnalysis{id=6, startTime=Fri Dec 21 17:08:01 CST 2018, endTime=Fri Dec 21 21:00:00 CST 2018}
2019-03-25 12:49:31.198 [http-nio-9257-exec-1] INFO  com.sk.zl.dao.skdb.impl.PointInfoDaoImpl - ReDataAnalysis{id=6, startTime=Fri Dec 21 17:08:01 CST 2018, endTime=Fri Dec 21 21:00:00 CST 2018}
2019-03-25 12:54:37.975 [http-nio-9257-exec-10] INFO  com.sk.zl.dao.skdb.impl.PointInfoDaoImpl - ReDataAnalysis{id=6, startTime=Fri Dec 21 17:08:01 CST 2018, endTime=Fri Dec 21 21:00:00 CST 2018}
2019-03-25 14:20:56.341 [main] INFO  com.sk.zl.ZlApplication - Starting ZlApplication on DESKTOP-BITI73K with PID 13280 (E:\ZL\ZLOnlineAnalysisSystem\target\classes started by admin in E:\ZL\ZLOnlineAnalysisSystem)
2019-03-25 14:20:56.357 [main] INFO  com.sk.zl.ZlApplication - The following profiles are active: pro
2019-03-25 14:20:58.560 [main] INFO  o.s.d.r.config.RepositoryConfigurationDelegate - Bootstrapping Spring Data repositories in DEFAULT mode.
2019-03-25 14:20:58.632 [main] INFO  o.s.d.r.config.RepositoryConfigurationDelegate - Finished Spring Data repository scanning in 67ms. Found 9 repository interfaces.
2019-03-25 14:20:58.633 [main] INFO  o.s.d.r.config.RepositoryConfigurationDelegate - Bootstrapping Spring Data repositories in DEFAULT mode.
2019-03-25 14:20:58.641 [main] INFO  o.s.d.r.config.RepositoryConfigurationDelegate - Finished Spring Data repository scanning in 8ms. Found 3 repository interfaces.
2019-03-25 14:20:58.993 [main] INFO  o.s.c.s.PostProcessorRegistrationDelegate$BeanPostProcessorChecker - Bean 'asyncTaskConfig' of type [com.sk.zl.config.base.AsyncTaskConfig$$EnhancerBySpringCGLIB$$26077e72] is not eligible for getting processed by all BeanPostProcessors (for example: not eligible for auto-proxying)
2019-03-25 14:20:59.076 [main] INFO  o.s.c.s.PostProcessorRegistrationDelegate$BeanPostProcessorChecker - Bean 'org.springframework.transaction.annotation.ProxyTransactionManagementConfiguration' of type [org.springframework.transaction.annotation.ProxyTransactionManagementConfiguration$$EnhancerBySpringCGLIB$$694f70e] is not eligible for getting processed by all BeanPostProcessors (for example: not eligible for auto-proxying)
2019-03-25 14:20:59.811 [main] INFO  o.s.boot.web.embedded.tomcat.TomcatWebServer - Tomcat initialized with port(s): 9257 (http)
2019-03-25 14:20:59.825 [main] INFO  org.apache.coyote.http11.Http11NioProtocol - Initializing ProtocolHandler ["http-nio-9257"]
2019-03-25 14:20:59.833 [main] INFO  org.apache.catalina.core.StandardService - Starting service [Tomcat]
2019-03-25 14:20:59.834 [main] INFO  org.apache.catalina.core.StandardEngine - Starting Servlet engine: [Apache Tomcat/9.0.14]
2019-03-25 14:20:59.840 [main] INFO  org.apache.catalina.core.AprLifecycleListener - The APR based Apache Tomcat Native library which allows optimal performance in production environments was not found on the java.library.path: [C:\Program Files\Java\jdk1.8.0_161\bin;C:\WINDOWS\Sun\Java\bin;C:\WINDOWS\system32;C:\WINDOWS;C:\Program Files (x86)\Tirank\Janeos Client;C:\ProgramData\Oracle\Java\javapath;C:\Windows\system32;C:\Windows;C:\Windows\System32\Wbem;C:\Windows\System32\WindowsPowerShell\v1.0\;C:\Program Files\Git\cmd;C:\Program Files (x86)\scala\bin;C:\Program Files (x86)\scala\jre\bin;C:\Thrift;C:\apache-ant-1.10.1\bin;C:\Users\admin\.dnx\bin;C:\Program Files\Microsoft DNX\Dnvm\;C:\Program Files\Microsoft SQL Server\130\Tools\Binn\;C:\sbt\bin;C:\Program Files (x86)\NVIDIA Corporation\PhysX\Common;C:\Program Files (x86)\Windows Kits\8.1\Windows Performance Toolkit\;C:\Program Files (x86)\Windows Kits\10\Windows Performance Toolkit\;C:\Program Files (x86)\Windows Kits\10\bin\10.0.17134.0\x86\;C:\Program Files (x86)\Windows Kits\10\bin\10.0.17134.0\x64\;C:\WINDOWS\system32;C:\WINDOWS;C:\WINDOWS\System32\Wbem;C:\WINDOWS\System32\WindowsPowerShell\v1.0\;C:\WINDOWS\System32\OpenSSH\;C:\apache-maven-3.5.4-bin\bin;C:\Qt\Qt5.10.1\5.10.1\mingw53_32\bin;C:\mysql-5.7.24-winx64\bin;;C:\Program Files\Microsoft VS Code\bin;C:\Users\admin\AppData\Local\Programs\Python\Python37\Scripts\;C:\Users\admin\AppData\Local\Programs\Python\Python37\;C:\Program Files\Java\jdk1.8.0_161\bin;C:\Program Files\Java\jdk1.8.0_161\jre\bin;C:\apache-ant-1.10.1\bin;C:\sbt\bin;C:\Program Files\Bandizip\;C:\Program Files\Microsoft VS Code\bin;C:\Users\admin\AppData\Local\Microsoft\WindowsApps;;.]
2019-03-25 14:20:59.988 [main] INFO  o.a.c.core.ContainerBase.[Tomcat].[localhost].[/] - Initializing Spring embedded WebApplicationContext
2019-03-25 14:20:59.988 [main] INFO  org.springframework.web.context.ContextLoader - Root WebApplicationContext: initialization completed in 3602 ms
2019-03-25 14:20:59.992 [main] INFO  com.sk.zl.config.datasource.DruidConfig - 开始Druid Servlet初始化配置...
2019-03-25 14:21:00.623 [main] INFO  com.alibaba.druid.pool.DruidDataSource - {dataSource-1} inited
2019-03-25 14:21:00.681 [main] INFO  org.hibernate.jpa.internal.util.LogHelper - HHH000204: Processing PersistenceUnitInfo [
	name: zlPersistenceUnit
	...]
2019-03-25 14:21:00.807 [main] INFO  org.hibernate.Version - HHH000412: Hibernate Core {5.3.7.Final}
2019-03-25 14:21:00.808 [main] INFO  org.hibernate.cfg.Environment - HHH000206: hibernate.properties not found
2019-03-25 14:21:01.027 [main] INFO  org.hibernate.annotations.common.Version - HCANN000001: Hibernate Commons Annotations {5.0.4.Final}
2019-03-25 14:21:01.224 [main] INFO  org.hibernate.dialect.Dialect - HHH000400: Using dialect: org.hibernate.dialect.MySQL5Dialect
2019-03-25 14:21:02.069 [main] INFO  o.s.orm.jpa.LocalContainerEntityManagerFactoryBean - Initialized JPA EntityManagerFactory for persistence unit 'zlPersistenceUnit'
2019-03-25 14:21:02.113 [main] INFO  org.hibernate.jpa.internal.util.LogHelper - HHH000204: Processing PersistenceUnitInfo [
	name: alarmPersistenceUnit
	...]
2019-03-25 14:21:02.186 [main] INFO  com.alibaba.druid.pool.DruidDataSource - {dataSource-2} inited
2019-03-25 14:21:02.187 [main] INFO  org.hibernate.dialect.Dialect - HHH000400: Using dialect: org.hibernate.dialect.MySQL5Dialect
2019-03-25 14:21:02.252 [main] INFO  o.s.orm.jpa.LocalContainerEntityManagerFactoryBean - Initialized JPA EntityManagerFactory for persistence unit 'alarmPersistenceUnit'
2019-03-25 14:21:03.153 [main] INFO  o.h.hql.internal.QueryTranslatorFactoryInitiator - HHH000397: Using ASTQueryTranslatorFactory
2019-03-25 14:21:04.394 [main] INFO  s.d.s.w.PropertySourcedRequestMappingHandlerMapping - Mapped URL path [/v2/api-docs] onto method [public org.springframework.http.ResponseEntity<springfox.documentation.spring.web.json.Json> springfox.documentation.swagger2.web.Swagger2Controller.getDocumentation(java.lang.String,javax.servlet.http.HttpServletRequest)]
2019-03-25 14:21:04.594 [main] INFO  o.s.scheduling.concurrent.ThreadPoolTaskExecutor - Initializing ExecutorService 'applicationTaskExecutor'
2019-03-25 14:21:04.811 [main] INFO  s.d.s.web.plugins.DocumentationPluginsBootstrapper - Context refreshed
2019-03-25 14:21:04.830 [main] INFO  s.d.s.web.plugins.DocumentationPluginsBootstrapper - Found 1 custom documentation plugin(s)
2019-03-25 14:21:04.856 [main] INFO  s.d.spring.web.scanners.ApiListingReferenceScanner - Scanning for api listing references
2019-03-25 14:21:05.202 [main] INFO  org.apache.coyote.http11.Http11NioProtocol - Starting ProtocolHandler ["http-nio-9257"]
2019-03-25 14:21:05.274 [main] INFO  o.s.boot.web.embedded.tomcat.TomcatWebServer - Tomcat started on port(s): 9257 (http) with context path ''
2019-03-25 14:21:05.280 [main] INFO  com.sk.zl.ZlApplication - Started ZlApplication in 9.578 seconds (JVM running for 11.036)
2019-03-25 14:21:13.344 [http-nio-9257-exec-1] INFO  o.a.c.core.ContainerBase.[Tomcat].[localhost].[/] - Initializing Spring DispatcherServlet 'dispatcherServlet'
2019-03-25 14:21:13.344 [http-nio-9257-exec-1] INFO  org.springframework.web.servlet.DispatcherServlet - Initializing Servlet 'dispatcherServlet'
2019-03-25 14:21:13.411 [http-nio-9257-exec-1] INFO  org.springframework.web.servlet.DispatcherServlet - Completed initialization in 67 ms
2019-03-25 14:39:41.993 [main] INFO  com.sk.zl.ZlApplication - Starting ZlApplication on DESKTOP-BITI73K with PID 16992 (E:\ZL\ZLOnlineAnalysisSystem\target\classes started by admin in E:\ZL\ZLOnlineAnalysisSystem)
2019-03-25 14:39:42.004 [main] INFO  com.sk.zl.ZlApplication - The following profiles are active: pro
2019-03-25 14:40:34.814 [main] INFO  com.sk.zl.ZlApplication - Starting ZlApplication on DESKTOP-BITI73K with PID 11440 (E:\ZL\ZLOnlineAnalysisSystem\target\classes started by admin in E:\ZL\ZLOnlineAnalysisSystem)
2019-03-25 14:40:34.816 [main] INFO  com.sk.zl.ZlApplication - The following profiles are active: pro
2019-03-25 14:48:10.508 [main] INFO  com.sk.zl.ZlApplication - Starting ZlApplication on DESKTOP-BITI73K with PID 10564 (E:\ZL\ZLOnlineAnalysisSystem\target\classes started by admin in E:\ZL\ZLOnlineAnalysisSystem)
2019-03-25 14:48:10.550 [main] INFO  com.sk.zl.ZlApplication - The following profiles are active: pro
2019-03-25 14:48:13.240 [main] INFO  o.s.d.r.config.RepositoryConfigurationDelegate - Bootstrapping Spring Data repositories in DEFAULT mode.
2019-03-25 14:48:13.348 [main] INFO  o.s.d.r.config.RepositoryConfigurationDelegate - Finished Spring Data repository scanning in 92ms. Found 9 repository interfaces.
2019-03-25 14:48:13.348 [main] INFO  o.s.d.r.config.RepositoryConfigurationDelegate - Bootstrapping Spring Data repositories in DEFAULT mode.
2019-03-25 14:48:13.357 [main] INFO  o.s.d.r.config.RepositoryConfigurationDelegate - Finished Spring Data repository scanning in 9ms. Found 3 repository interfaces.
2019-03-25 14:48:15.264 [main] INFO  o.s.c.s.PostProcessorRegistrationDelegate$BeanPostProcessorChecker - Bean 'asyncTaskConfig' of type [com.sk.zl.config.base.AsyncTaskConfig$$EnhancerBySpringCGLIB$$b4de69b4] is not eligible for getting processed by all BeanPostProcessors (for example: not eligible for auto-proxying)
2019-03-25 14:48:15.385 [main] INFO  o.s.c.s.PostProcessorRegistrationDelegate$BeanPostProcessorChecker - Bean 'org.springframework.transaction.annotation.ProxyTransactionManagementConfiguration' of type [org.springframework.transaction.annotation.ProxyTransactionManagementConfiguration$$EnhancerBySpringCGLIB$$956be250] is not eligible for getting processed by all BeanPostProcessors (for example: not eligible for auto-proxying)
2019-03-25 14:48:16.273 [main] INFO  o.s.boot.web.embedded.tomcat.TomcatWebServer - Tomcat initialized with port(s): 9257 (http)
2019-03-25 14:48:16.304 [main] INFO  org.apache.coyote.http11.Http11NioProtocol - Initializing ProtocolHandler ["http-nio-9257"]
2019-03-25 14:48:16.313 [main] INFO  org.apache.catalina.core.StandardService - Starting service [Tomcat]
2019-03-25 14:48:16.314 [main] INFO  org.apache.catalina.core.StandardEngine - Starting Servlet engine: [Apache Tomcat/9.0.14]
2019-03-25 14:48:16.319 [main] INFO  org.apache.catalina.core.AprLifecycleListener - The APR based Apache Tomcat Native library which allows optimal performance in production environments was not found on the java.library.path: [C:\Program Files\Java\jdk1.8.0_161\bin;C:\WINDOWS\Sun\Java\bin;C:\WINDOWS\system32;C:\WINDOWS;C:\Program Files (x86)\Tirank\Janeos Client;C:\ProgramData\Oracle\Java\javapath;C:\Windows\system32;C:\Windows;C:\Windows\System32\Wbem;C:\Windows\System32\WindowsPowerShell\v1.0\;C:\Program Files\Git\cmd;C:\Program Files (x86)\scala\bin;C:\Program Files (x86)\scala\jre\bin;C:\Thrift;C:\apache-ant-1.10.1\bin;C:\Users\admin\.dnx\bin;C:\Program Files\Microsoft DNX\Dnvm\;C:\Program Files\Microsoft SQL Server\130\Tools\Binn\;C:\sbt\bin;C:\Program Files (x86)\NVIDIA Corporation\PhysX\Common;C:\Program Files (x86)\Windows Kits\8.1\Windows Performance Toolkit\;C:\Program Files (x86)\Windows Kits\10\Windows Performance Toolkit\;C:\Program Files (x86)\Windows Kits\10\bin\10.0.17134.0\x86\;C:\Program Files (x86)\Windows Kits\10\bin\10.0.17134.0\x64\;C:\WINDOWS\system32;C:\WINDOWS;C:\WINDOWS\System32\Wbem;C:\WINDOWS\System32\WindowsPowerShell\v1.0\;C:\WINDOWS\System32\OpenSSH\;C:\apache-maven-3.5.4-bin\bin;C:\Qt\Qt5.10.1\5.10.1\mingw53_32\bin;C:\mysql-5.7.24-winx64\bin;;C:\Program Files\Microsoft VS Code\bin;C:\Users\admin\AppData\Local\Programs\Python\Python37\Scripts\;C:\Users\admin\AppData\Local\Programs\Python\Python37\;C:\Program Files\Java\jdk1.8.0_161\bin;C:\Program Files\Java\jdk1.8.0_161\jre\bin;C:\apache-ant-1.10.1\bin;C:\sbt\bin;C:\Program Files\Bandizip\;C:\Program Files\Microsoft VS Code\bin;C:\Users\admin\AppData\Local\Microsoft\WindowsApps;;.]
2019-03-25 14:48:16.519 [main] INFO  o.a.c.core.ContainerBase.[Tomcat].[localhost].[/] - Initializing Spring embedded WebApplicationContext
2019-03-25 14:48:16.520 [main] INFO  org.springframework.web.context.ContextLoader - Root WebApplicationContext: initialization completed in 5855 ms
2019-03-25 14:48:16.525 [main] INFO  com.sk.zl.config.datasource.DruidConfig - 开始Druid Servlet初始化配置...
2019-03-25 14:48:17.566 [main] INFO  com.alibaba.druid.pool.DruidDataSource - {dataSource-1} inited
2019-03-25 14:48:18.063 [main] INFO  org.hibernate.jpa.internal.util.LogHelper - HHH000204: Processing PersistenceUnitInfo [
	name: zlPersistenceUnit
	...]
2019-03-25 14:48:20.393 [main] INFO  org.hibernate.Version - HHH000412: Hibernate Core {5.3.7.Final}
2019-03-25 14:48:20.394 [main] INFO  org.hibernate.cfg.Environment - HHH000206: hibernate.properties not found
2019-03-25 14:48:20.659 [main] INFO  org.hibernate.annotations.common.Version - HCANN000001: Hibernate Commons Annotations {5.0.4.Final}
2019-03-25 14:48:21.006 [main] INFO  org.hibernate.dialect.Dialect - HHH000400: Using dialect: org.hibernate.dialect.MySQL5Dialect
2019-03-25 14:48:22.200 [main] INFO  o.s.orm.jpa.LocalContainerEntityManagerFactoryBean - Initialized JPA EntityManagerFactory for persistence unit 'zlPersistenceUnit'
2019-03-25 14:48:22.242 [main] INFO  org.hibernate.jpa.internal.util.LogHelper - HHH000204: Processing PersistenceUnitInfo [
	name: alarmPersistenceUnit
	...]
2019-03-25 14:48:22.350 [main] INFO  com.alibaba.druid.pool.DruidDataSource - {dataSource-2} inited
2019-03-25 14:48:22.351 [main] INFO  org.hibernate.dialect.Dialect - HHH000400: Using dialect: org.hibernate.dialect.MySQL5Dialect
2019-03-25 14:48:22.416 [main] INFO  o.s.orm.jpa.LocalContainerEntityManagerFactoryBean - Initialized JPA EntityManagerFactory for persistence unit 'alarmPersistenceUnit'
2019-03-25 14:48:23.817 [main] INFO  o.h.hql.internal.QueryTranslatorFactoryInitiator - HHH000397: Using ASTQueryTranslatorFactory
2019-03-25 14:48:24.604 [main] INFO  s.d.s.w.PropertySourcedRequestMappingHandlerMapping - Mapped URL path [/v2/api-docs] onto method [public org.springframework.http.ResponseEntity<springfox.documentation.spring.web.json.Json> springfox.documentation.swagger2.web.Swagger2Controller.getDocumentation(java.lang.String,javax.servlet.http.HttpServletRequest)]
2019-03-25 14:48:24.743 [main] INFO  o.s.scheduling.concurrent.ThreadPoolTaskExecutor - Initializing ExecutorService 'applicationTaskExecutor'
2019-03-25 14:48:24.984 [main] INFO  s.d.s.web.plugins.DocumentationPluginsBootstrapper - Context refreshed
2019-03-25 14:48:25.000 [main] INFO  s.d.s.web.plugins.DocumentationPluginsBootstrapper - Found 1 custom documentation plugin(s)
2019-03-25 14:48:25.022 [main] INFO  s.d.spring.web.scanners.ApiListingReferenceScanner - Scanning for api listing references
2019-03-25 14:48:25.373 [main] INFO  org.apache.coyote.http11.Http11NioProtocol - Starting ProtocolHandler ["http-nio-9257"]
2019-03-25 14:48:25.409 [main] INFO  o.s.boot.web.embedded.tomcat.TomcatWebServer - Tomcat started on port(s): 9257 (http) with context path ''
2019-03-25 14:48:25.411 [main] INFO  com.sk.zl.ZlApplication - Started ZlApplication in 15.911 seconds (JVM running for 18.048)
2019-03-25 14:48:27.589 [http-nio-9257-exec-2] INFO  o.a.c.core.ContainerBase.[Tomcat].[localhost].[/] - Initializing Spring DispatcherServlet 'dispatcherServlet'
2019-03-25 14:48:27.589 [http-nio-9257-exec-2] INFO  org.springframework.web.servlet.DispatcherServlet - Initializing Servlet 'dispatcherServlet'
2019-03-25 14:48:27.597 [http-nio-9257-exec-2] INFO  org.springframework.web.servlet.DispatcherServlet - Completed initialization in 8 ms
2019-03-25 14:48:27.743 [http-nio-9257-exec-2] INFO  com.sk.zl.dao.skdb.impl.PointInfoDaoImpl - ReDataAnalysis{id=1, startTime=Thu Dec 20 19:59:10 CST 2018, endTime=Tue Dec 25 19:59:10 CST 2018}
2019-03-25 15:01:25.881 [main] INFO  com.sk.zl.ZlApplication - Starting ZlApplication on DESKTOP-BITI73K with PID 17772 (E:\ZL\ZLOnlineAnalysisSystem\target\classes started by admin in E:\ZL\ZLOnlineAnalysisSystem)
2019-03-25 15:01:25.899 [main] INFO  com.sk.zl.ZlApplication - The following profiles are active: pro
2019-03-25 15:01:26.476 [main] INFO  com.sk.zl.ZlApplication - Starting ZlApplication on DESKTOP-BITI73K with PID 4468 (E:\ZL\ZLOnlineAnalysisSystem\target\classes started by admin in E:\ZL\ZLOnlineAnalysisSystem)
2019-03-25 15:01:26.478 [main] INFO  com.sk.zl.ZlApplication - The following profiles are active: pro
2019-03-25 15:01:30.236 [main] INFO  o.s.d.r.config.RepositoryConfigurationDelegate - Bootstrapping Spring Data repositories in DEFAULT mode.
2019-03-25 15:01:30.236 [main] INFO  o.s.d.r.config.RepositoryConfigurationDelegate - Bootstrapping Spring Data repositories in DEFAULT mode.
2019-03-25 15:01:30.368 [main] INFO  o.s.d.r.config.RepositoryConfigurationDelegate - Finished Spring Data repository scanning in 105ms. Found 9 repository interfaces.
2019-03-25 15:01:30.368 [main] INFO  o.s.d.r.config.RepositoryConfigurationDelegate - Bootstrapping Spring Data repositories in DEFAULT mode.
2019-03-25 15:01:30.368 [main] INFO  o.s.d.r.config.RepositoryConfigurationDelegate - Finished Spring Data repository scanning in 105ms. Found 9 repository interfaces.
2019-03-25 15:01:30.369 [main] INFO  o.s.d.r.config.RepositoryConfigurationDelegate - Bootstrapping Spring Data repositories in DEFAULT mode.
2019-03-25 15:01:30.377 [main] INFO  o.s.d.r.config.RepositoryConfigurationDelegate - Finished Spring Data repository scanning in 9ms. Found 3 repository interfaces.
2019-03-25 15:01:30.377 [main] INFO  o.s.d.r.config.RepositoryConfigurationDelegate - Finished Spring Data repository scanning in 8ms. Found 3 repository interfaces.
2019-03-25 15:01:31.304 [main] INFO  o.s.c.s.PostProcessorRegistrationDelegate$BeanPostProcessorChecker - Bean 'asyncTaskConfig' of type [com.sk.zl.config.base.AsyncTaskConfig$$EnhancerBySpringCGLIB$$a25f8378] is not eligible for getting processed by all BeanPostProcessors (for example: not eligible for auto-proxying)
2019-03-25 15:01:31.304 [main] INFO  o.s.c.s.PostProcessorRegistrationDelegate$BeanPostProcessorChecker - Bean 'asyncTaskConfig' of type [com.sk.zl.config.base.AsyncTaskConfig$$EnhancerBySpringCGLIB$$963d0df4] is not eligible for getting processed by all BeanPostProcessors (for example: not eligible for auto-proxying)
2019-03-25 15:01:31.503 [main] INFO  o.s.c.s.PostProcessorRegistrationDelegate$BeanPostProcessorChecker - Bean 'org.springframework.transaction.annotation.ProxyTransactionManagementConfiguration' of type [org.springframework.transaction.annotation.ProxyTransactionManagementConfiguration$$EnhancerBySpringCGLIB$$76ca8690] is not eligible for getting processed by all BeanPostProcessors (for example: not eligible for auto-proxying)
2019-03-25 15:01:31.505 [main] INFO  o.s.c.s.PostProcessorRegistrationDelegate$BeanPostProcessorChecker - Bean 'org.springframework.transaction.annotation.ProxyTransactionManagementConfiguration' of type [org.springframework.transaction.annotation.ProxyTransactionManagementConfiguration$$EnhancerBySpringCGLIB$$82ecfc14] is not eligible for getting processed by all BeanPostProcessors (for example: not eligible for auto-proxying)
2019-03-25 15:01:32.437 [main] INFO  o.s.boot.web.embedded.tomcat.TomcatWebServer - Tomcat initialized with port(s): 9257 (http)
2019-03-25 15:01:32.437 [main] INFO  o.s.boot.web.embedded.tomcat.TomcatWebServer - Tomcat initialized with port(s): 9257 (http)
2019-03-25 15:01:32.455 [main] INFO  org.apache.coyote.http11.Http11NioProtocol - Initializing ProtocolHandler ["http-nio-9257"]
2019-03-25 15:01:32.455 [main] INFO  org.apache.coyote.http11.Http11NioProtocol - Initializing ProtocolHandler ["http-nio-9257"]
2019-03-25 15:01:32.464 [main] INFO  org.apache.catalina.core.StandardService - Starting service [Tomcat]
2019-03-25 15:01:32.464 [main] INFO  org.apache.catalina.core.StandardEngine - Starting Servlet engine: [Apache Tomcat/9.0.14]
2019-03-25 15:01:32.464 [main] INFO  org.apache.catalina.core.StandardService - Starting service [Tomcat]
2019-03-25 15:01:32.464 [main] INFO  org.apache.catalina.core.StandardEngine - Starting Servlet engine: [Apache Tomcat/9.0.14]
2019-03-25 15:01:32.470 [main] INFO  org.apache.catalina.core.AprLifecycleListener - The APR based Apache Tomcat Native library which allows optimal performance in production environments was not found on the java.library.path: [C:\Program Files\Java\jdk1.8.0_161\bin;C:\WINDOWS\Sun\Java\bin;C:\WINDOWS\system32;C:\WINDOWS;C:\Program Files (x86)\Tirank\Janeos Client;C:\ProgramData\Oracle\Java\javapath;C:\Windows\system32;C:\Windows;C:\Windows\System32\Wbem;C:\Windows\System32\WindowsPowerShell\v1.0\;C:\Program Files\Git\cmd;C:\Program Files (x86)\scala\bin;C:\Program Files (x86)\scala\jre\bin;C:\Thrift;C:\apache-ant-1.10.1\bin;C:\Users\admin\.dnx\bin;C:\Program Files\Microsoft DNX\Dnvm\;C:\Program Files\Microsoft SQL Server\130\Tools\Binn\;C:\sbt\bin;C:\Program Files (x86)\NVIDIA Corporation\PhysX\Common;C:\Program Files (x86)\Windows Kits\8.1\Windows Performance Toolkit\;C:\Program Files (x86)\Windows Kits\10\Windows Performance Toolkit\;C:\Program Files (x86)\Windows Kits\10\bin\10.0.17134.0\x86\;C:\Program Files (x86)\Windows Kits\10\bin\10.0.17134.0\x64\;C:\WINDOWS\system32;C:\WINDOWS;C:\WINDOWS\System32\Wbem;C:\WINDOWS\System32\WindowsPowerShell\v1.0\;C:\WINDOWS\System32\OpenSSH\;C:\apache-maven-3.5.4-bin\bin;C:\Qt\Qt5.10.1\5.10.1\mingw53_32\bin;C:\mysql-5.7.24-winx64\bin;;C:\Program Files\Microsoft VS Code\bin;C:\Users\admin\AppData\Local\Programs\Python\Python37\Scripts\;C:\Users\admin\AppData\Local\Programs\Python\Python37\;C:\Program Files\Java\jdk1.8.0_161\bin;C:\Program Files\Java\jdk1.8.0_161\jre\bin;C:\apache-ant-1.10.1\bin;C:\sbt\bin;C:\Program Files\Bandizip\;C:\Program Files\Microsoft VS Code\bin;C:\Users\admin\AppData\Local\Microsoft\WindowsApps;;.]
2019-03-25 15:01:32.471 [main] INFO  org.apache.catalina.core.AprLifecycleListener - The APR based Apache Tomcat Native library which allows optimal performance in production environments was not found on the java.library.path: [C:\Program Files\Java\jdk1.8.0_161\bin;C:\WINDOWS\Sun\Java\bin;C:\WINDOWS\system32;C:\WINDOWS;C:\Program Files (x86)\Tirank\Janeos Client;C:\ProgramData\Oracle\Java\javapath;C:\Windows\system32;C:\Windows;C:\Windows\System32\Wbem;C:\Windows\System32\WindowsPowerShell\v1.0\;C:\Program Files\Git\cmd;C:\Program Files (x86)\scala\bin;C:\Program Files (x86)\scala\jre\bin;C:\Thrift;C:\apache-ant-1.10.1\bin;C:\Users\admin\.dnx\bin;C:\Program Files\Microsoft DNX\Dnvm\;C:\Program Files\Microsoft SQL Server\130\Tools\Binn\;C:\sbt\bin;C:\Program Files (x86)\NVIDIA Corporation\PhysX\Common;C:\Program Files (x86)\Windows Kits\8.1\Windows Performance Toolkit\;C:\Program Files (x86)\Windows Kits\10\Windows Performance Toolkit\;C:\Program Files (x86)\Windows Kits\10\bin\10.0.17134.0\x86\;C:\Program Files (x86)\Windows Kits\10\bin\10.0.17134.0\x64\;C:\WINDOWS\system32;C:\WINDOWS;C:\WINDOWS\System32\Wbem;C:\WINDOWS\System32\WindowsPowerShell\v1.0\;C:\WINDOWS\System32\OpenSSH\;C:\apache-maven-3.5.4-bin\bin;C:\Qt\Qt5.10.1\5.10.1\mingw53_32\bin;C:\mysql-5.7.24-winx64\bin;;C:\Program Files\Microsoft VS Code\bin;C:\Users\admin\AppData\Local\Programs\Python\Python37\Scripts\;C:\Users\admin\AppData\Local\Programs\Python\Python37\;C:\Program Files\Java\jdk1.8.0_161\bin;C:\Program Files\Java\jdk1.8.0_161\jre\bin;C:\apache-ant-1.10.1\bin;C:\sbt\bin;C:\Program Files\Bandizip\;C:\Program Files\Microsoft VS Code\bin;C:\Users\admin\AppData\Local\Microsoft\WindowsApps;;.]
2019-03-25 15:01:32.703 [main] INFO  o.a.c.core.ContainerBase.[Tomcat].[localhost].[/] - Initializing Spring embedded WebApplicationContext
2019-03-25 15:01:32.703 [main] INFO  org.springframework.web.context.ContextLoader - Root WebApplicationContext: initialization completed in 6136 ms
2019-03-25 15:01:32.703 [main] INFO  o.a.c.core.ContainerBase.[Tomcat].[localhost].[/] - Initializing Spring embedded WebApplicationContext
2019-03-25 15:01:32.704 [main] INFO  org.springframework.web.context.ContextLoader - Root WebApplicationContext: initialization completed in 6581 ms
2019-03-25 15:01:32.712 [main] INFO  com.sk.zl.config.datasource.DruidConfig - 开始Druid Servlet初始化配置...
2019-03-25 15:01:32.713 [main] INFO  com.sk.zl.config.datasource.DruidConfig - 开始Druid Servlet初始化配置...
2019-03-25 15:01:34.005 [main] INFO  com.alibaba.druid.pool.DruidDataSource - {dataSource-1} inited
2019-03-25 15:01:34.008 [main] INFO  com.alibaba.druid.pool.DruidDataSource - {dataSource-1} inited
2019-03-25 15:01:34.246 [main] INFO  org.hibernate.jpa.internal.util.LogHelper - HHH000204: Processing PersistenceUnitInfo [
	name: zlPersistenceUnit
	...]
2019-03-25 15:01:34.247 [main] INFO  org.hibernate.jpa.internal.util.LogHelper - HHH000204: Processing PersistenceUnitInfo [
	name: zlPersistenceUnit
	...]
2019-03-25 15:01:34.693 [main] INFO  org.hibernate.Version - HHH000412: Hibernate Core {5.3.7.Final}
2019-03-25 15:01:34.694 [main] INFO  org.hibernate.Version - HHH000412: Hibernate Core {5.3.7.Final}
2019-03-25 15:01:34.694 [main] INFO  org.hibernate.cfg.Environment - HHH000206: hibernate.properties not found
2019-03-25 15:01:34.695 [main] INFO  org.hibernate.cfg.Environment - HHH000206: hibernate.properties not found
2019-03-25 15:01:35.733 [main] INFO  org.hibernate.annotations.common.Version - HCANN000001: Hibernate Commons Annotations {5.0.4.Final}
2019-03-25 15:01:35.733 [main] INFO  org.hibernate.annotations.common.Version - HCANN000001: Hibernate Commons Annotations {5.0.4.Final}
2019-03-25 15:01:36.687 [main] INFO  org.hibernate.dialect.Dialect - HHH000400: Using dialect: org.hibernate.dialect.MySQL5Dialect
2019-03-25 15:01:36.687 [main] INFO  org.hibernate.dialect.Dialect - HHH000400: Using dialect: org.hibernate.dialect.MySQL5Dialect
2019-03-25 15:01:39.799 [main] INFO  o.s.orm.jpa.LocalContainerEntityManagerFactoryBean - Initialized JPA EntityManagerFactory for persistence unit 'zlPersistenceUnit'
2019-03-25 15:01:39.799 [main] INFO  o.s.orm.jpa.LocalContainerEntityManagerFactoryBean - Initialized JPA EntityManagerFactory for persistence unit 'zlPersistenceUnit'
2019-03-25 15:01:39.848 [main] INFO  org.hibernate.jpa.internal.util.LogHelper - HHH000204: Processing PersistenceUnitInfo [
	name: alarmPersistenceUnit
	...]
2019-03-25 15:01:39.850 [main] INFO  org.hibernate.jpa.internal.util.LogHelper - HHH000204: Processing PersistenceUnitInfo [
	name: alarmPersistenceUnit
	...]
2019-03-25 15:01:39.987 [main] INFO  com.alibaba.druid.pool.DruidDataSource - {dataSource-2} inited
2019-03-25 15:01:39.987 [main] INFO  com.alibaba.druid.pool.DruidDataSource - {dataSource-2} inited
2019-03-25 15:01:39.988 [main] INFO  org.hibernate.dialect.Dialect - HHH000400: Using dialect: org.hibernate.dialect.MySQL5Dialect
2019-03-25 15:01:39.988 [main] INFO  org.hibernate.dialect.Dialect - HHH000400: Using dialect: org.hibernate.dialect.MySQL5Dialect
2019-03-25 15:01:40.094 [main] INFO  o.s.orm.jpa.LocalContainerEntityManagerFactoryBean - Initialized JPA EntityManagerFactory for persistence unit 'alarmPersistenceUnit'
2019-03-25 15:01:40.104 [main] INFO  o.s.orm.jpa.LocalContainerEntityManagerFactoryBean - Initialized JPA EntityManagerFactory for persistence unit 'alarmPersistenceUnit'
2019-03-25 15:01:42.081 [main] INFO  o.h.hql.internal.QueryTranslatorFactoryInitiator - HHH000397: Using ASTQueryTranslatorFactory
2019-03-25 15:01:42.081 [main] INFO  o.h.hql.internal.QueryTranslatorFactoryInitiator - HHH000397: Using ASTQueryTranslatorFactory
2019-03-25 15:01:43.546 [main] INFO  s.d.s.w.PropertySourcedRequestMappingHandlerMapping - Mapped URL path [/v2/api-docs] onto method [public org.springframework.http.ResponseEntity<springfox.documentation.spring.web.json.Json> springfox.documentation.swagger2.web.Swagger2Controller.getDocumentation(java.lang.String,javax.servlet.http.HttpServletRequest)]
2019-03-25 15:01:43.547 [main] INFO  s.d.s.w.PropertySourcedRequestMappingHandlerMapping - Mapped URL path [/v2/api-docs] onto method [public org.springframework.http.ResponseEntity<springfox.documentation.spring.web.json.Json> springfox.documentation.swagger2.web.Swagger2Controller.getDocumentation(java.lang.String,javax.servlet.http.HttpServletRequest)]
2019-03-25 15:01:43.726 [main] INFO  o.s.scheduling.concurrent.ThreadPoolTaskExecutor - Initializing ExecutorService 'applicationTaskExecutor'
2019-03-25 15:01:43.726 [main] INFO  o.s.scheduling.concurrent.ThreadPoolTaskExecutor - Initializing ExecutorService 'applicationTaskExecutor'
2019-03-25 15:01:44.042 [main] INFO  s.d.s.web.plugins.DocumentationPluginsBootstrapper - Context refreshed
2019-03-25 15:01:44.042 [main] INFO  s.d.s.web.plugins.DocumentationPluginsBootstrapper - Context refreshed
2019-03-25 15:01:44.060 [main] INFO  s.d.s.web.plugins.DocumentationPluginsBootstrapper - Found 1 custom documentation plugin(s)
2019-03-25 15:01:44.060 [main] INFO  s.d.s.web.plugins.DocumentationPluginsBootstrapper - Found 1 custom documentation plugin(s)
2019-03-25 15:01:44.084 [main] INFO  s.d.spring.web.scanners.ApiListingReferenceScanner - Scanning for api listing references
2019-03-25 15:01:44.084 [main] INFO  s.d.spring.web.scanners.ApiListingReferenceScanner - Scanning for api listing references
2019-03-25 15:01:44.525 [main] INFO  org.apache.coyote.http11.Http11NioProtocol - Starting ProtocolHandler ["http-nio-9257"]
2019-03-25 15:01:44.525 [main] INFO  org.apache.coyote.http11.Http11NioProtocol - Starting ProtocolHandler ["http-nio-9257"]
2019-03-25 15:01:44.686 [main] INFO  o.s.boot.web.embedded.tomcat.TomcatWebServer - Tomcat started on port(s): 9257 (http) with context path ''
2019-03-25 15:01:44.686 [main] INFO  org.apache.coyote.http11.Http11NioProtocol - Pausing ProtocolHandler ["http-nio-9257"]
2019-03-25 15:01:44.687 [main] INFO  org.apache.catalina.core.StandardService - Stopping service [Tomcat]
2019-03-25 15:01:44.697 [main] INFO  org.apache.catalina.util.LifecycleBase - The stop() method was called on component [StandardServer[-1]] after stop() had already been called. The second call will be ignored.
2019-03-25 15:01:44.697 [main] INFO  org.apache.coyote.http11.Http11NioProtocol - Stopping ProtocolHandler ["http-nio-9257"]
2019-03-25 15:01:44.698 [main] INFO  com.sk.zl.ZlApplication - Started ZlApplication in 18.975 seconds (JVM running for 20.15)
2019-03-25 15:01:44.698 [main] INFO  org.apache.coyote.http11.Http11NioProtocol - Destroying ProtocolHandler ["http-nio-9257"]
2019-03-25 15:01:44.701 [main] INFO  o.s.b.a.l.ConditionEvaluationReportLoggingListener - 

Error starting ApplicationContext. To display the conditions report re-run your application with 'debug' enabled.
2019-03-25 15:01:44.708 [main] INFO  o.s.scheduling.concurrent.ThreadPoolTaskExecutor - Shutting down ExecutorService 'applicationTaskExecutor'
2019-03-25 15:01:44.712 [main] INFO  o.s.orm.jpa.LocalContainerEntityManagerFactoryBean - Closing JPA EntityManagerFactory for persistence unit 'alarmPersistenceUnit'
2019-03-25 15:01:44.735 [main] INFO  com.alibaba.druid.pool.DruidDataSource - {dataSource-2} closed
2019-03-25 15:01:44.735 [main] INFO  o.s.orm.jpa.LocalContainerEntityManagerFactoryBean - Closing JPA EntityManagerFactory for persistence unit 'zlPersistenceUnit'
2019-03-25 15:01:44.736 [main] INFO  com.alibaba.druid.pool.DruidDataSource - {dataSource-1} closed
2019-03-25 15:01:53.445 [http-nio-9257-exec-1] INFO  o.a.c.core.ContainerBase.[Tomcat].[localhost].[/] - Initializing Spring DispatcherServlet 'dispatcherServlet'
2019-03-25 15:01:53.445 [http-nio-9257-exec-1] INFO  org.springframework.web.servlet.DispatcherServlet - Initializing Servlet 'dispatcherServlet'
2019-03-25 15:01:53.457 [http-nio-9257-exec-1] INFO  org.springframework.web.servlet.DispatcherServlet - Completed initialization in 12 ms
2019-03-25 15:03:52.159 [main] INFO  com.sk.zl.ZlApplication - Starting ZlApplication on DESKTOP-BITI73K with PID 1432 (E:\ZL\ZLOnlineAnalysisSystem\target\classes started by admin in E:\ZL\ZLOnlineAnalysisSystem)
2019-03-25 15:03:52.161 [main] INFO  com.sk.zl.ZlApplication - The following profiles are active: pro
2019-03-25 15:03:52.880 [main] INFO  o.s.d.r.config.RepositoryConfigurationDelegate - Bootstrapping Spring Data repositories in DEFAULT mode.
2019-03-25 15:03:52.942 [main] INFO  o.s.d.r.config.RepositoryConfigurationDelegate - Finished Spring Data repository scanning in 57ms. Found 9 repository interfaces.
2019-03-25 15:03:52.943 [main] INFO  o.s.d.r.config.RepositoryConfigurationDelegate - Bootstrapping Spring Data repositories in DEFAULT mode.
2019-03-25 15:03:52.952 [main] INFO  o.s.d.r.config.RepositoryConfigurationDelegate - Finished Spring Data repository scanning in 9ms. Found 3 repository interfaces.
2019-03-25 15:03:53.327 [main] INFO  o.s.c.s.PostProcessorRegistrationDelegate$BeanPostProcessorChecker - Bean 'asyncTaskConfig' of type [com.sk.zl.config.base.AsyncTaskConfig$$EnhancerBySpringCGLIB$$421b3b40] is not eligible for getting processed by all BeanPostProcessors (for example: not eligible for auto-proxying)
2019-03-25 15:03:53.406 [main] INFO  o.s.c.s.PostProcessorRegistrationDelegate$BeanPostProcessorChecker - Bean 'org.springframework.transaction.annotation.ProxyTransactionManagementConfiguration' of type [org.springframework.transaction.annotation.ProxyTransactionManagementConfiguration$$EnhancerBySpringCGLIB$$22a8b3dc] is not eligible for getting processed by all BeanPostProcessors (for example: not eligible for auto-proxying)
2019-03-25 15:03:53.876 [main] INFO  o.s.boot.web.embedded.tomcat.TomcatWebServer - Tomcat initialized with port(s): 9257 (http)
2019-03-25 15:03:53.890 [main] INFO  org.apache.coyote.http11.Http11NioProtocol - Initializing ProtocolHandler ["http-nio-9257"]
2019-03-25 15:03:53.898 [main] INFO  org.apache.catalina.core.StandardService - Starting service [Tomcat]
2019-03-25 15:03:53.898 [main] INFO  org.apache.catalina.core.StandardEngine - Starting Servlet engine: [Apache Tomcat/9.0.14]
2019-03-25 15:03:53.904 [main] INFO  org.apache.catalina.core.AprLifecycleListener - The APR based Apache Tomcat Native library which allows optimal performance in production environments was not found on the java.library.path: [C:\Program Files\Java\jdk1.8.0_161\bin;C:\WINDOWS\Sun\Java\bin;C:\WINDOWS\system32;C:\WINDOWS;C:\Program Files (x86)\Tirank\Janeos Client;C:\ProgramData\Oracle\Java\javapath;C:\Windows\system32;C:\Windows;C:\Windows\System32\Wbem;C:\Windows\System32\WindowsPowerShell\v1.0\;C:\Program Files\Git\cmd;C:\Program Files (x86)\scala\bin;C:\Program Files (x86)\scala\jre\bin;C:\Thrift;C:\apache-ant-1.10.1\bin;C:\Users\admin\.dnx\bin;C:\Program Files\Microsoft DNX\Dnvm\;C:\Program Files\Microsoft SQL Server\130\Tools\Binn\;C:\sbt\bin;C:\Program Files (x86)\NVIDIA Corporation\PhysX\Common;C:\Program Files (x86)\Windows Kits\8.1\Windows Performance Toolkit\;C:\Program Files (x86)\Windows Kits\10\Windows Performance Toolkit\;C:\Program Files (x86)\Windows Kits\10\bin\10.0.17134.0\x86\;C:\Program Files (x86)\Windows Kits\10\bin\10.0.17134.0\x64\;C:\WINDOWS\system32;C:\WINDOWS;C:\WINDOWS\System32\Wbem;C:\WINDOWS\System32\WindowsPowerShell\v1.0\;C:\WINDOWS\System32\OpenSSH\;C:\apache-maven-3.5.4-bin\bin;C:\Qt\Qt5.10.1\5.10.1\mingw53_32\bin;C:\mysql-5.7.24-winx64\bin;;C:\Program Files\Microsoft VS Code\bin;C:\Users\admin\AppData\Local\Programs\Python\Python37\Scripts\;C:\Users\admin\AppData\Local\Programs\Python\Python37\;C:\Program Files\Java\jdk1.8.0_161\bin;C:\Program Files\Java\jdk1.8.0_161\jre\bin;C:\apache-ant-1.10.1\bin;C:\sbt\bin;C:\Program Files\Bandizip\;C:\Program Files\Microsoft VS Code\bin;C:\Users\admin\AppData\Local\Microsoft\WindowsApps;;.]
2019-03-25 15:03:54.014 [main] INFO  o.a.c.core.ContainerBase.[Tomcat].[localhost].[/] - Initializing Spring embedded WebApplicationContext
2019-03-25 15:03:54.015 [main] INFO  org.springframework.web.context.ContextLoader - Root WebApplicationContext: initialization completed in 1803 ms
2019-03-25 15:03:54.019 [main] INFO  com.sk.zl.config.datasource.DruidConfig - 开始Druid Servlet初始化配置...
2019-03-25 15:03:54.632 [main] INFO  com.alibaba.druid.pool.DruidDataSource - {dataSource-1} inited
2019-03-25 15:03:54.680 [main] INFO  org.hibernate.jpa.internal.util.LogHelper - HHH000204: Processing PersistenceUnitInfo [
	name: zlPersistenceUnit
	...]
2019-03-25 15:03:54.761 [main] INFO  org.hibernate.Version - HHH000412: Hibernate Core {5.3.7.Final}
2019-03-25 15:03:54.762 [main] INFO  org.hibernate.cfg.Environment - HHH000206: hibernate.properties not found
2019-03-25 15:03:54.972 [main] INFO  org.hibernate.annotations.common.Version - HCANN000001: Hibernate Commons Annotations {5.0.4.Final}
2019-03-25 15:03:55.142 [main] INFO  org.hibernate.dialect.Dialect - HHH000400: Using dialect: org.hibernate.dialect.MySQL5Dialect
2019-03-25 15:03:55.899 [main] INFO  o.s.orm.jpa.LocalContainerEntityManagerFactoryBean - Initialized JPA EntityManagerFactory for persistence unit 'zlPersistenceUnit'
2019-03-25 15:03:55.944 [main] INFO  org.hibernate.jpa.internal.util.LogHelper - HHH000204: Processing PersistenceUnitInfo [
	name: alarmPersistenceUnit
	...]
2019-03-25 15:03:56.015 [main] INFO  com.alibaba.druid.pool.DruidDataSource - {dataSource-2} inited
2019-03-25 15:03:56.016 [main] INFO  org.hibernate.dialect.Dialect - HHH000400: Using dialect: org.hibernate.dialect.MySQL5Dialect
2019-03-25 15:03:56.099 [main] INFO  o.s.orm.jpa.LocalContainerEntityManagerFactoryBean - Initialized JPA EntityManagerFactory for persistence unit 'alarmPersistenceUnit'
2019-03-25 15:03:56.830 [main] INFO  o.h.hql.internal.QueryTranslatorFactoryInitiator - HHH000397: Using ASTQueryTranslatorFactory
2019-03-25 15:03:57.487 [main] INFO  s.d.s.w.PropertySourcedRequestMappingHandlerMapping - Mapped URL path [/v2/api-docs] onto method [public org.springframework.http.ResponseEntity<springfox.documentation.spring.web.json.Json> springfox.documentation.swagger2.web.Swagger2Controller.getDocumentation(java.lang.String,javax.servlet.http.HttpServletRequest)]
2019-03-25 15:03:57.572 [main] INFO  o.s.scheduling.concurrent.ThreadPoolTaskExecutor - Initializing ExecutorService 'applicationTaskExecutor'
2019-03-25 15:03:57.742 [main] INFO  s.d.s.web.plugins.DocumentationPluginsBootstrapper - Context refreshed
2019-03-25 15:03:57.756 [main] INFO  s.d.s.web.plugins.DocumentationPluginsBootstrapper - Found 1 custom documentation plugin(s)
2019-03-25 15:03:57.775 [main] INFO  s.d.spring.web.scanners.ApiListingReferenceScanner - Scanning for api listing references
2019-03-25 15:03:58.045 [main] INFO  org.apache.coyote.http11.Http11NioProtocol - Starting ProtocolHandler ["http-nio-9257"]
2019-03-25 15:03:58.066 [main] INFO  o.s.boot.web.embedded.tomcat.TomcatWebServer - Tomcat started on port(s): 9257 (http) with context path ''
2019-03-25 15:03:58.068 [main] INFO  com.sk.zl.ZlApplication - Started ZlApplication in 6.571 seconds (JVM running for 7.946)
2019-03-25 15:04:01.413 [http-nio-9257-exec-2] INFO  o.a.c.core.ContainerBase.[Tomcat].[localhost].[/] - Initializing Spring DispatcherServlet 'dispatcherServlet'
2019-03-25 15:04:01.413 [http-nio-9257-exec-2] INFO  org.springframework.web.servlet.DispatcherServlet - Initializing Servlet 'dispatcherServlet'
2019-03-25 15:04:01.422 [http-nio-9257-exec-2] INFO  org.springframework.web.servlet.DispatcherServlet - Completed initialization in 9 ms
2019-03-25 15:06:11.428 [main] INFO  com.sk.zl.ZlApplication - Starting ZlApplication on DESKTOP-BITI73K with PID 13148 (E:\ZL\ZLOnlineAnalysisSystem\target\classes started by admin in E:\ZL\ZLOnlineAnalysisSystem)
2019-03-25 15:06:11.430 [main] INFO  com.sk.zl.ZlApplication - The following profiles are active: pro
2019-03-25 15:06:12.079 [main] INFO  o.s.d.r.config.RepositoryConfigurationDelegate - Bootstrapping Spring Data repositories in DEFAULT mode.
2019-03-25 15:06:12.148 [main] INFO  o.s.d.r.config.RepositoryConfigurationDelegate - Finished Spring Data repository scanning in 60ms. Found 9 repository interfaces.
2019-03-25 15:06:12.149 [main] INFO  o.s.d.r.config.RepositoryConfigurationDelegate - Bootstrapping Spring Data repositories in DEFAULT mode.
2019-03-25 15:06:12.157 [main] INFO  o.s.d.r.config.RepositoryConfigurationDelegate - Finished Spring Data repository scanning in 8ms. Found 3 repository interfaces.
2019-03-25 15:06:12.475 [main] INFO  o.s.c.s.PostProcessorRegistrationDelegate$BeanPostProcessorChecker - Bean 'asyncTaskConfig' of type [com.sk.zl.config.base.AsyncTaskConfig$$EnhancerBySpringCGLIB$$4f9a72a1] is not eligible for getting processed by all BeanPostProcessors (for example: not eligible for auto-proxying)
2019-03-25 15:06:12.549 [main] INFO  o.s.c.s.PostProcessorRegistrationDelegate$BeanPostProcessorChecker - Bean 'org.springframework.transaction.annotation.ProxyTransactionManagementConfiguration' of type [org.springframework.transaction.annotation.ProxyTransactionManagementConfiguration$$EnhancerBySpringCGLIB$$3027eb3d] is not eligible for getting processed by all BeanPostProcessors (for example: not eligible for auto-proxying)
2019-03-25 15:06:12.798 [main] INFO  o.s.boot.web.embedded.tomcat.TomcatWebServer - Tomcat initialized with port(s): 9257 (http)
2019-03-25 15:06:12.809 [main] INFO  org.apache.coyote.http11.Http11NioProtocol - Initializing ProtocolHandler ["http-nio-9257"]
2019-03-25 15:06:12.816 [main] INFO  org.apache.catalina.core.StandardService - Starting service [Tomcat]
2019-03-25 15:06:12.816 [main] INFO  org.apache.catalina.core.StandardEngine - Starting Servlet engine: [Apache Tomcat/9.0.14]
2019-03-25 15:06:12.821 [main] INFO  org.apache.catalina.core.AprLifecycleListener - The APR based Apache Tomcat Native library which allows optimal performance in production environments was not found on the java.library.path: [C:\Program Files\Java\jdk1.8.0_161\bin;C:\WINDOWS\Sun\Java\bin;C:\WINDOWS\system32;C:\WINDOWS;C:\Program Files (x86)\Tirank\Janeos Client;C:\ProgramData\Oracle\Java\javapath;C:\Windows\system32;C:\Windows;C:\Windows\System32\Wbem;C:\Windows\System32\WindowsPowerShell\v1.0\;C:\Program Files\Git\cmd;C:\Program Files (x86)\scala\bin;C:\Program Files (x86)\scala\jre\bin;C:\Thrift;C:\apache-ant-1.10.1\bin;C:\Users\admin\.dnx\bin;C:\Program Files\Microsoft DNX\Dnvm\;C:\Program Files\Microsoft SQL Server\130\Tools\Binn\;C:\sbt\bin;C:\Program Files (x86)\NVIDIA Corporation\PhysX\Common;C:\Program Files (x86)\Windows Kits\8.1\Windows Performance Toolkit\;C:\Program Files (x86)\Windows Kits\10\Windows Performance Toolkit\;C:\Program Files (x86)\Windows Kits\10\bin\10.0.17134.0\x86\;C:\Program Files (x86)\Windows Kits\10\bin\10.0.17134.0\x64\;C:\WINDOWS\system32;C:\WINDOWS;C:\WINDOWS\System32\Wbem;C:\WINDOWS\System32\WindowsPowerShell\v1.0\;C:\WINDOWS\System32\OpenSSH\;C:\apache-maven-3.5.4-bin\bin;C:\Qt\Qt5.10.1\5.10.1\mingw53_32\bin;C:\mysql-5.7.24-winx64\bin;;C:\Program Files\Microsoft VS Code\bin;C:\Users\admin\AppData\Local\Programs\Python\Python37\Scripts\;C:\Users\admin\AppData\Local\Programs\Python\Python37\;C:\Program Files\Java\jdk1.8.0_161\bin;C:\Program Files\Java\jdk1.8.0_161\jre\bin;C:\apache-ant-1.10.1\bin;C:\sbt\bin;C:\Program Files\Bandizip\;C:\Program Files\Microsoft VS Code\bin;C:\Users\admin\AppData\Local\Microsoft\WindowsApps;;.]
2019-03-25 15:06:12.923 [main] INFO  o.a.c.core.ContainerBase.[Tomcat].[localhost].[/] - Initializing Spring embedded WebApplicationContext
2019-03-25 15:06:12.923 [main] INFO  org.springframework.web.context.ContextLoader - Root WebApplicationContext: initialization completed in 1449 ms
2019-03-25 15:06:12.929 [main] INFO  com.sk.zl.config.datasource.DruidConfig - 开始Druid Servlet初始化配置...
2019-03-25 15:06:13.431 [main] INFO  com.alibaba.druid.pool.DruidDataSource - {dataSource-1} inited
2019-03-25 15:06:13.461 [main] INFO  org.hibernate.jpa.internal.util.LogHelper - HHH000204: Processing PersistenceUnitInfo [
	name: zlPersistenceUnit
	...]
2019-03-25 15:06:13.503 [main] INFO  org.hibernate.Version - HHH000412: Hibernate Core {5.3.7.Final}
2019-03-25 15:06:13.504 [main] INFO  org.hibernate.cfg.Environment - HHH000206: hibernate.properties not found
2019-03-25 15:06:13.592 [main] INFO  org.hibernate.annotations.common.Version - HCANN000001: Hibernate Commons Annotations {5.0.4.Final}
2019-03-25 15:06:13.718 [main] INFO  org.hibernate.dialect.Dialect - HHH000400: Using dialect: org.hibernate.dialect.MySQL5Dialect
2019-03-25 15:06:14.322 [main] INFO  o.s.orm.jpa.LocalContainerEntityManagerFactoryBean - Initialized JPA EntityManagerFactory for persistence unit 'zlPersistenceUnit'
2019-03-25 15:06:14.366 [main] INFO  org.hibernate.jpa.internal.util.LogHelper - HHH000204: Processing PersistenceUnitInfo [
	name: alarmPersistenceUnit
	...]
2019-03-25 15:06:14.429 [main] INFO  com.alibaba.druid.pool.DruidDataSource - {dataSource-2} inited
2019-03-25 15:06:14.430 [main] INFO  org.hibernate.dialect.Dialect - HHH000400: Using dialect: org.hibernate.dialect.MySQL5Dialect
2019-03-25 15:06:14.495 [main] INFO  o.s.orm.jpa.LocalContainerEntityManagerFactoryBean - Initialized JPA EntityManagerFactory for persistence unit 'alarmPersistenceUnit'
2019-03-25 15:06:15.231 [main] INFO  o.h.hql.internal.QueryTranslatorFactoryInitiator - HHH000397: Using ASTQueryTranslatorFactory
2019-03-25 15:06:15.899 [main] INFO  s.d.s.w.PropertySourcedRequestMappingHandlerMapping - Mapped URL path [/v2/api-docs] onto method [public org.springframework.http.ResponseEntity<springfox.documentation.spring.web.json.Json> springfox.documentation.swagger2.web.Swagger2Controller.getDocumentation(java.lang.String,javax.servlet.http.HttpServletRequest)]
2019-03-25 15:06:15.994 [main] INFO  o.s.scheduling.concurrent.ThreadPoolTaskExecutor - Initializing ExecutorService 'applicationTaskExecutor'
2019-03-25 15:06:16.164 [main] INFO  s.d.s.web.plugins.DocumentationPluginsBootstrapper - Context refreshed
2019-03-25 15:06:16.177 [main] INFO  s.d.s.web.plugins.DocumentationPluginsBootstrapper - Found 1 custom documentation plugin(s)
2019-03-25 15:06:16.198 [main] INFO  s.d.spring.web.scanners.ApiListingReferenceScanner - Scanning for api listing references
2019-03-25 15:06:16.483 [main] INFO  org.apache.coyote.http11.Http11NioProtocol - Starting ProtocolHandler ["http-nio-9257"]
2019-03-25 15:06:16.505 [main] INFO  o.s.boot.web.embedded.tomcat.TomcatWebServer - Tomcat started on port(s): 9257 (http) with context path ''
2019-03-25 15:06:16.507 [main] INFO  com.sk.zl.ZlApplication - Started ZlApplication in 5.676 seconds (JVM running for 6.633)
2019-03-25 15:06:18.591 [http-nio-9257-exec-1] INFO  o.a.c.core.ContainerBase.[Tomcat].[localhost].[/] - Initializing Spring DispatcherServlet 'dispatcherServlet'
2019-03-25 15:06:18.591 [http-nio-9257-exec-1] INFO  org.springframework.web.servlet.DispatcherServlet - Initializing Servlet 'dispatcherServlet'
2019-03-25 15:06:18.600 [http-nio-9257-exec-1] INFO  org.springframework.web.servlet.DispatcherServlet - Completed initialization in 9 ms
2019-03-25 15:07:50.636 [main] INFO  com.sk.zl.ZlApplication - Starting ZlApplication on DESKTOP-BITI73K with PID 464 (E:\ZL\ZLOnlineAnalysisSystem\target\classes started by admin in E:\ZL\ZLOnlineAnalysisSystem)
2019-03-25 15:07:50.638 [main] INFO  com.sk.zl.ZlApplication - The following profiles are active: pro
2019-03-25 15:07:51.407 [main] INFO  o.s.d.r.config.RepositoryConfigurationDelegate - Bootstrapping Spring Data repositories in DEFAULT mode.
2019-03-25 15:07:51.471 [main] INFO  o.s.d.r.config.RepositoryConfigurationDelegate - Finished Spring Data repository scanning in 57ms. Found 9 repository interfaces.
2019-03-25 15:07:51.471 [main] INFO  o.s.d.r.config.RepositoryConfigurationDelegate - Bootstrapping Spring Data repositories in DEFAULT mode.
2019-03-25 15:07:51.480 [main] INFO  o.s.d.r.config.RepositoryConfigurationDelegate - Finished Spring Data repository scanning in 9ms. Found 3 repository interfaces.
2019-03-25 15:07:51.798 [main] INFO  o.s.c.s.PostProcessorRegistrationDelegate$BeanPostProcessorChecker - Bean 'asyncTaskConfig' of type [com.sk.zl.config.base.AsyncTaskConfig$$EnhancerBySpringCGLIB$$ae926653] is not eligible for getting processed by all BeanPostProcessors (for example: not eligible for auto-proxying)
2019-03-25 15:07:51.868 [main] INFO  o.s.c.s.PostProcessorRegistrationDelegate$BeanPostProcessorChecker - Bean 'org.springframework.transaction.annotation.ProxyTransactionManagementConfiguration' of type [org.springframework.transaction.annotation.ProxyTransactionManagementConfiguration$$EnhancerBySpringCGLIB$$8f1fdeef] is not eligible for getting processed by all BeanPostProcessors (for example: not eligible for auto-proxying)
2019-03-25 15:07:52.164 [main] INFO  o.s.boot.web.embedded.tomcat.TomcatWebServer - Tomcat initialized with port(s): 9257 (http)
2019-03-25 15:07:52.174 [main] INFO  org.apache.coyote.http11.Http11NioProtocol - Initializing ProtocolHandler ["http-nio-9257"]
2019-03-25 15:07:52.181 [main] INFO  org.apache.catalina.core.StandardService - Starting service [Tomcat]
2019-03-25 15:07:52.181 [main] INFO  org.apache.catalina.core.StandardEngine - Starting Servlet engine: [Apache Tomcat/9.0.14]
2019-03-25 15:07:52.186 [main] INFO  org.apache.catalina.core.AprLifecycleListener - The APR based Apache Tomcat Native library which allows optimal performance in production environments was not found on the java.library.path: [C:\Program Files\Java\jdk1.8.0_161\bin;C:\WINDOWS\Sun\Java\bin;C:\WINDOWS\system32;C:\WINDOWS;C:\Program Files (x86)\Tirank\Janeos Client;C:\ProgramData\Oracle\Java\javapath;C:\Windows\system32;C:\Windows;C:\Windows\System32\Wbem;C:\Windows\System32\WindowsPowerShell\v1.0\;C:\Program Files\Git\cmd;C:\Program Files (x86)\scala\bin;C:\Program Files (x86)\scala\jre\bin;C:\Thrift;C:\apache-ant-1.10.1\bin;C:\Users\admin\.dnx\bin;C:\Program Files\Microsoft DNX\Dnvm\;C:\Program Files\Microsoft SQL Server\130\Tools\Binn\;C:\sbt\bin;C:\Program Files (x86)\NVIDIA Corporation\PhysX\Common;C:\Program Files (x86)\Windows Kits\8.1\Windows Performance Toolkit\;C:\Program Files (x86)\Windows Kits\10\Windows Performance Toolkit\;C:\Program Files (x86)\Windows Kits\10\bin\10.0.17134.0\x86\;C:\Program Files (x86)\Windows Kits\10\bin\10.0.17134.0\x64\;C:\WINDOWS\system32;C:\WINDOWS;C:\WINDOWS\System32\Wbem;C:\WINDOWS\System32\WindowsPowerShell\v1.0\;C:\WINDOWS\System32\OpenSSH\;C:\apache-maven-3.5.4-bin\bin;C:\Qt\Qt5.10.1\5.10.1\mingw53_32\bin;C:\mysql-5.7.24-winx64\bin;;C:\Program Files\Microsoft VS Code\bin;C:\Users\admin\AppData\Local\Programs\Python\Python37\Scripts\;C:\Users\admin\AppData\Local\Programs\Python\Python37\;C:\Program Files\Java\jdk1.8.0_161\bin;C:\Program Files\Java\jdk1.8.0_161\jre\bin;C:\apache-ant-1.10.1\bin;C:\sbt\bin;C:\Program Files\Bandizip\;C:\Program Files\Microsoft VS Code\bin;C:\Users\admin\AppData\Local\Microsoft\WindowsApps;;.]
2019-03-25 15:07:52.294 [main] INFO  o.a.c.core.ContainerBase.[Tomcat].[localhost].[/] - Initializing Spring embedded WebApplicationContext
2019-03-25 15:07:52.294 [main] INFO  org.springframework.web.context.ContextLoader - Root WebApplicationContext: initialization completed in 1552 ms
2019-03-25 15:07:52.299 [main] INFO  com.sk.zl.config.datasource.DruidConfig - 开始Druid Servlet初始化配置...
2019-03-25 15:07:52.797 [main] INFO  com.alibaba.druid.pool.DruidDataSource - {dataSource-1} inited
2019-03-25 15:07:52.826 [main] INFO  org.hibernate.jpa.internal.util.LogHelper - HHH000204: Processing PersistenceUnitInfo [
	name: zlPersistenceUnit
	...]
2019-03-25 15:07:52.869 [main] INFO  org.hibernate.Version - HHH000412: Hibernate Core {5.3.7.Final}
2019-03-25 15:07:52.870 [main] INFO  org.hibernate.cfg.Environment - HHH000206: hibernate.properties not found
2019-03-25 15:07:52.963 [main] INFO  org.hibernate.annotations.common.Version - HCANN000001: Hibernate Commons Annotations {5.0.4.Final}
2019-03-25 15:07:53.107 [main] INFO  org.hibernate.dialect.Dialect - HHH000400: Using dialect: org.hibernate.dialect.MySQL5Dialect
2019-03-25 15:07:53.768 [main] INFO  o.s.orm.jpa.LocalContainerEntityManagerFactoryBean - Initialized JPA EntityManagerFactory for persistence unit 'zlPersistenceUnit'
2019-03-25 15:07:53.812 [main] INFO  org.hibernate.jpa.internal.util.LogHelper - HHH000204: Processing PersistenceUnitInfo [
	name: alarmPersistenceUnit
	...]
2019-03-25 15:07:53.886 [main] INFO  com.alibaba.druid.pool.DruidDataSource - {dataSource-2} inited
2019-03-25 15:07:53.886 [main] INFO  org.hibernate.dialect.Dialect - HHH000400: Using dialect: org.hibernate.dialect.MySQL5Dialect
2019-03-25 15:07:53.948 [main] INFO  o.s.orm.jpa.LocalContainerEntityManagerFactoryBean - Initialized JPA EntityManagerFactory for persistence unit 'alarmPersistenceUnit'
2019-03-25 15:07:54.724 [main] INFO  o.h.hql.internal.QueryTranslatorFactoryInitiator - HHH000397: Using ASTQueryTranslatorFactory
2019-03-25 15:07:55.394 [main] INFO  s.d.s.w.PropertySourcedRequestMappingHandlerMapping - Mapped URL path [/v2/api-docs] onto method [public org.springframework.http.ResponseEntity<springfox.documentation.spring.web.json.Json> springfox.documentation.swagger2.web.Swagger2Controller.getDocumentation(java.lang.String,javax.servlet.http.HttpServletRequest)]
2019-03-25 15:07:55.481 [main] INFO  o.s.scheduling.concurrent.ThreadPoolTaskExecutor - Initializing ExecutorService 'applicationTaskExecutor'
2019-03-25 15:07:55.651 [main] INFO  s.d.s.web.plugins.DocumentationPluginsBootstrapper - Context refreshed
2019-03-25 15:07:55.665 [main] INFO  s.d.s.web.plugins.DocumentationPluginsBootstrapper - Found 1 custom documentation plugin(s)
2019-03-25 15:07:55.686 [main] INFO  s.d.spring.web.scanners.ApiListingReferenceScanner - Scanning for api listing references
2019-03-25 15:07:55.994 [main] INFO  org.apache.coyote.http11.Http11NioProtocol - Starting ProtocolHandler ["http-nio-9257"]
2019-03-25 15:07:56.015 [main] INFO  o.s.boot.web.embedded.tomcat.TomcatWebServer - Tomcat started on port(s): 9257 (http) with context path ''
2019-03-25 15:07:56.017 [main] INFO  com.sk.zl.ZlApplication - Started ZlApplication in 5.998 seconds (JVM running for 6.838)
2019-03-25 15:08:37.547 [main] INFO  com.sk.zl.ZlApplication - Starting ZlApplication on DESKTOP-BITI73K with PID 19220 (E:\ZL\ZLOnlineAnalysisSystem\target\classes started by admin in E:\ZL\ZLOnlineAnalysisSystem)
2019-03-25 15:08:37.549 [main] INFO  com.sk.zl.ZlApplication - The following profiles are active: pro
2019-03-25 15:08:38.326 [main] INFO  o.s.d.r.config.RepositoryConfigurationDelegate - Bootstrapping Spring Data repositories in DEFAULT mode.
2019-03-25 15:08:38.385 [main] INFO  o.s.d.r.config.RepositoryConfigurationDelegate - Finished Spring Data repository scanning in 53ms. Found 9 repository interfaces.
2019-03-25 15:08:38.385 [main] INFO  o.s.d.r.config.RepositoryConfigurationDelegate - Bootstrapping Spring Data repositories in DEFAULT mode.
2019-03-25 15:08:38.393 [main] INFO  o.s.d.r.config.RepositoryConfigurationDelegate - Finished Spring Data repository scanning in 8ms. Found 3 repository interfaces.
2019-03-25 15:08:38.705 [main] INFO  o.s.c.s.PostProcessorRegistrationDelegate$BeanPostProcessorChecker - Bean 'asyncTaskConfig' of type [com.sk.zl.config.base.AsyncTaskConfig$$EnhancerBySpringCGLIB$$d55899c9] is not eligible for getting processed by all BeanPostProcessors (for example: not eligible for auto-proxying)
2019-03-25 15:08:38.771 [main] INFO  o.s.c.s.PostProcessorRegistrationDelegate$BeanPostProcessorChecker - Bean 'org.springframework.transaction.annotation.ProxyTransactionManagementConfiguration' of type [org.springframework.transaction.annotation.ProxyTransactionManagementConfiguration$$EnhancerBySpringCGLIB$$b5e61265] is not eligible for getting processed by all BeanPostProcessors (for example: not eligible for auto-proxying)
2019-03-25 15:08:39.074 [main] INFO  o.s.boot.web.embedded.tomcat.TomcatWebServer - Tomcat initialized with port(s): 9257 (http)
2019-03-25 15:08:39.084 [main] INFO  org.apache.coyote.http11.Http11NioProtocol - Initializing ProtocolHandler ["http-nio-9257"]
2019-03-25 15:08:39.091 [main] INFO  org.apache.catalina.core.StandardService - Starting service [Tomcat]
2019-03-25 15:08:39.091 [main] INFO  org.apache.catalina.core.StandardEngine - Starting Servlet engine: [Apache Tomcat/9.0.14]
2019-03-25 15:08:39.097 [main] INFO  org.apache.catalina.core.AprLifecycleListener - The APR based Apache Tomcat Native library which allows optimal performance in production environments was not found on the java.library.path: [C:\Program Files\Java\jdk1.8.0_161\bin;C:\WINDOWS\Sun\Java\bin;C:\WINDOWS\system32;C:\WINDOWS;C:\Program Files (x86)\Tirank\Janeos Client;C:\ProgramData\Oracle\Java\javapath;C:\Windows\system32;C:\Windows;C:\Windows\System32\Wbem;C:\Windows\System32\WindowsPowerShell\v1.0\;C:\Program Files\Git\cmd;C:\Program Files (x86)\scala\bin;C:\Program Files (x86)\scala\jre\bin;C:\Thrift;C:\apache-ant-1.10.1\bin;C:\Users\admin\.dnx\bin;C:\Program Files\Microsoft DNX\Dnvm\;C:\Program Files\Microsoft SQL Server\130\Tools\Binn\;C:\sbt\bin;C:\Program Files (x86)\NVIDIA Corporation\PhysX\Common;C:\Program Files (x86)\Windows Kits\8.1\Windows Performance Toolkit\;C:\Program Files (x86)\Windows Kits\10\Windows Performance Toolkit\;C:\Program Files (x86)\Windows Kits\10\bin\10.0.17134.0\x86\;C:\Program Files (x86)\Windows Kits\10\bin\10.0.17134.0\x64\;C:\WINDOWS\system32;C:\WINDOWS;C:\WINDOWS\System32\Wbem;C:\WINDOWS\System32\WindowsPowerShell\v1.0\;C:\WINDOWS\System32\OpenSSH\;C:\apache-maven-3.5.4-bin\bin;C:\Qt\Qt5.10.1\5.10.1\mingw53_32\bin;C:\mysql-5.7.24-winx64\bin;;C:\Program Files\Microsoft VS Code\bin;C:\Users\admin\AppData\Local\Programs\Python\Python37\Scripts\;C:\Users\admin\AppData\Local\Programs\Python\Python37\;C:\Program Files\Java\jdk1.8.0_161\bin;C:\Program Files\Java\jdk1.8.0_161\jre\bin;C:\apache-ant-1.10.1\bin;C:\sbt\bin;C:\Program Files\Bandizip\;C:\Program Files\Microsoft VS Code\bin;C:\Users\admin\AppData\Local\Microsoft\WindowsApps;;.]
2019-03-25 15:08:39.189 [main] INFO  o.a.c.core.ContainerBase.[Tomcat].[localhost].[/] - Initializing Spring embedded WebApplicationContext
2019-03-25 15:08:39.189 [main] INFO  org.springframework.web.context.ContextLoader - Root WebApplicationContext: initialization completed in 1606 ms
2019-03-25 15:08:39.195 [main] INFO  com.sk.zl.config.datasource.DruidConfig - 开始Druid Servlet初始化配置...
2019-03-25 15:08:39.693 [main] INFO  com.alibaba.druid.pool.DruidDataSource - {dataSource-1} inited
2019-03-25 15:08:39.721 [main] INFO  org.hibernate.jpa.internal.util.LogHelper - HHH000204: Processing PersistenceUnitInfo [
	name: zlPersistenceUnit
	...]
2019-03-25 15:08:39.764 [main] INFO  org.hibernate.Version - HHH000412: Hibernate Core {5.3.7.Final}
2019-03-25 15:08:39.765 [main] INFO  org.hibernate.cfg.Environment - HHH000206: hibernate.properties not found
2019-03-25 15:08:39.853 [main] INFO  org.hibernate.annotations.common.Version - HCANN000001: Hibernate Commons Annotations {5.0.4.Final}
2019-03-25 15:08:39.976 [main] INFO  org.hibernate.dialect.Dialect - HHH000400: Using dialect: org.hibernate.dialect.MySQL5Dialect
2019-03-25 15:08:40.574 [main] INFO  o.s.orm.jpa.LocalContainerEntityManagerFactoryBean - Initialized JPA EntityManagerFactory for persistence unit 'zlPersistenceUnit'
2019-03-25 15:08:40.618 [main] INFO  org.hibernate.jpa.internal.util.LogHelper - HHH000204: Processing PersistenceUnitInfo [
	name: alarmPersistenceUnit
	...]
2019-03-25 15:08:40.688 [main] INFO  com.alibaba.druid.pool.DruidDataSource - {dataSource-2} inited
2019-03-25 15:08:40.688 [main] INFO  org.hibernate.dialect.Dialect - HHH000400: Using dialect: org.hibernate.dialect.MySQL5Dialect
2019-03-25 15:08:40.750 [main] INFO  o.s.orm.jpa.LocalContainerEntityManagerFactoryBean - Initialized JPA EntityManagerFactory for persistence unit 'alarmPersistenceUnit'
2019-03-25 15:08:41.486 [main] INFO  o.h.hql.internal.QueryTranslatorFactoryInitiator - HHH000397: Using ASTQueryTranslatorFactory
2019-03-25 15:08:42.094 [main] INFO  s.d.s.w.PropertySourcedRequestMappingHandlerMapping - Mapped URL path [/v2/api-docs] onto method [public org.springframework.http.ResponseEntity<springfox.documentation.spring.web.json.Json> springfox.documentation.swagger2.web.Swagger2Controller.getDocumentation(java.lang.String,javax.servlet.http.HttpServletRequest)]
2019-03-25 15:08:42.181 [main] INFO  o.s.scheduling.concurrent.ThreadPoolTaskExecutor - Initializing ExecutorService 'applicationTaskExecutor'
2019-03-25 15:08:42.337 [main] INFO  s.d.s.web.plugins.DocumentationPluginsBootstrapper - Context refreshed
2019-03-25 15:08:42.351 [main] INFO  s.d.s.web.plugins.DocumentationPluginsBootstrapper - Found 1 custom documentation plugin(s)
2019-03-25 15:08:42.371 [main] INFO  s.d.spring.web.scanners.ApiListingReferenceScanner - Scanning for api listing references
2019-03-25 15:08:42.658 [main] INFO  org.apache.coyote.http11.Http11NioProtocol - Starting ProtocolHandler ["http-nio-9257"]
2019-03-25 15:08:42.682 [main] INFO  o.s.boot.web.embedded.tomcat.TomcatWebServer - Tomcat started on port(s): 9257 (http) with context path ''
2019-03-25 15:08:42.684 [main] INFO  com.sk.zl.ZlApplication - Started ZlApplication in 5.685 seconds (JVM running for 6.709)
2019-03-25 15:08:48.927 [http-nio-9257-exec-2] INFO  o.a.c.core.ContainerBase.[Tomcat].[localhost].[/] - Initializing Spring DispatcherServlet 'dispatcherServlet'
2019-03-25 15:08:48.927 [http-nio-9257-exec-2] INFO  org.springframework.web.servlet.DispatcherServlet - Initializing Servlet 'dispatcherServlet'
2019-03-25 15:08:48.937 [http-nio-9257-exec-2] INFO  org.springframework.web.servlet.DispatcherServlet - Completed initialization in 10 ms
2019-03-25 15:26:40.066 [main] INFO  com.sk.zl.ZlApplication - Starting ZlApplication on DESKTOP-BITI73K with PID 16852 (E:\ZL\ZLOnlineAnalysisSystem\target\classes started by admin in E:\ZL\ZLOnlineAnalysisSystem)
2019-03-25 15:26:40.069 [main] INFO  com.sk.zl.ZlApplication - The following profiles are active: pro
2019-03-25 15:26:40.819 [main] INFO  o.s.d.r.config.RepositoryConfigurationDelegate - Bootstrapping Spring Data repositories in DEFAULT mode.
2019-03-25 15:26:40.882 [main] INFO  o.s.d.r.config.RepositoryConfigurationDelegate - Finished Spring Data repository scanning in 57ms. Found 9 repository interfaces.
2019-03-25 15:26:40.882 [main] INFO  o.s.d.r.config.RepositoryConfigurationDelegate - Bootstrapping Spring Data repositories in DEFAULT mode.
2019-03-25 15:26:40.890 [main] INFO  o.s.d.r.config.RepositoryConfigurationDelegate - Finished Spring Data repository scanning in 8ms. Found 3 repository interfaces.
2019-03-25 15:26:41.208 [main] INFO  o.s.c.s.PostProcessorRegistrationDelegate$BeanPostProcessorChecker - Bean 'asyncTaskConfig' of type [com.sk.zl.config.base.AsyncTaskConfig$$EnhancerBySpringCGLIB$$1451a1a3] is not eligible for getting processed by all BeanPostProcessors (for example: not eligible for auto-proxying)
2019-03-25 15:26:41.286 [main] INFO  o.s.c.s.PostProcessorRegistrationDelegate$BeanPostProcessorChecker - Bean 'org.springframework.transaction.annotation.ProxyTransactionManagementConfiguration' of type [org.springframework.transaction.annotation.ProxyTransactionManagementConfiguration$$EnhancerBySpringCGLIB$$f4df1a3f] is not eligible for getting processed by all BeanPostProcessors (for example: not eligible for auto-proxying)
2019-03-25 15:26:41.555 [main] INFO  o.s.boot.web.embedded.tomcat.TomcatWebServer - Tomcat initialized with port(s): 9257 (http)
2019-03-25 15:26:41.566 [main] INFO  org.apache.coyote.http11.Http11NioProtocol - Initializing ProtocolHandler ["http-nio-9257"]
2019-03-25 15:26:41.573 [main] INFO  org.apache.catalina.core.StandardService - Starting service [Tomcat]
2019-03-25 15:26:41.573 [main] INFO  org.apache.catalina.core.StandardEngine - Starting Servlet engine: [Apache Tomcat/9.0.14]
2019-03-25 15:26:41.578 [main] INFO  org.apache.catalina.core.AprLifecycleListener - The APR based Apache Tomcat Native library which allows optimal performance in production environments was not found on the java.library.path: [C:\Program Files\Java\jdk1.8.0_161\bin;C:\WINDOWS\Sun\Java\bin;C:\WINDOWS\system32;C:\WINDOWS;C:\Program Files (x86)\Tirank\Janeos Client;C:\ProgramData\Oracle\Java\javapath;C:\Windows\system32;C:\Windows;C:\Windows\System32\Wbem;C:\Windows\System32\WindowsPowerShell\v1.0\;C:\Program Files\Git\cmd;C:\Program Files (x86)\scala\bin;C:\Program Files (x86)\scala\jre\bin;C:\Thrift;C:\apache-ant-1.10.1\bin;C:\Users\admin\.dnx\bin;C:\Program Files\Microsoft DNX\Dnvm\;C:\Program Files\Microsoft SQL Server\130\Tools\Binn\;C:\sbt\bin;C:\Program Files (x86)\NVIDIA Corporation\PhysX\Common;C:\Program Files (x86)\Windows Kits\8.1\Windows Performance Toolkit\;C:\Program Files (x86)\Windows Kits\10\Windows Performance Toolkit\;C:\Program Files (x86)\Windows Kits\10\bin\10.0.17134.0\x86\;C:\Program Files (x86)\Windows Kits\10\bin\10.0.17134.0\x64\;C:\WINDOWS\system32;C:\WINDOWS;C:\WINDOWS\System32\Wbem;C:\WINDOWS\System32\WindowsPowerShell\v1.0\;C:\WINDOWS\System32\OpenSSH\;C:\apache-maven-3.5.4-bin\bin;C:\Qt\Qt5.10.1\5.10.1\mingw53_32\bin;C:\mysql-5.7.24-winx64\bin;;C:\Program Files\Microsoft VS Code\bin;C:\Users\admin\AppData\Local\Programs\Python\Python37\Scripts\;C:\Users\admin\AppData\Local\Programs\Python\Python37\;C:\Program Files\Java\jdk1.8.0_161\bin;C:\Program Files\Java\jdk1.8.0_161\jre\bin;C:\apache-ant-1.10.1\bin;C:\sbt\bin;C:\Program Files\Bandizip\;C:\Program Files\Microsoft VS Code\bin;C:\Users\admin\AppData\Local\Microsoft\WindowsApps;;.]
2019-03-25 15:26:41.674 [main] INFO  o.a.c.core.ContainerBase.[Tomcat].[localhost].[/] - Initializing Spring embedded WebApplicationContext
2019-03-25 15:26:41.674 [main] INFO  org.springframework.web.context.ContextLoader - Root WebApplicationContext: initialization completed in 1532 ms
2019-03-25 15:26:41.679 [main] INFO  com.sk.zl.config.datasource.DruidConfig - 开始Druid Servlet初始化配置...
2019-03-25 15:26:42.190 [main] INFO  com.alibaba.druid.pool.DruidDataSource - {dataSource-1} inited
2019-03-25 15:26:42.222 [main] INFO  org.hibernate.jpa.internal.util.LogHelper - HHH000204: Processing PersistenceUnitInfo [
	name: zlPersistenceUnit
	...]
2019-03-25 15:26:42.271 [main] INFO  org.hibernate.Version - HHH000412: Hibernate Core {5.3.7.Final}
2019-03-25 15:26:42.273 [main] INFO  org.hibernate.cfg.Environment - HHH000206: hibernate.properties not found
2019-03-25 15:26:42.368 [main] INFO  org.hibernate.annotations.common.Version - HCANN000001: Hibernate Commons Annotations {5.0.4.Final}
2019-03-25 15:26:42.495 [main] INFO  org.hibernate.dialect.Dialect - HHH000400: Using dialect: org.hibernate.dialect.MySQL5Dialect
2019-03-25 15:26:43.087 [main] INFO  o.s.orm.jpa.LocalContainerEntityManagerFactoryBean - Initialized JPA EntityManagerFactory for persistence unit 'zlPersistenceUnit'
2019-03-25 15:26:43.134 [main] INFO  org.hibernate.jpa.internal.util.LogHelper - HHH000204: Processing PersistenceUnitInfo [
	name: alarmPersistenceUnit
	...]
2019-03-25 15:26:43.216 [main] INFO  com.alibaba.druid.pool.DruidDataSource - {dataSource-2} inited
2019-03-25 15:26:43.216 [main] INFO  org.hibernate.dialect.Dialect - HHH000400: Using dialect: org.hibernate.dialect.MySQL5Dialect
2019-03-25 15:26:43.286 [main] INFO  o.s.orm.jpa.LocalContainerEntityManagerFactoryBean - Initialized JPA EntityManagerFactory for persistence unit 'alarmPersistenceUnit'
2019-03-25 15:26:44.185 [main] INFO  o.h.hql.internal.QueryTranslatorFactoryInitiator - HHH000397: Using ASTQueryTranslatorFactory
2019-03-25 15:26:44.917 [main] INFO  s.d.s.w.PropertySourcedRequestMappingHandlerMapping - Mapped URL path [/v2/api-docs] onto method [public org.springframework.http.ResponseEntity<springfox.documentation.spring.web.json.Json> springfox.documentation.swagger2.web.Swagger2Controller.getDocumentation(java.lang.String,javax.servlet.http.HttpServletRequest)]
2019-03-25 15:26:45.007 [main] INFO  o.s.scheduling.concurrent.ThreadPoolTaskExecutor - Initializing ExecutorService 'applicationTaskExecutor'
2019-03-25 15:26:45.181 [main] INFO  s.d.s.web.plugins.DocumentationPluginsBootstrapper - Context refreshed
2019-03-25 15:26:45.195 [main] INFO  s.d.s.web.plugins.DocumentationPluginsBootstrapper - Found 1 custom documentation plugin(s)
2019-03-25 15:26:45.219 [main] INFO  s.d.spring.web.scanners.ApiListingReferenceScanner - Scanning for api listing references
2019-03-25 15:26:45.516 [main] INFO  org.apache.coyote.http11.Http11NioProtocol - Starting ProtocolHandler ["http-nio-9257"]
2019-03-25 15:26:45.539 [main] INFO  o.s.boot.web.embedded.tomcat.TomcatWebServer - Tomcat started on port(s): 9257 (http) with context path ''
2019-03-25 15:26:45.541 [main] INFO  com.sk.zl.ZlApplication - Started ZlApplication in 6.056 seconds (JVM running for 7.073)
2019-03-25 15:27:51.521 [http-nio-9257-exec-1] INFO  o.a.c.core.ContainerBase.[Tomcat].[localhost].[/] - Initializing Spring DispatcherServlet 'dispatcherServlet'
2019-03-25 15:27:51.521 [http-nio-9257-exec-1] INFO  org.springframework.web.servlet.DispatcherServlet - Initializing Servlet 'dispatcherServlet'
2019-03-25 15:27:51.532 [http-nio-9257-exec-1] INFO  org.springframework.web.servlet.DispatcherServlet - Completed initialization in 11 ms
2019-03-25 15:27:51.595 [http-nio-9257-exec-1] INFO  com.sk.zl.dao.skdb.impl.PointInfoDaoImpl - ReDataAnalysis{id=0, startTime=Sat Nov 24 00:00:00 CST 2018, endTime=Sun Mar 24 00:00:00 CST 2019}
2019-03-25 15:41:13.505 [http-nio-9257-exec-2] INFO  com.sk.zl.dao.skdb.impl.PointInfoDaoImpl - ReDataAnalysis{id=0, startTime=Mon Dec 31 00:00:10 CST 2018, endTime=Sun Mar 24 00:00:00 CST 2019}
2019-03-25 15:44:34.416 [http-nio-9257-exec-3] INFO  com.sk.zl.dao.skdb.impl.PointInfoDaoImpl - ReDataAnalysis{id=0, startTime=Fri Mar 01 00:00:10 CST 2019, endTime=Mon Mar 11 00:00:10 CST 2019}
2019-03-25 15:45:39.693 [http-nio-9257-exec-4] INFO  com.sk.zl.dao.skdb.impl.PointInfoDaoImpl - ReDataAnalysis{id=0, startTime=Fri Mar 01 00:00:10 CST 2019, endTime=Mon Mar 11 00:00:10 CST 2019}
2019-03-25 15:49:50.457 [http-nio-9257-exec-5] INFO  com.sk.zl.dao.skdb.impl.PointInfoDaoImpl - ReDataAnalysis{id=0, startTime=Fri Mar 01 00:00:10 CST 2019, endTime=Mon Mar 11 00:00:10 CST 2019}
2019-03-25 15:51:20.179 [http-nio-9257-exec-7] INFO  com.sk.zl.dao.skdb.impl.PointInfoDaoImpl - ReDataAnalysis{id=1, startTime=Fri Mar 01 00:00:10 CST 2019, endTime=Mon Mar 11 00:00:10 CST 2019}
2019-03-25 15:51:32.352 [http-nio-9257-exec-8] INFO  com.sk.zl.dao.skdb.impl.PointInfoDaoImpl - ReDataAnalysis{id=2, startTime=Fri Mar 01 00:00:10 CST 2019, endTime=Mon Mar 11 00:00:10 CST 2019}
2019-03-25 15:52:22.044 [http-nio-9257-exec-9] INFO  com.sk.zl.dao.skdb.impl.PointInfoDaoImpl - ReDataAnalysis{id=0, startTime=Fri Mar 01 00:00:10 CST 2019, endTime=Mon Mar 11 00:00:10 CST 2019}
2019-03-25 15:55:49.982 [http-nio-9257-exec-10] INFO  com.sk.zl.dao.skdb.impl.PointInfoDaoImpl - ReDataAnalysis{id=1, startTime=Sat Nov 24 00:00:00 CST 2018, endTime=Sun Mar 24 00:00:00 CST 2019}
2019-03-25 15:58:19.305 [http-nio-9257-exec-1] INFO  com.sk.zl.dao.skdb.impl.PointInfoDaoImpl - ReDataAnalysis{id=1, startTime=Sat Nov 24 00:00:00 CST 2018, endTime=Sun Mar 24 00:00:00 CST 2019}
2019-03-25 16:05:01.008 [http-nio-9257-exec-2] INFO  com.sk.zl.dao.skdb.impl.PointInfoDaoImpl - ReDataAnalysis{id=1, startTime=Mon Mar 04 00:00:10 CST 2019, endTime=Sun Mar 24 00:00:00 CST 2019}
2019-03-25 16:07:11.445 [http-nio-9257-exec-4] INFO  com.sk.zl.dao.skdb.impl.PointInfoDaoImpl - ReDataAnalysis{id=1, startTime=Mon Mar 04 00:00:10 CST 2019, endTime=Sun Mar 24 00:00:00 CST 2019}
2019-03-25 16:08:32.290 [http-nio-9257-exec-6] INFO  com.sk.zl.dao.skdb.impl.PointInfoDaoImpl - ReDataAnalysis{id=1, startTime=Mon Mar 04 00:00:10 CST 2019, endTime=Sun Mar 24 00:00:00 CST 2019}
2019-03-25 16:11:21.358 [http-nio-9257-exec-8] INFO  com.sk.zl.dao.skdb.impl.PointInfoDaoImpl - ReDataAnalysis{id=1, startTime=Mon Mar 04 00:00:10 CST 2019, endTime=Sun Mar 24 00:00:00 CST 2019}
2019-03-25 16:13:22.195 [http-nio-9257-exec-10] INFO  com.sk.zl.dao.skdb.impl.PointInfoDaoImpl - ReDataAnalysis{id=1, startTime=Mon Mar 04 00:00:10 CST 2019, endTime=Sun Mar 24 00:00:00 CST 2019}
2019-03-25 16:15:43.471 [http-nio-9257-exec-2] INFO  com.sk.zl.dao.skdb.impl.PointInfoDaoImpl - ReDataAnalysis{id=1, startTime=Mon Mar 04 00:00:10 CST 2019, endTime=Sun Mar 24 00:00:00 CST 2019}
2019-03-25 16:21:22.146 [http-nio-9257-exec-4] INFO  com.sk.zl.dao.skdb.impl.PointInfoDaoImpl - ReDataAnalysis{id=1, startTime=Mon Mar 04 00:00:10 CST 2019, endTime=Sun Mar 24 00:00:00 CST 2019}
2019-03-25 16:22:53.355 [http-nio-9257-exec-6] INFO  com.sk.zl.dao.skdb.impl.PointInfoDaoImpl - ReDataAnalysis{id=1, startTime=Mon Mar 04 00:00:10 CST 2019, endTime=Sun Mar 24 00:00:00 CST 2019}
2019-03-25 16:23:42.336 [http-nio-9257-exec-7] INFO  com.sk.zl.dao.skdb.impl.PointInfoDaoImpl - ReDataAnalysis{id=1, startTime=Sat Nov 24 00:00:00 CST 2018, endTime=Sun Mar 24 00:00:00 CST 2019}
2019-03-25 16:44:26.282 [http-nio-9257-exec-8] INFO  com.sk.zl.dao.skdb.impl.PointInfoDaoImpl - ReDataAnalysis{id=1, startTime=Sat Nov 24 00:00:00 CST 2018, endTime=Sun Mar 24 00:00:00 CST 2019}
2019-03-25 16:45:56.803 [http-nio-9257-exec-9] INFO  com.sk.zl.dao.skdb.impl.PointInfoDaoImpl - ReDataAnalysis{id=1, startTime=Sat Nov 24 00:00:00 CST 2018, endTime=Sun Mar 24 00:00:00 CST 2019}
2019-03-25 16:48:10.416 [http-nio-9257-exec-10] INFO  com.sk.zl.dao.skdb.impl.PointInfoDaoImpl - ReDataAnalysis{id=1, startTime=Sat Nov 24 00:00:00 CST 2018, endTime=Sun Mar 24 00:00:00 CST 2019}
2019-03-25 16:55:26.820 [http-nio-9257-exec-1] INFO  com.sk.zl.dao.skdb.impl.PointInfoDaoImpl - ReDataAnalysis{id=1, startTime=Sat Nov 24 00:00:00 CST 2018, endTime=Sun Mar 24 00:00:00 CST 2019}
2019-03-25 16:55:38.537 [http-nio-9257-exec-2] INFO  com.sk.zl.dao.skdb.impl.PointInfoDaoImpl - ReDataAnalysis{id=0, startTime=Sat Nov 24 00:00:00 CST 2018, endTime=Sun Mar 24 00:00:00 CST 2019}
