2019-03-05 09:19:08.552 [http-nio-9257-exec-3] DEBUG org.hibernate.SQL - select planpowere0_.id as id1_6_, planpowere0_.planPower as planPowe2_6_, planpowere0_.updateTime as updateTi3_6_, planpowere0_.year as year4_6_ from tbl_planpower planpowere0_ where planpowere0_.year=?
2019-03-05 09:19:08.598 [http-nio-9257-exec-3] DEBUG org.hibernate.SQL - select metergroup0_.id as id1_4_0_, metergroup0_.name as name2_4_0_ from tbl_metergroup metergroup0_ where metergroup0_.id=?
2019-03-05 09:19:08.612 [http-nio-9257-exec-3] DEBUG org.hibernate.SQL - select meterset0_.groupId as groupId4_2_0_, meterset0_.id as id1_2_0_, meterset0_.id as id1_2_1_, meterset0_.groupId as groupId4_2_1_, meterset0_.name as name2_2_1_, meterset0_.updateTime as updateTi3_2_1_ from tbl_meter meterset0_ where meterset0_.groupId=?
2019-03-05 09:19:08.624 [http-nio-9257-exec-3] DEBUG org.hibernate.SQL - select genpoweren0_.time as time1_0_, genpoweren0_.meterId as meterId2_0_, genpoweren0_.value as value3_0_ from tbl_genpower genpoweren0_ where (genpoweren0_.meterId in (? , ? , ? , ? , ? , ?)) and genpoweren0_.time>=? and genpoweren0_.time<?
2019-03-05 09:19:08.636 [http-nio-9257-exec-3] DEBUG org.hibernate.SQL - select genpoweren0_.time as time1_0_, genpoweren0_.meterId as meterId2_0_, genpoweren0_.value as value3_0_ from tbl_genpower genpoweren0_ where (genpoweren0_.meterId in (? , ? , ? , ? , ? , ?)) and genpoweren0_.time>=? and genpoweren0_.time<?
2019-03-05 09:19:08.644 [http-nio-9257-exec-3] DEBUG org.hibernate.SQL - select genpoweren0_.time as time1_0_, genpoweren0_.meterId as meterId2_0_, genpoweren0_.value as value3_0_ from tbl_genpower genpoweren0_ where (genpoweren0_.meterId in (? , ? , ? , ? , ? , ?)) and genpoweren0_.time>=? and genpoweren0_.time<?
2019-03-05 09:19:08.651 [http-nio-9257-exec-3] DEBUG org.hibernate.SQL - select genpoweren0_.time as time1_0_, genpoweren0_.meterId as meterId2_0_, genpoweren0_.value as value3_0_ from tbl_genpower genpoweren0_ where (genpoweren0_.meterId in (? , ? , ? , ? , ? , ?)) and genpoweren0_.time>=? and genpoweren0_.time<?
2019-03-05 09:19:08.657 [http-nio-9257-exec-3] DEBUG org.hibernate.SQL - select genpoweren0_.time as time1_0_, genpoweren0_.meterId as meterId2_0_, genpoweren0_.value as value3_0_ from tbl_genpower genpoweren0_ where (genpoweren0_.meterId in (? , ? , ? , ? , ? , ?)) and genpoweren0_.time>=? and genpoweren0_.time<?
2019-03-05 09:19:08.662 [http-nio-9257-exec-3] DEBUG org.hibernate.SQL - select genpoweren0_.time as time1_0_, genpoweren0_.meterId as meterId2_0_, genpoweren0_.value as value3_0_ from tbl_genpower genpoweren0_ where (genpoweren0_.meterId in (? , ? , ? , ? , ? , ?)) and genpoweren0_.time>=? and genpoweren0_.time<?
2019-03-05 09:19:08.668 [http-nio-9257-exec-3] DEBUG org.hibernate.SQL - select genpoweren0_.time as time1_0_, genpoweren0_.meterId as meterId2_0_, genpoweren0_.value as value3_0_ from tbl_genpower genpoweren0_ where (genpoweren0_.meterId in (? , ? , ? , ? , ? , ?)) and genpoweren0_.time>=? and genpoweren0_.time<?
2019-03-05 09:19:08.674 [http-nio-9257-exec-3] DEBUG org.hibernate.SQL - select genpoweren0_.time as time1_0_, genpoweren0_.meterId as meterId2_0_, genpoweren0_.value as value3_0_ from tbl_genpower genpoweren0_ where (genpoweren0_.meterId in (? , ? , ? , ? , ? , ?)) and genpoweren0_.time>=? and genpoweren0_.time<?
2019-03-05 09:19:08.679 [http-nio-9257-exec-3] DEBUG org.hibernate.SQL - select genpoweren0_.time as time1_0_, genpoweren0_.meterId as meterId2_0_, genpoweren0_.value as value3_0_ from tbl_genpower genpoweren0_ where (genpoweren0_.meterId in (? , ? , ? , ? , ? , ?)) and genpoweren0_.time>=? and genpoweren0_.time<?
2019-03-05 09:19:08.683 [http-nio-9257-exec-3] DEBUG org.hibernate.SQL - select genpoweren0_.time as time1_0_, genpoweren0_.meterId as meterId2_0_, genpoweren0_.value as value3_0_ from tbl_genpower genpoweren0_ where (genpoweren0_.meterId in (? , ? , ? , ? , ? , ?)) and genpoweren0_.time>=? and genpoweren0_.time<?
2019-03-05 09:19:08.687 [http-nio-9257-exec-3] DEBUG org.hibernate.SQL - select genpoweren0_.time as time1_0_, genpoweren0_.meterId as meterId2_0_, genpoweren0_.value as value3_0_ from tbl_genpower genpoweren0_ where (genpoweren0_.meterId in (? , ? , ? , ? , ? , ?)) and genpoweren0_.time>=? and genpoweren0_.time<?
2019-03-05 09:19:08.691 [http-nio-9257-exec-3] DEBUG org.hibernate.SQL - select genpoweren0_.time as time1_0_, genpoweren0_.meterId as meterId2_0_, genpoweren0_.value as value3_0_ from tbl_genpower genpoweren0_ where (genpoweren0_.meterId in (? , ? , ? , ? , ? , ?)) and genpoweren0_.time>=? and genpoweren0_.time<?
2019-03-05 09:19:08.695 [http-nio-9257-exec-3] DEBUG org.hibernate.SQL - select genpoweren0_.time as time1_0_, genpoweren0_.meterId as meterId2_0_, genpoweren0_.value as value3_0_ from tbl_genpower genpoweren0_ where (genpoweren0_.meterId in (? , ? , ? , ? , ? , ?)) and genpoweren0_.time>=? and genpoweren0_.time<?
2019-03-05 09:19:53.452 [http-nio-9257-exec-2] DEBUG org.hibernate.SQL - select metergroup0_.id as id1_4_0_, metergroup0_.name as name2_4_0_ from tbl_metergroup metergroup0_ where metergroup0_.id=?
2019-03-05 09:19:53.456 [http-nio-9257-exec-2] DEBUG org.hibernate.SQL - select meterset0_.groupId as groupId4_2_0_, meterset0_.id as id1_2_0_, meterset0_.id as id1_2_1_, meterset0_.groupId as groupId4_2_1_, meterset0_.name as name2_2_1_, meterset0_.updateTime as updateTi3_2_1_ from tbl_meter meterset0_ where meterset0_.groupId=?
2019-03-05 09:19:53.463 [http-nio-9257-exec-2] DEBUG org.hibernate.SQL - select genpoweren0_.time as time1_0_, genpoweren0_.meterId as meterId2_0_, genpoweren0_.value as value3_0_ from tbl_genpower genpoweren0_ where (genpoweren0_.meterId in (? , ? , ? , ? , ? , ? , ? , ? , ? , ? , ?)) and genpoweren0_.time>=? and genpoweren0_.time<?
2019-03-05 09:19:53.470 [http-nio-9257-exec-2] DEBUG org.hibernate.SQL - select genpoweren0_.time as time1_0_, genpoweren0_.meterId as meterId2_0_, genpoweren0_.value as value3_0_ from tbl_genpower genpoweren0_ where (genpoweren0_.meterId in (? , ? , ? , ? , ? , ? , ? , ? , ? , ? , ?)) and genpoweren0_.time>=? and genpoweren0_.time<?
2019-03-05 09:19:53.477 [http-nio-9257-exec-2] DEBUG org.hibernate.SQL - select genpoweren0_.time as time1_0_, genpoweren0_.meterId as meterId2_0_, genpoweren0_.value as value3_0_ from tbl_genpower genpoweren0_ where (genpoweren0_.meterId in (? , ? , ? , ? , ? , ? , ? , ? , ? , ? , ?)) and genpoweren0_.time>=? and genpoweren0_.time<?
2019-03-05 09:19:53.482 [http-nio-9257-exec-2] DEBUG org.hibernate.SQL - select genpoweren0_.time as time1_0_, genpoweren0_.meterId as meterId2_0_, genpoweren0_.value as value3_0_ from tbl_genpower genpoweren0_ where (genpoweren0_.meterId in (? , ? , ? , ? , ? , ? , ? , ? , ? , ? , ?)) and genpoweren0_.time>=? and genpoweren0_.time<?
2019-03-05 09:19:53.488 [http-nio-9257-exec-2] DEBUG org.hibernate.SQL - select genpoweren0_.time as time1_0_, genpoweren0_.meterId as meterId2_0_, genpoweren0_.value as value3_0_ from tbl_genpower genpoweren0_ where (genpoweren0_.meterId in (? , ? , ? , ? , ? , ? , ? , ? , ? , ? , ?)) and genpoweren0_.time>=? and genpoweren0_.time<?
2019-03-05 09:19:53.494 [http-nio-9257-exec-2] DEBUG org.hibernate.SQL - select genpoweren0_.time as time1_0_, genpoweren0_.meterId as meterId2_0_, genpoweren0_.value as value3_0_ from tbl_genpower genpoweren0_ where (genpoweren0_.meterId in (? , ? , ? , ? , ? , ? , ? , ? , ? , ? , ?)) and genpoweren0_.time>=? and genpoweren0_.time<?
2019-03-05 09:19:53.498 [http-nio-9257-exec-2] DEBUG org.hibernate.SQL - select genpoweren0_.time as time1_0_, genpoweren0_.meterId as meterId2_0_, genpoweren0_.value as value3_0_ from tbl_genpower genpoweren0_ where (genpoweren0_.meterId in (? , ? , ? , ? , ? , ? , ? , ? , ? , ? , ?)) and genpoweren0_.time>=? and genpoweren0_.time<?
2019-03-05 09:19:53.503 [http-nio-9257-exec-2] DEBUG org.hibernate.SQL - select genpoweren0_.time as time1_0_, genpoweren0_.meterId as meterId2_0_, genpoweren0_.value as value3_0_ from tbl_genpower genpoweren0_ where (genpoweren0_.meterId in (? , ? , ? , ? , ? , ? , ? , ? , ? , ? , ?)) and genpoweren0_.time>=? and genpoweren0_.time<?
2019-03-05 09:19:53.508 [http-nio-9257-exec-2] DEBUG org.hibernate.SQL - select genpoweren0_.time as time1_0_, genpoweren0_.meterId as meterId2_0_, genpoweren0_.value as value3_0_ from tbl_genpower genpoweren0_ where (genpoweren0_.meterId in (? , ? , ? , ? , ? , ? , ? , ? , ? , ? , ?)) and genpoweren0_.time>=? and genpoweren0_.time<?
2019-03-05 09:19:53.514 [http-nio-9257-exec-2] DEBUG org.hibernate.SQL - select genpoweren0_.time as time1_0_, genpoweren0_.meterId as meterId2_0_, genpoweren0_.value as value3_0_ from tbl_genpower genpoweren0_ where (genpoweren0_.meterId in (? , ? , ? , ? , ? , ? , ? , ? , ? , ? , ?)) and genpoweren0_.time>=? and genpoweren0_.time<?
2019-03-05 09:19:53.519 [http-nio-9257-exec-2] DEBUG org.hibernate.SQL - select genpoweren0_.time as time1_0_, genpoweren0_.meterId as meterId2_0_, genpoweren0_.value as value3_0_ from tbl_genpower genpoweren0_ where (genpoweren0_.meterId in (? , ? , ? , ? , ? , ? , ? , ? , ? , ? , ?)) and genpoweren0_.time>=? and genpoweren0_.time<?
2019-03-05 09:19:53.525 [http-nio-9257-exec-2] DEBUG org.hibernate.SQL - select genpoweren0_.time as time1_0_, genpoweren0_.meterId as meterId2_0_, genpoweren0_.value as value3_0_ from tbl_genpower genpoweren0_ where (genpoweren0_.meterId in (? , ? , ? , ? , ? , ? , ? , ? , ? , ? , ?)) and genpoweren0_.time>=? and genpoweren0_.time<?
2019-03-05 09:20:26.785 [http-nio-9257-exec-4] DEBUG org.hibernate.SQL - select plantentit0_.id as id1_7_, plantentit0_.capacity as capacity2_7_, plantentit0_.maintaining as maintain3_7_, plantentit0_.meterId as meterId6_7_, plantentit0_.name as name4_7_, plantentit0_.updateTime as updateTi5_7_ from tbl_plant plantentit0_
2019-03-05 09:20:26.788 [http-nio-9257-exec-4] DEBUG org.hibernate.SQL - select meterentit0_.id as id1_2_0_, meterentit0_.groupId as groupId4_2_0_, meterentit0_.name as name2_2_0_, meterentit0_.updateTime as updateTi3_2_0_ from tbl_meter meterentit0_ where meterentit0_.id=?
2019-03-05 09:20:26.794 [http-nio-9257-exec-4] DEBUG org.hibernate.SQL - select meterentit0_.id as id1_2_0_, meterentit0_.groupId as groupId4_2_0_, meterentit0_.name as name2_2_0_, meterentit0_.updateTime as updateTi3_2_0_ from tbl_meter meterentit0_ where meterentit0_.id=?
2019-03-05 09:20:26.796 [http-nio-9257-exec-4] DEBUG org.hibernate.SQL - select meterentit0_.id as id1_2_0_, meterentit0_.groupId as groupId4_2_0_, meterentit0_.name as name2_2_0_, meterentit0_.updateTime as updateTi3_2_0_ from tbl_meter meterentit0_ where meterentit0_.id=?
2019-03-05 09:20:26.798 [http-nio-9257-exec-4] DEBUG org.hibernate.SQL - select meterentit0_.id as id1_2_0_, meterentit0_.groupId as groupId4_2_0_, meterentit0_.name as name2_2_0_, meterentit0_.updateTime as updateTi3_2_0_ from tbl_meter meterentit0_ where meterentit0_.id=?
2019-03-05 09:20:26.799 [http-nio-9257-exec-4] DEBUG org.hibernate.SQL - select meterentit0_.id as id1_2_0_, meterentit0_.groupId as groupId4_2_0_, meterentit0_.name as name2_2_0_, meterentit0_.updateTime as updateTi3_2_0_ from tbl_meter meterentit0_ where meterentit0_.id=?
2019-03-05 09:20:26.801 [http-nio-9257-exec-4] DEBUG org.hibernate.SQL - select meterentit0_.id as id1_2_0_, meterentit0_.groupId as groupId4_2_0_, meterentit0_.name as name2_2_0_, meterentit0_.updateTime as updateTi3_2_0_ from tbl_meter meterentit0_ where meterentit0_.id=?
2019-03-05 09:20:26.807 [http-nio-9257-exec-4] DEBUG org.hibernate.SQL - select genpoweren0_.time as time1_0_, genpoweren0_.meterId as meterId2_0_, genpoweren0_.value as value3_0_ from tbl_genpower genpoweren0_ where genpoweren0_.meterId=? and genpoweren0_.time>=? and genpoweren0_.time<?
2019-03-05 09:20:26.810 [http-nio-9257-exec-4] DEBUG org.hibernate.SQL - select genpoweren0_.time as time1_0_, genpoweren0_.meterId as meterId2_0_, genpoweren0_.value as value3_0_ from tbl_genpower genpoweren0_ where genpoweren0_.meterId=? and genpoweren0_.time>=? and genpoweren0_.time<?
2019-03-05 09:20:26.813 [http-nio-9257-exec-4] DEBUG org.hibernate.SQL - select genpoweren0_.time as time1_0_, genpoweren0_.meterId as meterId2_0_, genpoweren0_.value as value3_0_ from tbl_genpower genpoweren0_ where genpoweren0_.meterId=? and genpoweren0_.time>=? and genpoweren0_.time<?
2019-03-05 09:20:26.815 [http-nio-9257-exec-4] DEBUG org.hibernate.SQL - select genpoweren0_.time as time1_0_, genpoweren0_.meterId as meterId2_0_, genpoweren0_.value as value3_0_ from tbl_genpower genpoweren0_ where genpoweren0_.meterId=? and genpoweren0_.time>=? and genpoweren0_.time<?
2019-03-05 09:20:26.816 [http-nio-9257-exec-4] DEBUG org.hibernate.SQL - select genpoweren0_.time as time1_0_, genpoweren0_.meterId as meterId2_0_, genpoweren0_.value as value3_0_ from tbl_genpower genpoweren0_ where genpoweren0_.meterId=? and genpoweren0_.time>=? and genpoweren0_.time<?
2019-03-05 09:20:26.818 [http-nio-9257-exec-4] DEBUG org.hibernate.SQL - select genpoweren0_.time as time1_0_, genpoweren0_.meterId as meterId2_0_, genpoweren0_.value as value3_0_ from tbl_genpower genpoweren0_ where genpoweren0_.meterId=? and genpoweren0_.time>=? and genpoweren0_.time<?
2019-03-05 09:20:50.001 [http-nio-9257-exec-5] DEBUG org.hibernate.SQL - select plantentit0_.id as id1_7_, plantentit0_.capacity as capacity2_7_, plantentit0_.maintaining as maintain3_7_, plantentit0_.meterId as meterId6_7_, plantentit0_.name as name4_7_, plantentit0_.updateTime as updateTi5_7_ from tbl_plant plantentit0_
2019-03-05 09:20:50.003 [http-nio-9257-exec-5] DEBUG org.hibernate.SQL - select meterentit0_.id as id1_2_0_, meterentit0_.groupId as groupId4_2_0_, meterentit0_.name as name2_2_0_, meterentit0_.updateTime as updateTi3_2_0_ from tbl_meter meterentit0_ where meterentit0_.id=?
2019-03-05 09:20:50.005 [http-nio-9257-exec-5] DEBUG org.hibernate.SQL - select meterentit0_.id as id1_2_0_, meterentit0_.groupId as groupId4_2_0_, meterentit0_.name as name2_2_0_, meterentit0_.updateTime as updateTi3_2_0_ from tbl_meter meterentit0_ where meterentit0_.id=?
2019-03-05 09:20:50.006 [http-nio-9257-exec-5] DEBUG org.hibernate.SQL - select meterentit0_.id as id1_2_0_, meterentit0_.groupId as groupId4_2_0_, meterentit0_.name as name2_2_0_, meterentit0_.updateTime as updateTi3_2_0_ from tbl_meter meterentit0_ where meterentit0_.id=?
2019-03-05 09:20:50.007 [http-nio-9257-exec-5] DEBUG org.hibernate.SQL - select meterentit0_.id as id1_2_0_, meterentit0_.groupId as groupId4_2_0_, meterentit0_.name as name2_2_0_, meterentit0_.updateTime as updateTi3_2_0_ from tbl_meter meterentit0_ where meterentit0_.id=?
2019-03-05 09:20:50.009 [http-nio-9257-exec-5] DEBUG org.hibernate.SQL - select meterentit0_.id as id1_2_0_, meterentit0_.groupId as groupId4_2_0_, meterentit0_.name as name2_2_0_, meterentit0_.updateTime as updateTi3_2_0_ from tbl_meter meterentit0_ where meterentit0_.id=?
2019-03-05 09:20:50.010 [http-nio-9257-exec-5] DEBUG org.hibernate.SQL - select meterentit0_.id as id1_2_0_, meterentit0_.groupId as groupId4_2_0_, meterentit0_.name as name2_2_0_, meterentit0_.updateTime as updateTi3_2_0_ from tbl_meter meterentit0_ where meterentit0_.id=?
2019-03-05 09:20:50.015 [http-nio-9257-exec-5] DEBUG org.hibernate.SQL - select genpoweren0_.time as time1_0_, genpoweren0_.meterId as meterId2_0_, genpoweren0_.value as value3_0_ from tbl_genpower genpoweren0_ where genpoweren0_.meterId=? and genpoweren0_.time>=? and genpoweren0_.time<?
2019-03-05 09:20:50.017 [http-nio-9257-exec-5] DEBUG org.hibernate.SQL - select genpoweren0_.time as time1_0_, genpoweren0_.meterId as meterId2_0_, genpoweren0_.value as value3_0_ from tbl_genpower genpoweren0_ where genpoweren0_.meterId=? and genpoweren0_.time>=? and genpoweren0_.time<?
2019-03-05 09:20:50.019 [http-nio-9257-exec-5] DEBUG org.hibernate.SQL - select genpoweren0_.time as time1_0_, genpoweren0_.meterId as meterId2_0_, genpoweren0_.value as value3_0_ from tbl_genpower genpoweren0_ where genpoweren0_.meterId=? and genpoweren0_.time>=? and genpoweren0_.time<?
2019-03-05 09:20:50.021 [http-nio-9257-exec-5] DEBUG org.hibernate.SQL - select genpoweren0_.time as time1_0_, genpoweren0_.meterId as meterId2_0_, genpoweren0_.value as value3_0_ from tbl_genpower genpoweren0_ where genpoweren0_.meterId=? and genpoweren0_.time>=? and genpoweren0_.time<?
2019-03-05 09:20:50.023 [http-nio-9257-exec-5] DEBUG org.hibernate.SQL - select genpoweren0_.time as time1_0_, genpoweren0_.meterId as meterId2_0_, genpoweren0_.value as value3_0_ from tbl_genpower genpoweren0_ where genpoweren0_.meterId=? and genpoweren0_.time>=? and genpoweren0_.time<?
2019-03-05 09:20:50.025 [http-nio-9257-exec-5] DEBUG org.hibernate.SQL - select genpoweren0_.time as time1_0_, genpoweren0_.meterId as meterId2_0_, genpoweren0_.value as value3_0_ from tbl_genpower genpoweren0_ where genpoweren0_.meterId=? and genpoweren0_.time>=? and genpoweren0_.time<?
2019-03-05 09:21:00.497 [http-nio-9257-exec-6] DEBUG org.hibernate.SQL - select plantentit0_.id as id1_7_, plantentit0_.capacity as capacity2_7_, plantentit0_.maintaining as maintain3_7_, plantentit0_.meterId as meterId6_7_, plantentit0_.name as name4_7_, plantentit0_.updateTime as updateTi5_7_ from tbl_plant plantentit0_
2019-03-05 09:21:00.500 [http-nio-9257-exec-6] DEBUG org.hibernate.SQL - select meterentit0_.id as id1_2_0_, meterentit0_.groupId as groupId4_2_0_, meterentit0_.name as name2_2_0_, meterentit0_.updateTime as updateTi3_2_0_ from tbl_meter meterentit0_ where meterentit0_.id=?
2019-03-05 09:21:00.501 [http-nio-9257-exec-6] DEBUG org.hibernate.SQL - select meterentit0_.id as id1_2_0_, meterentit0_.groupId as groupId4_2_0_, meterentit0_.name as name2_2_0_, meterentit0_.updateTime as updateTi3_2_0_ from tbl_meter meterentit0_ where meterentit0_.id=?
2019-03-05 09:21:00.503 [http-nio-9257-exec-6] DEBUG org.hibernate.SQL - select meterentit0_.id as id1_2_0_, meterentit0_.groupId as groupId4_2_0_, meterentit0_.name as name2_2_0_, meterentit0_.updateTime as updateTi3_2_0_ from tbl_meter meterentit0_ where meterentit0_.id=?
2019-03-05 09:21:00.504 [http-nio-9257-exec-6] DEBUG org.hibernate.SQL - select meterentit0_.id as id1_2_0_, meterentit0_.groupId as groupId4_2_0_, meterentit0_.name as name2_2_0_, meterentit0_.updateTime as updateTi3_2_0_ from tbl_meter meterentit0_ where meterentit0_.id=?
2019-03-05 09:21:00.507 [http-nio-9257-exec-6] DEBUG org.hibernate.SQL - select meterentit0_.id as id1_2_0_, meterentit0_.groupId as groupId4_2_0_, meterentit0_.name as name2_2_0_, meterentit0_.updateTime as updateTi3_2_0_ from tbl_meter meterentit0_ where meterentit0_.id=?
2019-03-05 09:21:00.508 [http-nio-9257-exec-6] DEBUG org.hibernate.SQL - select meterentit0_.id as id1_2_0_, meterentit0_.groupId as groupId4_2_0_, meterentit0_.name as name2_2_0_, meterentit0_.updateTime as updateTi3_2_0_ from tbl_meter meterentit0_ where meterentit0_.id=?
2019-03-05 09:21:00.513 [http-nio-9257-exec-6] DEBUG org.hibernate.SQL - select genpoweren0_.time as time1_0_, genpoweren0_.meterId as meterId2_0_, genpoweren0_.value as value3_0_ from tbl_genpower genpoweren0_ where genpoweren0_.meterId=? and genpoweren0_.time>=? and genpoweren0_.time<?
2019-03-05 09:21:00.515 [http-nio-9257-exec-6] DEBUG org.hibernate.SQL - select genpoweren0_.time as time1_0_, genpoweren0_.meterId as meterId2_0_, genpoweren0_.value as value3_0_ from tbl_genpower genpoweren0_ where genpoweren0_.meterId=? and genpoweren0_.time>=? and genpoweren0_.time<?
2019-03-05 09:21:00.517 [http-nio-9257-exec-6] DEBUG org.hibernate.SQL - select genpoweren0_.time as time1_0_, genpoweren0_.meterId as meterId2_0_, genpoweren0_.value as value3_0_ from tbl_genpower genpoweren0_ where genpoweren0_.meterId=? and genpoweren0_.time>=? and genpoweren0_.time<?
2019-03-05 09:21:00.520 [http-nio-9257-exec-6] DEBUG org.hibernate.SQL - select genpoweren0_.time as time1_0_, genpoweren0_.meterId as meterId2_0_, genpoweren0_.value as value3_0_ from tbl_genpower genpoweren0_ where genpoweren0_.meterId=? and genpoweren0_.time>=? and genpoweren0_.time<?
2019-03-05 09:21:00.522 [http-nio-9257-exec-6] DEBUG org.hibernate.SQL - select genpoweren0_.time as time1_0_, genpoweren0_.meterId as meterId2_0_, genpoweren0_.value as value3_0_ from tbl_genpower genpoweren0_ where genpoweren0_.meterId=? and genpoweren0_.time>=? and genpoweren0_.time<?
2019-03-05 09:21:00.524 [http-nio-9257-exec-6] DEBUG org.hibernate.SQL - select genpoweren0_.time as time1_0_, genpoweren0_.meterId as meterId2_0_, genpoweren0_.value as value3_0_ from tbl_genpower genpoweren0_ where genpoweren0_.meterId=? and genpoweren0_.time>=? and genpoweren0_.time<?
2019-03-05 09:23:15.410 [http-nio-9257-exec-8] DEBUG org.hibernate.SQL - select plantentit0_.id as id1_7_, plantentit0_.capacity as capacity2_7_, plantentit0_.maintaining as maintain3_7_, plantentit0_.meterId as meterId6_7_, plantentit0_.name as name4_7_, plantentit0_.updateTime as updateTi5_7_ from tbl_plant plantentit0_
2019-03-05 09:23:15.412 [http-nio-9257-exec-8] DEBUG org.hibernate.SQL - select meterentit0_.id as id1_2_0_, meterentit0_.groupId as groupId4_2_0_, meterentit0_.name as name2_2_0_, meterentit0_.updateTime as updateTi3_2_0_ from tbl_meter meterentit0_ where meterentit0_.id=?
2019-03-05 09:23:15.413 [http-nio-9257-exec-8] DEBUG org.hibernate.SQL - select meterentit0_.id as id1_2_0_, meterentit0_.groupId as groupId4_2_0_, meterentit0_.name as name2_2_0_, meterentit0_.updateTime as updateTi3_2_0_ from tbl_meter meterentit0_ where meterentit0_.id=?
2019-03-05 09:23:15.414 [http-nio-9257-exec-8] DEBUG org.hibernate.SQL - select meterentit0_.id as id1_2_0_, meterentit0_.groupId as groupId4_2_0_, meterentit0_.name as name2_2_0_, meterentit0_.updateTime as updateTi3_2_0_ from tbl_meter meterentit0_ where meterentit0_.id=?
2019-03-05 09:23:15.415 [http-nio-9257-exec-8] DEBUG org.hibernate.SQL - select meterentit0_.id as id1_2_0_, meterentit0_.groupId as groupId4_2_0_, meterentit0_.name as name2_2_0_, meterentit0_.updateTime as updateTi3_2_0_ from tbl_meter meterentit0_ where meterentit0_.id=?
2019-03-05 09:23:15.416 [http-nio-9257-exec-8] DEBUG org.hibernate.SQL - select meterentit0_.id as id1_2_0_, meterentit0_.groupId as groupId4_2_0_, meterentit0_.name as name2_2_0_, meterentit0_.updateTime as updateTi3_2_0_ from tbl_meter meterentit0_ where meterentit0_.id=?
2019-03-05 09:23:15.417 [http-nio-9257-exec-8] DEBUG org.hibernate.SQL - select meterentit0_.id as id1_2_0_, meterentit0_.groupId as groupId4_2_0_, meterentit0_.name as name2_2_0_, meterentit0_.updateTime as updateTi3_2_0_ from tbl_meter meterentit0_ where meterentit0_.id=?
2019-03-05 09:23:15.421 [http-nio-9257-exec-8] DEBUG org.hibernate.SQL - select genpoweren0_.time as time1_0_, genpoweren0_.meterId as meterId2_0_, genpoweren0_.value as value3_0_ from tbl_genpower genpoweren0_ where genpoweren0_.meterId=? and genpoweren0_.time>=? and genpoweren0_.time<?
2019-03-05 09:23:15.422 [http-nio-9257-exec-8] DEBUG org.hibernate.SQL - select genpoweren0_.time as time1_0_, genpoweren0_.meterId as meterId2_0_, genpoweren0_.value as value3_0_ from tbl_genpower genpoweren0_ where genpoweren0_.meterId=? and genpoweren0_.time>=? and genpoweren0_.time<?
2019-03-05 09:23:15.424 [http-nio-9257-exec-8] DEBUG org.hibernate.SQL - select genpoweren0_.time as time1_0_, genpoweren0_.meterId as meterId2_0_, genpoweren0_.value as value3_0_ from tbl_genpower genpoweren0_ where genpoweren0_.meterId=? and genpoweren0_.time>=? and genpoweren0_.time<?
2019-03-05 09:23:15.426 [http-nio-9257-exec-8] DEBUG org.hibernate.SQL - select genpoweren0_.time as time1_0_, genpoweren0_.meterId as meterId2_0_, genpoweren0_.value as value3_0_ from tbl_genpower genpoweren0_ where genpoweren0_.meterId=? and genpoweren0_.time>=? and genpoweren0_.time<?
2019-03-05 09:23:15.427 [http-nio-9257-exec-8] DEBUG org.hibernate.SQL - select genpoweren0_.time as time1_0_, genpoweren0_.meterId as meterId2_0_, genpoweren0_.value as value3_0_ from tbl_genpower genpoweren0_ where genpoweren0_.meterId=? and genpoweren0_.time>=? and genpoweren0_.time<?
2019-03-05 09:23:15.429 [http-nio-9257-exec-8] DEBUG org.hibernate.SQL - select genpoweren0_.time as time1_0_, genpoweren0_.meterId as meterId2_0_, genpoweren0_.value as value3_0_ from tbl_genpower genpoweren0_ where genpoweren0_.meterId=? and genpoweren0_.time>=? and genpoweren0_.time<?
2019-03-05 09:23:15.431 [http-nio-9257-exec-8] DEBUG org.hibernate.SQL - select genpoweren0_.time as time1_0_, genpoweren0_.meterId as meterId2_0_, genpoweren0_.value as value3_0_ from tbl_genpower genpoweren0_ where genpoweren0_.meterId=? and genpoweren0_.time>=? and genpoweren0_.time<?
2019-03-05 09:23:15.433 [http-nio-9257-exec-8] DEBUG org.hibernate.SQL - select genpoweren0_.time as time1_0_, genpoweren0_.meterId as meterId2_0_, genpoweren0_.value as value3_0_ from tbl_genpower genpoweren0_ where genpoweren0_.meterId=? and genpoweren0_.time>=? and genpoweren0_.time<?
2019-03-05 09:23:15.434 [http-nio-9257-exec-8] DEBUG org.hibernate.SQL - select genpoweren0_.time as time1_0_, genpoweren0_.meterId as meterId2_0_, genpoweren0_.value as value3_0_ from tbl_genpower genpoweren0_ where genpoweren0_.meterId=? and genpoweren0_.time>=? and genpoweren0_.time<?
2019-03-05 09:23:15.436 [http-nio-9257-exec-8] DEBUG org.hibernate.SQL - select genpoweren0_.time as time1_0_, genpoweren0_.meterId as meterId2_0_, genpoweren0_.value as value3_0_ from tbl_genpower genpoweren0_ where genpoweren0_.meterId=? and genpoweren0_.time>=? and genpoweren0_.time<?
2019-03-05 09:23:15.438 [http-nio-9257-exec-8] DEBUG org.hibernate.SQL - select genpoweren0_.time as time1_0_, genpoweren0_.meterId as meterId2_0_, genpoweren0_.value as value3_0_ from tbl_genpower genpoweren0_ where genpoweren0_.meterId=? and genpoweren0_.time>=? and genpoweren0_.time<?
2019-03-05 09:23:15.439 [http-nio-9257-exec-8] DEBUG org.hibernate.SQL - select genpoweren0_.time as time1_0_, genpoweren0_.meterId as meterId2_0_, genpoweren0_.value as value3_0_ from tbl_genpower genpoweren0_ where genpoweren0_.meterId=? and genpoweren0_.time>=? and genpoweren0_.time<?
2019-03-05 09:24:44.425 [http-nio-9257-exec-10] DEBUG org.hibernate.SQL - select metergroup0_.id as id1_4_0_, metergroup0_.name as name2_4_0_ from tbl_metergroup metergroup0_ where metergroup0_.id=?
2019-03-05 09:24:44.429 [http-nio-9257-exec-10] DEBUG org.hibernate.SQL - select meterset0_.groupId as groupId4_2_0_, meterset0_.id as id1_2_0_, meterset0_.id as id1_2_1_, meterset0_.groupId as groupId4_2_1_, meterset0_.name as name2_2_1_, meterset0_.updateTime as updateTi3_2_1_ from tbl_meter meterset0_ where meterset0_.groupId=?
2019-03-05 09:24:44.432 [http-nio-9257-exec-10] DEBUG org.hibernate.SQL - select genpoweren0_.time as time1_0_, genpoweren0_.meterId as meterId2_0_, genpoweren0_.value as value3_0_ from tbl_genpower genpoweren0_ where (genpoweren0_.meterId in (? , ? , ? , ? , ? , ?)) and genpoweren0_.time>=? and genpoweren0_.time<?
2019-03-05 09:24:44.436 [http-nio-9257-exec-10] DEBUG org.hibernate.SQL - select genpoweren0_.time as time1_0_, genpoweren0_.meterId as meterId2_0_, genpoweren0_.value as value3_0_ from tbl_genpower genpoweren0_ where (genpoweren0_.meterId in (? , ? , ? , ? , ? , ?)) and genpoweren0_.time>=? and genpoweren0_.time<?
2019-03-05 09:24:44.440 [http-nio-9257-exec-10] DEBUG org.hibernate.SQL - select metergroup0_.id as id1_4_0_, metergroup0_.name as name2_4_0_ from tbl_metergroup metergroup0_ where metergroup0_.id=?
2019-03-05 09:24:44.444 [http-nio-9257-exec-10] DEBUG org.hibernate.SQL - select meterset0_.groupId as groupId4_2_0_, meterset0_.id as id1_2_0_, meterset0_.id as id1_2_1_, meterset0_.groupId as groupId4_2_1_, meterset0_.name as name2_2_1_, meterset0_.updateTime as updateTi3_2_1_ from tbl_meter meterset0_ where meterset0_.groupId=?
2019-03-05 09:24:44.447 [http-nio-9257-exec-10] DEBUG org.hibernate.SQL - select genpoweren0_.time as time1_0_, genpoweren0_.meterId as meterId2_0_, genpoweren0_.value as value3_0_ from tbl_genpower genpoweren0_ where (genpoweren0_.meterId in (? , ? , ? , ? , ? , ? , ? , ? , ? , ? , ?)) and genpoweren0_.time>=? and genpoweren0_.time<?
2019-03-05 09:24:44.475 [http-nio-9257-exec-1] DEBUG org.hibernate.SQL - select plantentit0_.id as id1_7_, plantentit0_.capacity as capacity2_7_, plantentit0_.maintaining as maintain3_7_, plantentit0_.meterId as meterId6_7_, plantentit0_.name as name4_7_, plantentit0_.updateTime as updateTi5_7_ from tbl_plant plantentit0_
2019-03-05 09:24:44.477 [http-nio-9257-exec-1] DEBUG org.hibernate.SQL - select meterentit0_.id as id1_2_0_, meterentit0_.groupId as groupId4_2_0_, meterentit0_.name as name2_2_0_, meterentit0_.updateTime as updateTi3_2_0_ from tbl_meter meterentit0_ where meterentit0_.id=?
2019-03-05 09:24:44.480 [http-nio-9257-exec-1] DEBUG org.hibernate.SQL - select meterentit0_.id as id1_2_0_, meterentit0_.groupId as groupId4_2_0_, meterentit0_.name as name2_2_0_, meterentit0_.updateTime as updateTi3_2_0_ from tbl_meter meterentit0_ where meterentit0_.id=?
2019-03-05 09:24:44.481 [http-nio-9257-exec-1] DEBUG org.hibernate.SQL - select meterentit0_.id as id1_2_0_, meterentit0_.groupId as groupId4_2_0_, meterentit0_.name as name2_2_0_, meterentit0_.updateTime as updateTi3_2_0_ from tbl_meter meterentit0_ where meterentit0_.id=?
2019-03-05 09:24:44.482 [http-nio-9257-exec-1] DEBUG org.hibernate.SQL - select meterentit0_.id as id1_2_0_, meterentit0_.groupId as groupId4_2_0_, meterentit0_.name as name2_2_0_, meterentit0_.updateTime as updateTi3_2_0_ from tbl_meter meterentit0_ where meterentit0_.id=?
2019-03-05 09:24:44.484 [http-nio-9257-exec-1] DEBUG org.hibernate.SQL - select meterentit0_.id as id1_2_0_, meterentit0_.groupId as groupId4_2_0_, meterentit0_.name as name2_2_0_, meterentit0_.updateTime as updateTi3_2_0_ from tbl_meter meterentit0_ where meterentit0_.id=?
2019-03-05 09:24:44.485 [http-nio-9257-exec-1] DEBUG org.hibernate.SQL - select meterentit0_.id as id1_2_0_, meterentit0_.groupId as groupId4_2_0_, meterentit0_.name as name2_2_0_, meterentit0_.updateTime as updateTi3_2_0_ from tbl_meter meterentit0_ where meterentit0_.id=?
2019-03-05 09:24:44.569 [http-nio-9257-exec-2] DEBUG org.hibernate.SQL - select planpowere0_.id as id1_6_, planpowere0_.planPower as planPowe2_6_, planpowere0_.updateTime as updateTi3_6_, planpowere0_.year as year4_6_ from tbl_planpower planpowere0_ where planpowere0_.year=?
2019-03-05 09:24:44.572 [http-nio-9257-exec-2] DEBUG org.hibernate.SQL - select metergroup0_.id as id1_4_0_, metergroup0_.name as name2_4_0_ from tbl_metergroup metergroup0_ where metergroup0_.id=?
2019-03-05 09:24:44.575 [http-nio-9257-exec-2] DEBUG org.hibernate.SQL - select meterset0_.groupId as groupId4_2_0_, meterset0_.id as id1_2_0_, meterset0_.id as id1_2_1_, meterset0_.groupId as groupId4_2_1_, meterset0_.name as name2_2_1_, meterset0_.updateTime as updateTi3_2_1_ from tbl_meter meterset0_ where meterset0_.groupId=?
2019-03-05 09:24:44.577 [http-nio-9257-exec-2] DEBUG org.hibernate.SQL - select genpoweren0_.time as time1_0_, genpoweren0_.meterId as meterId2_0_, genpoweren0_.value as value3_0_ from tbl_genpower genpoweren0_ where (genpoweren0_.meterId in (? , ? , ? , ? , ? , ?)) and genpoweren0_.time>=? and genpoweren0_.time<?
2019-03-05 09:24:44.584 [http-nio-9257-exec-2] DEBUG org.hibernate.SQL - select genpoweren0_.time as time1_0_, genpoweren0_.meterId as meterId2_0_, genpoweren0_.value as value3_0_ from tbl_genpower genpoweren0_ where (genpoweren0_.meterId in (? , ? , ? , ? , ? , ?)) and genpoweren0_.time>=? and genpoweren0_.time<?
2019-03-05 09:24:44.589 [http-nio-9257-exec-2] DEBUG org.hibernate.SQL - select genpoweren0_.time as time1_0_, genpoweren0_.meterId as meterId2_0_, genpoweren0_.value as value3_0_ from tbl_genpower genpoweren0_ where (genpoweren0_.meterId in (? , ? , ? , ? , ? , ?)) and genpoweren0_.time>=? and genpoweren0_.time<?
2019-03-05 09:24:44.595 [http-nio-9257-exec-2] DEBUG org.hibernate.SQL - select genpoweren0_.time as time1_0_, genpoweren0_.meterId as meterId2_0_, genpoweren0_.value as value3_0_ from tbl_genpower genpoweren0_ where (genpoweren0_.meterId in (? , ? , ? , ? , ? , ?)) and genpoweren0_.time>=? and genpoweren0_.time<?
2019-03-05 09:24:44.601 [http-nio-9257-exec-2] DEBUG org.hibernate.SQL - select genpoweren0_.time as time1_0_, genpoweren0_.meterId as meterId2_0_, genpoweren0_.value as value3_0_ from tbl_genpower genpoweren0_ where (genpoweren0_.meterId in (? , ? , ? , ? , ? , ?)) and genpoweren0_.time>=? and genpoweren0_.time<?
2019-03-05 09:24:44.604 [http-nio-9257-exec-2] DEBUG org.hibernate.SQL - select genpoweren0_.time as time1_0_, genpoweren0_.meterId as meterId2_0_, genpoweren0_.value as value3_0_ from tbl_genpower genpoweren0_ where (genpoweren0_.meterId in (? , ? , ? , ? , ? , ?)) and genpoweren0_.time>=? and genpoweren0_.time<?
2019-03-05 09:24:44.608 [http-nio-9257-exec-2] DEBUG org.hibernate.SQL - select genpoweren0_.time as time1_0_, genpoweren0_.meterId as meterId2_0_, genpoweren0_.value as value3_0_ from tbl_genpower genpoweren0_ where (genpoweren0_.meterId in (? , ? , ? , ? , ? , ?)) and genpoweren0_.time>=? and genpoweren0_.time<?
2019-03-05 09:24:44.612 [http-nio-9257-exec-2] DEBUG org.hibernate.SQL - select genpoweren0_.time as time1_0_, genpoweren0_.meterId as meterId2_0_, genpoweren0_.value as value3_0_ from tbl_genpower genpoweren0_ where (genpoweren0_.meterId in (? , ? , ? , ? , ? , ?)) and genpoweren0_.time>=? and genpoweren0_.time<?
2019-03-05 09:24:44.617 [http-nio-9257-exec-2] DEBUG org.hibernate.SQL - select genpoweren0_.time as time1_0_, genpoweren0_.meterId as meterId2_0_, genpoweren0_.value as value3_0_ from tbl_genpower genpoweren0_ where (genpoweren0_.meterId in (? , ? , ? , ? , ? , ?)) and genpoweren0_.time>=? and genpoweren0_.time<?
2019-03-05 09:24:44.620 [http-nio-9257-exec-2] DEBUG org.hibernate.SQL - select genpoweren0_.time as time1_0_, genpoweren0_.meterId as meterId2_0_, genpoweren0_.value as value3_0_ from tbl_genpower genpoweren0_ where (genpoweren0_.meterId in (? , ? , ? , ? , ? , ?)) and genpoweren0_.time>=? and genpoweren0_.time<?
2019-03-05 09:24:44.624 [http-nio-9257-exec-2] DEBUG org.hibernate.SQL - select genpoweren0_.time as time1_0_, genpoweren0_.meterId as meterId2_0_, genpoweren0_.value as value3_0_ from tbl_genpower genpoweren0_ where (genpoweren0_.meterId in (? , ? , ? , ? , ? , ?)) and genpoweren0_.time>=? and genpoweren0_.time<?
2019-03-05 09:24:44.628 [http-nio-9257-exec-2] DEBUG org.hibernate.SQL - select genpoweren0_.time as time1_0_, genpoweren0_.meterId as meterId2_0_, genpoweren0_.value as value3_0_ from tbl_genpower genpoweren0_ where (genpoweren0_.meterId in (? , ? , ? , ? , ? , ?)) and genpoweren0_.time>=? and genpoweren0_.time<?
2019-03-05 09:24:44.633 [http-nio-9257-exec-2] DEBUG org.hibernate.SQL - select genpoweren0_.time as time1_0_, genpoweren0_.meterId as meterId2_0_, genpoweren0_.value as value3_0_ from tbl_genpower genpoweren0_ where (genpoweren0_.meterId in (? , ? , ? , ? , ? , ?)) and genpoweren0_.time>=? and genpoweren0_.time<?
2019-03-05 09:24:44.660 [http-nio-9257-exec-4] DEBUG org.hibernate.SQL - select metergroup0_.id as id1_4_0_, metergroup0_.name as name2_4_0_ from tbl_metergroup metergroup0_ where metergroup0_.id=?
2019-03-05 09:24:44.663 [http-nio-9257-exec-4] DEBUG org.hibernate.SQL - select meterset0_.groupId as groupId4_2_0_, meterset0_.id as id1_2_0_, meterset0_.id as id1_2_1_, meterset0_.groupId as groupId4_2_1_, meterset0_.name as name2_2_1_, meterset0_.updateTime as updateTi3_2_1_ from tbl_meter meterset0_ where meterset0_.groupId=?
2019-03-05 09:24:44.666 [http-nio-9257-exec-4] DEBUG org.hibernate.SQL - select genpoweren0_.time as time1_0_, genpoweren0_.meterId as meterId2_0_, genpoweren0_.value as value3_0_ from tbl_genpower genpoweren0_ where (genpoweren0_.meterId in (? , ? , ? , ? , ? , ? , ? , ? , ? , ? , ?)) and genpoweren0_.time>=? and genpoweren0_.time<?
2019-03-05 09:24:44.671 [http-nio-9257-exec-4] DEBUG org.hibernate.SQL - select genpoweren0_.time as time1_0_, genpoweren0_.meterId as meterId2_0_, genpoweren0_.value as value3_0_ from tbl_genpower genpoweren0_ where (genpoweren0_.meterId in (? , ? , ? , ? , ? , ? , ? , ? , ? , ? , ?)) and genpoweren0_.time>=? and genpoweren0_.time<?
2019-03-05 09:24:44.677 [http-nio-9257-exec-4] DEBUG org.hibernate.SQL - select genpoweren0_.time as time1_0_, genpoweren0_.meterId as meterId2_0_, genpoweren0_.value as value3_0_ from tbl_genpower genpoweren0_ where (genpoweren0_.meterId in (? , ? , ? , ? , ? , ? , ? , ? , ? , ? , ?)) and genpoweren0_.time>=? and genpoweren0_.time<?
2019-03-05 09:24:44.683 [http-nio-9257-exec-4] DEBUG org.hibernate.SQL - select genpoweren0_.time as time1_0_, genpoweren0_.meterId as meterId2_0_, genpoweren0_.value as value3_0_ from tbl_genpower genpoweren0_ where (genpoweren0_.meterId in (? , ? , ? , ? , ? , ? , ? , ? , ? , ? , ?)) and genpoweren0_.time>=? and genpoweren0_.time<?
2019-03-05 09:24:44.690 [http-nio-9257-exec-4] DEBUG org.hibernate.SQL - select genpoweren0_.time as time1_0_, genpoweren0_.meterId as meterId2_0_, genpoweren0_.value as value3_0_ from tbl_genpower genpoweren0_ where (genpoweren0_.meterId in (? , ? , ? , ? , ? , ? , ? , ? , ? , ? , ?)) and genpoweren0_.time>=? and genpoweren0_.time<?
2019-03-05 09:24:44.696 [http-nio-9257-exec-4] DEBUG org.hibernate.SQL - select genpoweren0_.time as time1_0_, genpoweren0_.meterId as meterId2_0_, genpoweren0_.value as value3_0_ from tbl_genpower genpoweren0_ where (genpoweren0_.meterId in (? , ? , ? , ? , ? , ? , ? , ? , ? , ? , ?)) and genpoweren0_.time>=? and genpoweren0_.time<?
2019-03-05 09:24:44.702 [http-nio-9257-exec-4] DEBUG org.hibernate.SQL - select genpoweren0_.time as time1_0_, genpoweren0_.meterId as meterId2_0_, genpoweren0_.value as value3_0_ from tbl_genpower genpoweren0_ where (genpoweren0_.meterId in (? , ? , ? , ? , ? , ? , ? , ? , ? , ? , ?)) and genpoweren0_.time>=? and genpoweren0_.time<?
2019-03-05 09:24:44.707 [http-nio-9257-exec-4] DEBUG org.hibernate.SQL - select genpoweren0_.time as time1_0_, genpoweren0_.meterId as meterId2_0_, genpoweren0_.value as value3_0_ from tbl_genpower genpoweren0_ where (genpoweren0_.meterId in (? , ? , ? , ? , ? , ? , ? , ? , ? , ? , ?)) and genpoweren0_.time>=? and genpoweren0_.time<?
2019-03-05 09:24:44.712 [http-nio-9257-exec-4] DEBUG org.hibernate.SQL - select genpoweren0_.time as time1_0_, genpoweren0_.meterId as meterId2_0_, genpoweren0_.value as value3_0_ from tbl_genpower genpoweren0_ where (genpoweren0_.meterId in (? , ? , ? , ? , ? , ? , ? , ? , ? , ? , ?)) and genpoweren0_.time>=? and genpoweren0_.time<?
2019-03-05 09:24:44.716 [http-nio-9257-exec-4] DEBUG org.hibernate.SQL - select genpoweren0_.time as time1_0_, genpoweren0_.meterId as meterId2_0_, genpoweren0_.value as value3_0_ from tbl_genpower genpoweren0_ where (genpoweren0_.meterId in (? , ? , ? , ? , ? , ? , ? , ? , ? , ? , ?)) and genpoweren0_.time>=? and genpoweren0_.time<?
2019-03-05 09:24:44.720 [http-nio-9257-exec-4] DEBUG org.hibernate.SQL - select genpoweren0_.time as time1_0_, genpoweren0_.meterId as meterId2_0_, genpoweren0_.value as value3_0_ from tbl_genpower genpoweren0_ where (genpoweren0_.meterId in (? , ? , ? , ? , ? , ? , ? , ? , ? , ? , ?)) and genpoweren0_.time>=? and genpoweren0_.time<?
2019-03-05 09:24:44.723 [http-nio-9257-exec-4] DEBUG org.hibernate.SQL - select genpoweren0_.time as time1_0_, genpoweren0_.meterId as meterId2_0_, genpoweren0_.value as value3_0_ from tbl_genpower genpoweren0_ where (genpoweren0_.meterId in (? , ? , ? , ? , ? , ? , ? , ? , ? , ? , ?)) and genpoweren0_.time>=? and genpoweren0_.time<?
2019-03-05 09:24:44.748 [http-nio-9257-exec-5] DEBUG org.hibernate.SQL - select plantentit0_.id as id1_7_, plantentit0_.capacity as capacity2_7_, plantentit0_.maintaining as maintain3_7_, plantentit0_.meterId as meterId6_7_, plantentit0_.name as name4_7_, plantentit0_.updateTime as updateTi5_7_ from tbl_plant plantentit0_
2019-03-05 09:24:44.749 [http-nio-9257-exec-5] DEBUG org.hibernate.SQL - select meterentit0_.id as id1_2_0_, meterentit0_.groupId as groupId4_2_0_, meterentit0_.name as name2_2_0_, meterentit0_.updateTime as updateTi3_2_0_ from tbl_meter meterentit0_ where meterentit0_.id=?
2019-03-05 09:24:44.750 [http-nio-9257-exec-5] DEBUG org.hibernate.SQL - select meterentit0_.id as id1_2_0_, meterentit0_.groupId as groupId4_2_0_, meterentit0_.name as name2_2_0_, meterentit0_.updateTime as updateTi3_2_0_ from tbl_meter meterentit0_ where meterentit0_.id=?
2019-03-05 09:24:44.751 [http-nio-9257-exec-5] DEBUG org.hibernate.SQL - select meterentit0_.id as id1_2_0_, meterentit0_.groupId as groupId4_2_0_, meterentit0_.name as name2_2_0_, meterentit0_.updateTime as updateTi3_2_0_ from tbl_meter meterentit0_ where meterentit0_.id=?
2019-03-05 09:24:44.753 [http-nio-9257-exec-5] DEBUG org.hibernate.SQL - select meterentit0_.id as id1_2_0_, meterentit0_.groupId as groupId4_2_0_, meterentit0_.name as name2_2_0_, meterentit0_.updateTime as updateTi3_2_0_ from tbl_meter meterentit0_ where meterentit0_.id=?
2019-03-05 09:24:44.754 [http-nio-9257-exec-5] DEBUG org.hibernate.SQL - select meterentit0_.id as id1_2_0_, meterentit0_.groupId as groupId4_2_0_, meterentit0_.name as name2_2_0_, meterentit0_.updateTime as updateTi3_2_0_ from tbl_meter meterentit0_ where meterentit0_.id=?
2019-03-05 09:24:44.756 [http-nio-9257-exec-5] DEBUG org.hibernate.SQL - select meterentit0_.id as id1_2_0_, meterentit0_.groupId as groupId4_2_0_, meterentit0_.name as name2_2_0_, meterentit0_.updateTime as updateTi3_2_0_ from tbl_meter meterentit0_ where meterentit0_.id=?
2019-03-05 09:24:44.759 [http-nio-9257-exec-5] DEBUG org.hibernate.SQL - select genpoweren0_.time as time1_0_, genpoweren0_.meterId as meterId2_0_, genpoweren0_.value as value3_0_ from tbl_genpower genpoweren0_ where genpoweren0_.meterId=? and genpoweren0_.time>=? and genpoweren0_.time<?
2019-03-05 09:24:44.761 [http-nio-9257-exec-5] DEBUG org.hibernate.SQL - select genpoweren0_.time as time1_0_, genpoweren0_.meterId as meterId2_0_, genpoweren0_.value as value3_0_ from tbl_genpower genpoweren0_ where genpoweren0_.meterId=? and genpoweren0_.time>=? and genpoweren0_.time<?
2019-03-05 09:24:44.763 [http-nio-9257-exec-5] DEBUG org.hibernate.SQL - select genpoweren0_.time as time1_0_, genpoweren0_.meterId as meterId2_0_, genpoweren0_.value as value3_0_ from tbl_genpower genpoweren0_ where genpoweren0_.meterId=? and genpoweren0_.time>=? and genpoweren0_.time<?
2019-03-05 09:24:44.765 [http-nio-9257-exec-5] DEBUG org.hibernate.SQL - select genpoweren0_.time as time1_0_, genpoweren0_.meterId as meterId2_0_, genpoweren0_.value as value3_0_ from tbl_genpower genpoweren0_ where genpoweren0_.meterId=? and genpoweren0_.time>=? and genpoweren0_.time<?
2019-03-05 09:24:44.766 [http-nio-9257-exec-5] DEBUG org.hibernate.SQL - select genpoweren0_.time as time1_0_, genpoweren0_.meterId as meterId2_0_, genpoweren0_.value as value3_0_ from tbl_genpower genpoweren0_ where genpoweren0_.meterId=? and genpoweren0_.time>=? and genpoweren0_.time<?
2019-03-05 09:24:44.768 [http-nio-9257-exec-5] DEBUG org.hibernate.SQL - select genpoweren0_.time as time1_0_, genpoweren0_.meterId as meterId2_0_, genpoweren0_.value as value3_0_ from tbl_genpower genpoweren0_ where genpoweren0_.meterId=? and genpoweren0_.time>=? and genpoweren0_.time<?
2019-03-05 09:24:44.792 [http-nio-9257-exec-6] DEBUG org.hibernate.SQL - select plantentit0_.id as id1_7_, plantentit0_.capacity as capacity2_7_, plantentit0_.maintaining as maintain3_7_, plantentit0_.meterId as meterId6_7_, plantentit0_.name as name4_7_, plantentit0_.updateTime as updateTi5_7_ from tbl_plant plantentit0_
2019-03-05 09:24:44.794 [http-nio-9257-exec-6] DEBUG org.hibernate.SQL - select meterentit0_.id as id1_2_0_, meterentit0_.groupId as groupId4_2_0_, meterentit0_.name as name2_2_0_, meterentit0_.updateTime as updateTi3_2_0_ from tbl_meter meterentit0_ where meterentit0_.id=?
2019-03-05 09:24:44.795 [http-nio-9257-exec-6] DEBUG org.hibernate.SQL - select meterentit0_.id as id1_2_0_, meterentit0_.groupId as groupId4_2_0_, meterentit0_.name as name2_2_0_, meterentit0_.updateTime as updateTi3_2_0_ from tbl_meter meterentit0_ where meterentit0_.id=?
2019-03-05 09:24:44.796 [http-nio-9257-exec-6] DEBUG org.hibernate.SQL - select meterentit0_.id as id1_2_0_, meterentit0_.groupId as groupId4_2_0_, meterentit0_.name as name2_2_0_, meterentit0_.updateTime as updateTi3_2_0_ from tbl_meter meterentit0_ where meterentit0_.id=?
2019-03-05 09:24:44.797 [http-nio-9257-exec-6] DEBUG org.hibernate.SQL - select meterentit0_.id as id1_2_0_, meterentit0_.groupId as groupId4_2_0_, meterentit0_.name as name2_2_0_, meterentit0_.updateTime as updateTi3_2_0_ from tbl_meter meterentit0_ where meterentit0_.id=?
2019-03-05 09:24:44.798 [http-nio-9257-exec-6] DEBUG org.hibernate.SQL - select meterentit0_.id as id1_2_0_, meterentit0_.groupId as groupId4_2_0_, meterentit0_.name as name2_2_0_, meterentit0_.updateTime as updateTi3_2_0_ from tbl_meter meterentit0_ where meterentit0_.id=?
2019-03-05 09:24:44.799 [http-nio-9257-exec-6] DEBUG org.hibernate.SQL - select meterentit0_.id as id1_2_0_, meterentit0_.groupId as groupId4_2_0_, meterentit0_.name as name2_2_0_, meterentit0_.updateTime as updateTi3_2_0_ from tbl_meter meterentit0_ where meterentit0_.id=?
2019-03-05 09:24:44.803 [http-nio-9257-exec-6] DEBUG org.hibernate.SQL - select genpoweren0_.time as time1_0_, genpoweren0_.meterId as meterId2_0_, genpoweren0_.value as value3_0_ from tbl_genpower genpoweren0_ where genpoweren0_.meterId=? and genpoweren0_.time>=? and genpoweren0_.time<?
2019-03-05 09:24:44.805 [http-nio-9257-exec-6] DEBUG org.hibernate.SQL - select genpoweren0_.time as time1_0_, genpoweren0_.meterId as meterId2_0_, genpoweren0_.value as value3_0_ from tbl_genpower genpoweren0_ where genpoweren0_.meterId=? and genpoweren0_.time>=? and genpoweren0_.time<?
2019-03-05 09:24:44.806 [http-nio-9257-exec-6] DEBUG org.hibernate.SQL - select genpoweren0_.time as time1_0_, genpoweren0_.meterId as meterId2_0_, genpoweren0_.value as value3_0_ from tbl_genpower genpoweren0_ where genpoweren0_.meterId=? and genpoweren0_.time>=? and genpoweren0_.time<?
2019-03-05 09:24:44.808 [http-nio-9257-exec-6] DEBUG org.hibernate.SQL - select genpoweren0_.time as time1_0_, genpoweren0_.meterId as meterId2_0_, genpoweren0_.value as value3_0_ from tbl_genpower genpoweren0_ where genpoweren0_.meterId=? and genpoweren0_.time>=? and genpoweren0_.time<?
2019-03-05 09:24:44.809 [http-nio-9257-exec-6] DEBUG org.hibernate.SQL - select genpoweren0_.time as time1_0_, genpoweren0_.meterId as meterId2_0_, genpoweren0_.value as value3_0_ from tbl_genpower genpoweren0_ where genpoweren0_.meterId=? and genpoweren0_.time>=? and genpoweren0_.time<?
2019-03-05 09:24:44.812 [http-nio-9257-exec-6] DEBUG org.hibernate.SQL - select genpoweren0_.time as time1_0_, genpoweren0_.meterId as meterId2_0_, genpoweren0_.value as value3_0_ from tbl_genpower genpoweren0_ where genpoweren0_.meterId=? and genpoweren0_.time>=? and genpoweren0_.time<?
2019-03-05 09:24:44.873 [http-nio-9257-exec-8] DEBUG org.hibernate.SQL - select plantentit0_.id as id1_7_, plantentit0_.capacity as capacity2_7_, plantentit0_.maintaining as maintain3_7_, plantentit0_.meterId as meterId6_7_, plantentit0_.name as name4_7_, plantentit0_.updateTime as updateTi5_7_ from tbl_plant plantentit0_
2019-03-05 09:24:44.874 [http-nio-9257-exec-8] DEBUG org.hibernate.SQL - select meterentit0_.id as id1_2_0_, meterentit0_.groupId as groupId4_2_0_, meterentit0_.name as name2_2_0_, meterentit0_.updateTime as updateTi3_2_0_ from tbl_meter meterentit0_ where meterentit0_.id=?
2019-03-05 09:24:44.875 [http-nio-9257-exec-8] DEBUG org.hibernate.SQL - select meterentit0_.id as id1_2_0_, meterentit0_.groupId as groupId4_2_0_, meterentit0_.name as name2_2_0_, meterentit0_.updateTime as updateTi3_2_0_ from tbl_meter meterentit0_ where meterentit0_.id=?
2019-03-05 09:24:44.876 [http-nio-9257-exec-8] DEBUG org.hibernate.SQL - select meterentit0_.id as id1_2_0_, meterentit0_.groupId as groupId4_2_0_, meterentit0_.name as name2_2_0_, meterentit0_.updateTime as updateTi3_2_0_ from tbl_meter meterentit0_ where meterentit0_.id=?
2019-03-05 09:24:44.878 [http-nio-9257-exec-8] DEBUG org.hibernate.SQL - select meterentit0_.id as id1_2_0_, meterentit0_.groupId as groupId4_2_0_, meterentit0_.name as name2_2_0_, meterentit0_.updateTime as updateTi3_2_0_ from tbl_meter meterentit0_ where meterentit0_.id=?
2019-03-05 09:24:44.880 [http-nio-9257-exec-8] DEBUG org.hibernate.SQL - select meterentit0_.id as id1_2_0_, meterentit0_.groupId as groupId4_2_0_, meterentit0_.name as name2_2_0_, meterentit0_.updateTime as updateTi3_2_0_ from tbl_meter meterentit0_ where meterentit0_.id=?
2019-03-05 09:24:44.881 [http-nio-9257-exec-8] DEBUG org.hibernate.SQL - select meterentit0_.id as id1_2_0_, meterentit0_.groupId as groupId4_2_0_, meterentit0_.name as name2_2_0_, meterentit0_.updateTime as updateTi3_2_0_ from tbl_meter meterentit0_ where meterentit0_.id=?
2019-03-05 09:24:44.885 [http-nio-9257-exec-8] DEBUG org.hibernate.SQL - select genpoweren0_.time as time1_0_, genpoweren0_.meterId as meterId2_0_, genpoweren0_.value as value3_0_ from tbl_genpower genpoweren0_ where genpoweren0_.meterId=? and genpoweren0_.time>=? and genpoweren0_.time<?
2019-03-05 09:24:44.886 [http-nio-9257-exec-8] DEBUG org.hibernate.SQL - select genpoweren0_.time as time1_0_, genpoweren0_.meterId as meterId2_0_, genpoweren0_.value as value3_0_ from tbl_genpower genpoweren0_ where genpoweren0_.meterId=? and genpoweren0_.time>=? and genpoweren0_.time<?
2019-03-05 09:24:44.888 [http-nio-9257-exec-8] DEBUG org.hibernate.SQL - select genpoweren0_.time as time1_0_, genpoweren0_.meterId as meterId2_0_, genpoweren0_.value as value3_0_ from tbl_genpower genpoweren0_ where genpoweren0_.meterId=? and genpoweren0_.time>=? and genpoweren0_.time<?
2019-03-05 09:24:44.891 [http-nio-9257-exec-8] DEBUG org.hibernate.SQL - select genpoweren0_.time as time1_0_, genpoweren0_.meterId as meterId2_0_, genpoweren0_.value as value3_0_ from tbl_genpower genpoweren0_ where genpoweren0_.meterId=? and genpoweren0_.time>=? and genpoweren0_.time<?
2019-03-05 09:24:44.892 [http-nio-9257-exec-8] DEBUG org.hibernate.SQL - select genpoweren0_.time as time1_0_, genpoweren0_.meterId as meterId2_0_, genpoweren0_.value as value3_0_ from tbl_genpower genpoweren0_ where genpoweren0_.meterId=? and genpoweren0_.time>=? and genpoweren0_.time<?
2019-03-05 09:24:44.894 [http-nio-9257-exec-8] DEBUG org.hibernate.SQL - select genpoweren0_.time as time1_0_, genpoweren0_.meterId as meterId2_0_, genpoweren0_.value as value3_0_ from tbl_genpower genpoweren0_ where genpoweren0_.meterId=? and genpoweren0_.time>=? and genpoweren0_.time<?
2019-03-05 09:24:44.896 [http-nio-9257-exec-8] DEBUG org.hibernate.SQL - select genpoweren0_.time as time1_0_, genpoweren0_.meterId as meterId2_0_, genpoweren0_.value as value3_0_ from tbl_genpower genpoweren0_ where genpoweren0_.meterId=? and genpoweren0_.time>=? and genpoweren0_.time<?
2019-03-05 09:24:44.899 [http-nio-9257-exec-8] DEBUG org.hibernate.SQL - select genpoweren0_.time as time1_0_, genpoweren0_.meterId as meterId2_0_, genpoweren0_.value as value3_0_ from tbl_genpower genpoweren0_ where genpoweren0_.meterId=? and genpoweren0_.time>=? and genpoweren0_.time<?
2019-03-05 09:24:44.900 [http-nio-9257-exec-8] DEBUG org.hibernate.SQL - select genpoweren0_.time as time1_0_, genpoweren0_.meterId as meterId2_0_, genpoweren0_.value as value3_0_ from tbl_genpower genpoweren0_ where genpoweren0_.meterId=? and genpoweren0_.time>=? and genpoweren0_.time<?
2019-03-05 09:24:44.902 [http-nio-9257-exec-8] DEBUG org.hibernate.SQL - select genpoweren0_.time as time1_0_, genpoweren0_.meterId as meterId2_0_, genpoweren0_.value as value3_0_ from tbl_genpower genpoweren0_ where genpoweren0_.meterId=? and genpoweren0_.time>=? and genpoweren0_.time<?
2019-03-05 09:24:44.903 [http-nio-9257-exec-8] DEBUG org.hibernate.SQL - select genpoweren0_.time as time1_0_, genpoweren0_.meterId as meterId2_0_, genpoweren0_.value as value3_0_ from tbl_genpower genpoweren0_ where genpoweren0_.meterId=? and genpoweren0_.time>=? and genpoweren0_.time<?
2019-03-05 09:24:44.904 [http-nio-9257-exec-8] DEBUG org.hibernate.SQL - select genpoweren0_.time as time1_0_, genpoweren0_.meterId as meterId2_0_, genpoweren0_.value as value3_0_ from tbl_genpower genpoweren0_ where genpoweren0_.meterId=? and genpoweren0_.time>=? and genpoweren0_.time<?
2019-03-05 09:27:00.641 [http-nio-9257-exec-10] DEBUG org.hibernate.SQL - insert into tbl_loginlog (deleted, `group`, loginTime, updateTime, user) values (?, ?, ?, ?, ?)
2019-03-05 09:27:30.166 [http-nio-9257-exec-1] DEBUG org.hibernate.SQL - select loginlogen0_.id as id1_1_, loginlogen0_.deleted as deleted2_1_, loginlogen0_.`group` as group3_1_, loginlogen0_.loginTime as loginTim4_1_, loginlogen0_.updateTime as updateTi5_1_, loginlogen0_.user as user6_1_ from tbl_loginlog loginlogen0_ where loginlogen0_.loginTime between ? and ?
2019-03-05 09:27:50.047 [http-nio-9257-exec-3] DEBUG org.hibernate.SQL - select metergroup0_.id as id1_4_0_, metergroup0_.name as name2_4_0_ from tbl_metergroup metergroup0_ where metergroup0_.id=?
2019-03-05 09:27:50.051 [http-nio-9257-exec-3] DEBUG org.hibernate.SQL - select meterset0_.groupId as groupId4_2_0_, meterset0_.id as id1_2_0_, meterset0_.id as id1_2_1_, meterset0_.groupId as groupId4_2_1_, meterset0_.name as name2_2_1_, meterset0_.updateTime as updateTi3_2_1_ from tbl_meter meterset0_ where meterset0_.groupId=?
2019-03-05 09:27:50.053 [http-nio-9257-exec-3] DEBUG org.hibernate.SQL - select genpoweren0_.time as time1_0_, genpoweren0_.meterId as meterId2_0_, genpoweren0_.value as value3_0_ from tbl_genpower genpoweren0_ where (genpoweren0_.meterId in (? , ? , ? , ? , ? , ?)) and genpoweren0_.time>=? and genpoweren0_.time<?
2019-03-05 09:27:50.058 [http-nio-9257-exec-3] DEBUG org.hibernate.SQL - select genpoweren0_.time as time1_0_, genpoweren0_.meterId as meterId2_0_, genpoweren0_.value as value3_0_ from tbl_genpower genpoweren0_ where (genpoweren0_.meterId in (? , ? , ? , ? , ? , ?)) and genpoweren0_.time>=? and genpoweren0_.time<?
2019-03-05 09:27:50.062 [http-nio-9257-exec-3] DEBUG org.hibernate.SQL - select metergroup0_.id as id1_4_0_, metergroup0_.name as name2_4_0_ from tbl_metergroup metergroup0_ where metergroup0_.id=?
2019-03-05 09:27:50.065 [http-nio-9257-exec-3] DEBUG org.hibernate.SQL - select meterset0_.groupId as groupId4_2_0_, meterset0_.id as id1_2_0_, meterset0_.id as id1_2_1_, meterset0_.groupId as groupId4_2_1_, meterset0_.name as name2_2_1_, meterset0_.updateTime as updateTi3_2_1_ from tbl_meter meterset0_ where meterset0_.groupId=?
2019-03-05 09:27:50.068 [http-nio-9257-exec-3] DEBUG org.hibernate.SQL - select genpoweren0_.time as time1_0_, genpoweren0_.meterId as meterId2_0_, genpoweren0_.value as value3_0_ from tbl_genpower genpoweren0_ where (genpoweren0_.meterId in (? , ? , ? , ? , ? , ? , ? , ? , ? , ? , ?)) and genpoweren0_.time>=? and genpoweren0_.time<?
2019-03-05 09:28:10.412 [http-nio-9257-exec-2] DEBUG org.hibernate.SQL - select planpowere0_.id as id1_6_, planpowere0_.planPower as planPowe2_6_, planpowere0_.updateTime as updateTi3_6_, planpowere0_.year as year4_6_ from tbl_planpower planpowere0_
2019-03-05 09:28:43.898 [http-nio-9257-exec-4] DEBUG org.hibernate.SQL - select planpowere0_.id as id1_6_, planpowere0_.planPower as planPowe2_6_, planpowere0_.updateTime as updateTi3_6_, planpowere0_.year as year4_6_ from tbl_planpower planpowere0_ where planpowere0_.year=?
2019-03-05 09:28:43.901 [http-nio-9257-exec-4] DEBUG org.hibernate.SQL - select planpowere0_.id as id1_6_, planpowere0_.planPower as planPowe2_6_, planpowere0_.updateTime as updateTi3_6_, planpowere0_.year as year4_6_ from tbl_planpower planpowere0_ where planpowere0_.year=?
2019-03-05 09:28:43.907 [http-nio-9257-exec-4] DEBUG org.hibernate.SQL - insert into tbl_planpower (planPower, updateTime, year) values (?, ?, ?)
2019-03-05 09:29:13.119 [http-nio-9257-exec-5] DEBUG org.hibernate.SQL - update tbl_planpower set planPower=? where id=?
2019-03-05 09:29:13.126 [http-nio-9257-exec-5] DEBUG org.hibernate.SQL - update tbl_planpower set planPower=? where id=?
2019-03-05 09:30:14.233 [http-nio-9257-exec-7] DEBUG org.hibernate.SQL - select planpowere0_.id as id1_6_, planpowere0_.planPower as planPowe2_6_, planpowere0_.updateTime as updateTi3_6_, planpowere0_.year as year4_6_ from tbl_planpower planpowere0_ where planpowere0_.year=?
2019-03-05 09:30:14.236 [http-nio-9257-exec-7] DEBUG org.hibernate.SQL - select planpowere0_.id as id1_6_, planpowere0_.planPower as planPowe2_6_, planpowere0_.updateTime as updateTi3_6_, planpowere0_.year as year4_6_ from tbl_planpower planpowere0_ where planpowere0_.year=?
2019-03-05 09:30:18.774 [http-nio-9257-exec-8] DEBUG org.hibernate.SQL - update tbl_planpower set planPower=? where id=?
2019-03-05 09:30:22.016 [http-nio-9257-exec-9] DEBUG org.hibernate.SQL - delete from tbl_planpower where id=?
2019-03-05 09:31:07.091 [http-nio-9257-exec-10] DEBUG org.hibernate.SQL - select meterentit0_.id as id1_2_, meterentit0_.groupId as groupId4_2_, meterentit0_.name as name2_2_, meterentit0_.updateTime as updateTi3_2_ from tbl_meter meterentit0_
2019-03-05 09:31:07.096 [http-nio-9257-exec-10] DEBUG org.hibernate.SQL - select metergroup0_.id as id1_4_0_, metergroup0_.name as name2_4_0_ from tbl_metergroup metergroup0_ where metergroup0_.id=?
2019-03-05 09:31:07.098 [http-nio-9257-exec-10] DEBUG org.hibernate.SQL - select metergroup0_.id as id1_4_0_, metergroup0_.name as name2_4_0_ from tbl_metergroup metergroup0_ where metergroup0_.id=?
2019-03-05 09:31:07.099 [http-nio-9257-exec-10] DEBUG org.hibernate.SQL - select metergroup0_.id as id1_4_0_, metergroup0_.name as name2_4_0_ from tbl_metergroup metergroup0_ where metergroup0_.id=?
2019-03-05 09:31:20.154 [http-nio-9257-exec-1] DEBUG org.hibernate.SQL - select meterratee0_.id as id1_5_, meterratee0_.comment as comment2_5_, meterratee0_.deleted as deleted3_5_, meterratee0_.endTime as endTime4_5_, meterratee0_.meterId as meterId9_5_, meterratee0_.name as name5_5_, meterratee0_.rate as rate6_5_, meterratee0_.startTime as startTim7_5_, meterratee0_.updateTime as updateTi8_5_ from tbl_meterrate meterratee0_ left outer join tbl_meter meterentit1_ on meterratee0_.meterId=meterentit1_.id where meterentit1_.id=?
2019-03-05 09:31:20.156 [http-nio-9257-exec-1] DEBUG org.hibernate.SQL - select meterentit0_.id as id1_2_0_, meterentit0_.groupId as groupId4_2_0_, meterentit0_.name as name2_2_0_, meterentit0_.updateTime as updateTi3_2_0_ from tbl_meter meterentit0_ where meterentit0_.id=?
2019-03-05 09:32:43.664 [http-nio-9257-exec-2] DEBUG org.hibernate.SQL - insert into tbl_meterrate (comment, deleted, endTime, meterId, name, rate, startTime, updateTime) values (?, ?, ?, ?, ?, ?, ?, ?)
2019-03-05 09:33:26.765 [http-nio-9257-exec-4] DEBUG org.hibernate.SQL - update tbl_meterrate set rate=?, startTime=?, endTime=? where id=?
2019-03-05 09:33:32.335 [http-nio-9257-exec-5] DEBUG org.hibernate.SQL - select meterratee0_.id as id1_5_, meterratee0_.comment as comment2_5_, meterratee0_.deleted as deleted3_5_, meterratee0_.endTime as endTime4_5_, meterratee0_.meterId as meterId9_5_, meterratee0_.name as name5_5_, meterratee0_.rate as rate6_5_, meterratee0_.startTime as startTim7_5_, meterratee0_.updateTime as updateTi8_5_ from tbl_meterrate meterratee0_ left outer join tbl_meter meterentit1_ on meterratee0_.meterId=meterentit1_.id where meterentit1_.id=?
2019-03-05 09:33:32.338 [http-nio-9257-exec-5] DEBUG org.hibernate.SQL - select meterentit0_.id as id1_2_0_, meterentit0_.groupId as groupId4_2_0_, meterentit0_.name as name2_2_0_, meterentit0_.updateTime as updateTi3_2_0_ from tbl_meter meterentit0_ where meterentit0_.id=?
2019-03-05 09:33:44.371 [http-nio-9257-exec-6] DEBUG org.hibernate.SQL - update tbl_meterrate set rate=?, startTime=?, endTime=? where id=?
2019-03-05 09:34:00.581 [http-nio-9257-exec-7] DEBUG org.hibernate.SQL - delete from tbl_meterrate where id=?
2019-03-05 09:34:09.273 [http-nio-9257-exec-8] DEBUG org.hibernate.SQL - delete from tbl_meterrate where id=?
2019-03-05 09:34:40.018 [http-nio-9257-exec-9] DEBUG org.hibernate.SQL - select plantentit0_.id as id1_7_, plantentit0_.capacity as capacity2_7_, plantentit0_.maintaining as maintain3_7_, plantentit0_.meterId as meterId6_7_, plantentit0_.name as name4_7_, plantentit0_.updateTime as updateTi5_7_ from tbl_plant plantentit0_
2019-03-05 09:34:40.020 [http-nio-9257-exec-9] DEBUG org.hibernate.SQL - select meterentit0_.id as id1_2_0_, meterentit0_.groupId as groupId4_2_0_, meterentit0_.name as name2_2_0_, meterentit0_.updateTime as updateTi3_2_0_ from tbl_meter meterentit0_ where meterentit0_.id=?
2019-03-05 09:34:40.021 [http-nio-9257-exec-9] DEBUG org.hibernate.SQL - select meterentit0_.id as id1_2_0_, meterentit0_.groupId as groupId4_2_0_, meterentit0_.name as name2_2_0_, meterentit0_.updateTime as updateTi3_2_0_ from tbl_meter meterentit0_ where meterentit0_.id=?
2019-03-05 09:34:40.022 [http-nio-9257-exec-9] DEBUG org.hibernate.SQL - select meterentit0_.id as id1_2_0_, meterentit0_.groupId as groupId4_2_0_, meterentit0_.name as name2_2_0_, meterentit0_.updateTime as updateTi3_2_0_ from tbl_meter meterentit0_ where meterentit0_.id=?
2019-03-05 09:34:40.024 [http-nio-9257-exec-9] DEBUG org.hibernate.SQL - select meterentit0_.id as id1_2_0_, meterentit0_.groupId as groupId4_2_0_, meterentit0_.name as name2_2_0_, meterentit0_.updateTime as updateTi3_2_0_ from tbl_meter meterentit0_ where meterentit0_.id=?
2019-03-05 09:34:40.025 [http-nio-9257-exec-9] DEBUG org.hibernate.SQL - select meterentit0_.id as id1_2_0_, meterentit0_.groupId as groupId4_2_0_, meterentit0_.name as name2_2_0_, meterentit0_.updateTime as updateTi3_2_0_ from tbl_meter meterentit0_ where meterentit0_.id=?
2019-03-05 09:34:40.026 [http-nio-9257-exec-9] DEBUG org.hibernate.SQL - select meterentit0_.id as id1_2_0_, meterentit0_.groupId as groupId4_2_0_, meterentit0_.name as name2_2_0_, meterentit0_.updateTime as updateTi3_2_0_ from tbl_meter meterentit0_ where meterentit0_.id=?
2019-03-05 09:36:39.678 [http-nio-9257-exec-1] DEBUG org.hibernate.SQL - update tbl_plant set maintaining=? where id=?
2019-03-05 09:36:39.683 [http-nio-9257-exec-1] DEBUG org.hibernate.SQL - update tbl_plant set maintaining=? where id=?
2019-03-05 10:38:45.302 [http-nio-9257-exec-1] DEBUG org.hibernate.SQL - select plantentit0_.id as id1_7_, plantentit0_.capacity as capacity2_7_, plantentit0_.maintaining as maintain3_7_, plantentit0_.meterId as meterId6_7_, plantentit0_.name as name4_7_, plantentit0_.updateTime as updateTi5_7_ from tbl_plant plantentit0_
2019-03-05 10:38:45.421 [http-nio-9257-exec-1] DEBUG org.hibernate.SQL - select meterentit0_.id as id1_2_0_, meterentit0_.groupId as groupId4_2_0_, meterentit0_.name as name2_2_0_, meterentit0_.updateTime as updateTi3_2_0_ from tbl_meter meterentit0_ where meterentit0_.id=?
2019-03-05 10:38:45.437 [http-nio-9257-exec-1] DEBUG org.hibernate.SQL - select meterentit0_.id as id1_2_0_, meterentit0_.groupId as groupId4_2_0_, meterentit0_.name as name2_2_0_, meterentit0_.updateTime as updateTi3_2_0_ from tbl_meter meterentit0_ where meterentit0_.id=?
2019-03-05 10:38:45.439 [http-nio-9257-exec-1] DEBUG org.hibernate.SQL - select meterentit0_.id as id1_2_0_, meterentit0_.groupId as groupId4_2_0_, meterentit0_.name as name2_2_0_, meterentit0_.updateTime as updateTi3_2_0_ from tbl_meter meterentit0_ where meterentit0_.id=?
2019-03-05 10:38:45.440 [http-nio-9257-exec-1] DEBUG org.hibernate.SQL - select meterentit0_.id as id1_2_0_, meterentit0_.groupId as groupId4_2_0_, meterentit0_.name as name2_2_0_, meterentit0_.updateTime as updateTi3_2_0_ from tbl_meter meterentit0_ where meterentit0_.id=?
2019-03-05 10:38:45.441 [http-nio-9257-exec-1] DEBUG org.hibernate.SQL - select meterentit0_.id as id1_2_0_, meterentit0_.groupId as groupId4_2_0_, meterentit0_.name as name2_2_0_, meterentit0_.updateTime as updateTi3_2_0_ from tbl_meter meterentit0_ where meterentit0_.id=?
2019-03-05 10:38:45.443 [http-nio-9257-exec-1] DEBUG org.hibernate.SQL - select meterentit0_.id as id1_2_0_, meterentit0_.groupId as groupId4_2_0_, meterentit0_.name as name2_2_0_, meterentit0_.updateTime as updateTi3_2_0_ from tbl_meter meterentit0_ where meterentit0_.id=?
2019-03-05 10:38:45.456 [http-nio-9257-exec-1] DEBUG org.hibernate.SQL - select genpoweren0_.time as time1_0_, genpoweren0_.meterId as meterId2_0_, genpoweren0_.value as value3_0_ from tbl_genpower genpoweren0_ where genpoweren0_.meterId=? and genpoweren0_.time>=? and genpoweren0_.time<?
2019-03-05 10:38:45.460 [http-nio-9257-exec-1] DEBUG org.hibernate.SQL - select genpoweren0_.time as time1_0_, genpoweren0_.meterId as meterId2_0_, genpoweren0_.value as value3_0_ from tbl_genpower genpoweren0_ where genpoweren0_.meterId=? and genpoweren0_.time>=? and genpoweren0_.time<?
2019-03-05 10:38:45.462 [http-nio-9257-exec-1] DEBUG org.hibernate.SQL - select genpoweren0_.time as time1_0_, genpoweren0_.meterId as meterId2_0_, genpoweren0_.value as value3_0_ from tbl_genpower genpoweren0_ where genpoweren0_.meterId=? and genpoweren0_.time>=? and genpoweren0_.time<?
2019-03-05 10:38:45.464 [http-nio-9257-exec-1] DEBUG org.hibernate.SQL - select genpoweren0_.time as time1_0_, genpoweren0_.meterId as meterId2_0_, genpoweren0_.value as value3_0_ from tbl_genpower genpoweren0_ where genpoweren0_.meterId=? and genpoweren0_.time>=? and genpoweren0_.time<?
2019-03-05 10:38:45.466 [http-nio-9257-exec-1] DEBUG org.hibernate.SQL - select genpoweren0_.time as time1_0_, genpoweren0_.meterId as meterId2_0_, genpoweren0_.value as value3_0_ from tbl_genpower genpoweren0_ where genpoweren0_.meterId=? and genpoweren0_.time>=? and genpoweren0_.time<?
2019-03-05 10:38:45.468 [http-nio-9257-exec-1] DEBUG org.hibernate.SQL - select genpoweren0_.time as time1_0_, genpoweren0_.meterId as meterId2_0_, genpoweren0_.value as value3_0_ from tbl_genpower genpoweren0_ where genpoweren0_.meterId=? and genpoweren0_.time>=? and genpoweren0_.time<?
2019-03-05 10:38:45.470 [http-nio-9257-exec-1] DEBUG org.hibernate.SQL - select genpoweren0_.time as time1_0_, genpoweren0_.meterId as meterId2_0_, genpoweren0_.value as value3_0_ from tbl_genpower genpoweren0_ where genpoweren0_.meterId=? and genpoweren0_.time>=? and genpoweren0_.time<?
2019-03-05 10:38:45.472 [http-nio-9257-exec-1] DEBUG org.hibernate.SQL - select genpoweren0_.time as time1_0_, genpoweren0_.meterId as meterId2_0_, genpoweren0_.value as value3_0_ from tbl_genpower genpoweren0_ where genpoweren0_.meterId=? and genpoweren0_.time>=? and genpoweren0_.time<?
2019-03-05 10:38:45.473 [http-nio-9257-exec-1] DEBUG org.hibernate.SQL - select genpoweren0_.time as time1_0_, genpoweren0_.meterId as meterId2_0_, genpoweren0_.value as value3_0_ from tbl_genpower genpoweren0_ where genpoweren0_.meterId=? and genpoweren0_.time>=? and genpoweren0_.time<?
2019-03-05 10:38:45.475 [http-nio-9257-exec-1] DEBUG org.hibernate.SQL - select genpoweren0_.time as time1_0_, genpoweren0_.meterId as meterId2_0_, genpoweren0_.value as value3_0_ from tbl_genpower genpoweren0_ where genpoweren0_.meterId=? and genpoweren0_.time>=? and genpoweren0_.time<?
2019-03-05 10:38:45.478 [http-nio-9257-exec-1] DEBUG org.hibernate.SQL - select genpoweren0_.time as time1_0_, genpoweren0_.meterId as meterId2_0_, genpoweren0_.value as value3_0_ from tbl_genpower genpoweren0_ where genpoweren0_.meterId=? and genpoweren0_.time>=? and genpoweren0_.time<?
2019-03-05 10:38:45.480 [http-nio-9257-exec-1] DEBUG org.hibernate.SQL - select genpoweren0_.time as time1_0_, genpoweren0_.meterId as meterId2_0_, genpoweren0_.value as value3_0_ from tbl_genpower genpoweren0_ where genpoweren0_.meterId=? and genpoweren0_.time>=? and genpoweren0_.time<?
2019-03-05 10:39:16.980 [http-nio-9257-exec-2] DEBUG org.hibernate.SQL - select metergroup0_.id as id1_4_0_, metergroup0_.name as name2_4_0_ from tbl_metergroup metergroup0_ where metergroup0_.id=?
2019-03-05 10:39:17.001 [http-nio-9257-exec-2] DEBUG org.hibernate.SQL - select meterset0_.groupId as groupId4_2_0_, meterset0_.id as id1_2_0_, meterset0_.id as id1_2_1_, meterset0_.groupId as groupId4_2_1_, meterset0_.name as name2_2_1_, meterset0_.updateTime as updateTi3_2_1_ from tbl_meter meterset0_ where meterset0_.groupId=?
2019-03-05 10:39:17.047 [http-nio-9257-exec-2] DEBUG org.hibernate.SQL - select genpoweren0_.time as time1_0_, genpoweren0_.meterId as meterId2_0_, genpoweren0_.value as value3_0_ from tbl_genpower genpoweren0_ where genpoweren0_.time>=? and genpoweren0_.time<? and (genpoweren0_.meterId in (2001 , 2004 , 2005 , 2002 , 2003 , 2006))
2019-03-05 10:39:17.057 [http-nio-9257-exec-2] DEBUG org.hibernate.SQL - select genpoweren0_.time as time1_0_, genpoweren0_.meterId as meterId2_0_, genpoweren0_.value as value3_0_ from tbl_genpower genpoweren0_ where genpoweren0_.time>=? and genpoweren0_.time<? and (genpoweren0_.meterId in (2001 , 2004 , 2005 , 2002 , 2003 , 2006))
2019-03-05 10:39:17.067 [http-nio-9257-exec-2] DEBUG org.hibernate.SQL - select metergroup0_.id as id1_4_0_, metergroup0_.name as name2_4_0_ from tbl_metergroup metergroup0_ where metergroup0_.id=?
2019-03-05 10:39:17.072 [http-nio-9257-exec-2] DEBUG org.hibernate.SQL - select meterset0_.groupId as groupId4_2_0_, meterset0_.id as id1_2_0_, meterset0_.id as id1_2_1_, meterset0_.groupId as groupId4_2_1_, meterset0_.name as name2_2_1_, meterset0_.updateTime as updateTi3_2_1_ from tbl_meter meterset0_ where meterset0_.groupId=?
2019-03-05 10:39:17.080 [http-nio-9257-exec-2] DEBUG org.hibernate.SQL - select genpoweren0_.time as time1_0_, genpoweren0_.meterId as meterId2_0_, genpoweren0_.value as value3_0_ from tbl_genpower genpoweren0_ where genpoweren0_.time>=? and genpoweren0_.time<? and (genpoweren0_.meterId in (1001 , 1003 , 1002 , 1008 , 1011 , 1006 , 1005 , 1009 , 1004 , 1007 , 1010))
2019-03-05 11:45:57.434 [http-nio-9257-exec-1] DEBUG org.hibernate.SQL - select metergroup0_.id as id1_4_0_, metergroup0_.name as name2_4_0_ from tbl_metergroup metergroup0_ where metergroup0_.id=?
2019-03-05 11:45:57.463 [http-nio-9257-exec-1] DEBUG org.hibernate.SQL - select meterset0_.groupId as groupId4_2_0_, meterset0_.id as id1_2_0_, meterset0_.id as id1_2_1_, meterset0_.groupId as groupId4_2_1_, meterset0_.name as name2_2_1_, meterset0_.updateTime as updateTi3_2_1_ from tbl_meter meterset0_ where meterset0_.groupId=?
2019-03-05 11:45:57.496 [http-nio-9257-exec-1] DEBUG org.hibernate.SQL - select genpoweren0_.time as time1_0_, genpoweren0_.meterId as meterId2_0_, genpoweren0_.value as value3_0_ from tbl_genpower genpoweren0_ where genpoweren0_.time>=? and genpoweren0_.time<? and (genpoweren0_.meterId in (2001 , 2004 , 2005 , 2002 , 2003 , 2006))
2019-03-05 11:45:57.508 [http-nio-9257-exec-1] DEBUG org.hibernate.SQL - select genpoweren0_.time as time1_0_, genpoweren0_.meterId as meterId2_0_, genpoweren0_.value as value3_0_ from tbl_genpower genpoweren0_ where genpoweren0_.time>=? and genpoweren0_.time<? and (genpoweren0_.meterId in (2001 , 2004 , 2005 , 2002 , 2003 , 2006))
2019-03-05 11:45:57.516 [http-nio-9257-exec-1] DEBUG org.hibernate.SQL - select metergroup0_.id as id1_4_0_, metergroup0_.name as name2_4_0_ from tbl_metergroup metergroup0_ where metergroup0_.id=?
2019-03-05 11:45:57.520 [http-nio-9257-exec-1] DEBUG org.hibernate.SQL - select meterset0_.groupId as groupId4_2_0_, meterset0_.id as id1_2_0_, meterset0_.id as id1_2_1_, meterset0_.groupId as groupId4_2_1_, meterset0_.name as name2_2_1_, meterset0_.updateTime as updateTi3_2_1_ from tbl_meter meterset0_ where meterset0_.groupId=?
2019-03-05 11:45:57.528 [http-nio-9257-exec-1] DEBUG org.hibernate.SQL - select genpoweren0_.time as time1_0_, genpoweren0_.meterId as meterId2_0_, genpoweren0_.value as value3_0_ from tbl_genpower genpoweren0_ where genpoweren0_.time>=? and genpoweren0_.time<? and (genpoweren0_.meterId in (1001 , 1003 , 1002 , 1008 , 1011 , 1006 , 1005 , 1009 , 1004 , 1007 , 1010))
